<?xml version="1.0" encoding="UTF-8"?>
<testsuite xmlns:xsi="http://www.w3.org/2001/XMLSchema-instance" xsi:noNamespaceSchemaLocation="https://maven.apache.org/surefire/maven-surefire-plugin/xsd/surefire-test-report.xsd" version="3.0.2" name="TestSuite" time="166.908" tests="4" errors="0" skipped="0" failures="1">
  <properties>
    <property name="java.specification.version" value="19"/>
    <property name="sun.jnu.encoding" value="UTF-8"/>
    <property name="java.class.path" value="/Users/user/eclipse-workspace/AppiumFrameworkDesign/target/test-classes:/Users/user/eclipse-workspace/AppiumFrameworkDesign/target/classes:/Users/user/.m2/repository/io/appium/java-client/9.2.3/java-client-9.2.3.jar:/Users/user/.m2/repository/org/seleniumhq/selenium/selenium-api/4.23.0/selenium-api-4.23.0.jar:/Users/user/.m2/repository/org/seleniumhq/selenium/selenium-remote-driver/4.23.0/selenium-remote-driver-4.23.0.jar:/Users/user/.m2/repository/io/opentelemetry/semconv/opentelemetry-semconv/1.25.0-alpha/opentelemetry-semconv-1.25.0-alpha.jar:/Users/user/.m2/repository/io/opentelemetry/opentelemetry-api/1.40.0/opentelemetry-api-1.40.0.jar:/Users/user/.m2/repository/io/opentelemetry/opentelemetry-context/1.40.0/opentelemetry-context-1.40.0.jar:/Users/user/.m2/repository/io/opentelemetry/opentelemetry-exporter-logging/1.40.0/opentelemetry-exporter-logging-1.40.0.jar:/Users/user/.m2/repository/io/opentelemetry/opentelemetry-sdk-common/1.40.0/opentelemetry-sdk-common-1.40.0.jar:/Users/user/.m2/repository/io/opentelemetry/opentelemetry-sdk-extension-autoconfigure-spi/1.40.0/opentelemetry-sdk-extension-autoconfigure-spi-1.40.0.jar:/Users/user/.m2/repository/io/opentelemetry/opentelemetry-sdk-extension-autoconfigure/1.40.0/opentelemetry-sdk-extension-autoconfigure-1.40.0.jar:/Users/user/.m2/repository/io/opentelemetry/opentelemetry-api-incubator/1.40.0-alpha/opentelemetry-api-incubator-1.40.0-alpha.jar:/Users/user/.m2/repository/io/opentelemetry/opentelemetry-sdk-trace/1.40.0/opentelemetry-sdk-trace-1.40.0.jar:/Users/user/.m2/repository/io/opentelemetry/opentelemetry-sdk/1.40.0/opentelemetry-sdk-1.40.0.jar:/Users/user/.m2/repository/io/opentelemetry/opentelemetry-sdk-metrics/1.40.0/opentelemetry-sdk-metrics-1.40.0.jar:/Users/user/.m2/repository/io/opentelemetry/opentelemetry-sdk-logs/1.40.0/opentelemetry-sdk-logs-1.40.0.jar:/Users/user/.m2/repository/org/seleniumhq/selenium/selenium-http/4.23.0/selenium-http-4.23.0.jar:/Users/user/.m2/repository/dev/failsafe/failsafe/3.3.2/failsafe-3.3.2.jar:/Users/user/.m2/repository/org/seleniumhq/selenium/selenium-manager/4.23.0/selenium-manager-4.23.0.jar:/Users/user/.m2/repository/org/seleniumhq/selenium/selenium-os/4.23.0/selenium-os-4.23.0.jar:/Users/user/.m2/repository/org/apache/commons/commons-exec/1.4.0/commons-exec-1.4.0.jar:/Users/user/.m2/repository/com/google/code/gson/gson/2.11.0/gson-2.11.0.jar:/Users/user/.m2/repository/com/google/errorprone/error_prone_annotations/2.27.0/error_prone_annotations-2.27.0.jar:/Users/user/.m2/repository/org/slf4j/slf4j-api/2.0.13/slf4j-api-2.0.13.jar:/Users/user/.m2/repository/org/testng/testng/7.10.2/testng-7.10.2.jar:/Users/user/.m2/repository/com/beust/jcommander/1.82/jcommander-1.82.jar:/Users/user/.m2/repository/org/webjars/jquery/3.7.1/jquery-3.7.1.jar:/Users/user/.m2/repository/org/seleniumhq/selenium/selenium-support/4.22.0/selenium-support-4.22.0.jar:/Users/user/.m2/repository/com/google/auto/service/auto-service-annotations/1.1.1/auto-service-annotations-1.1.1.jar:/Users/user/.m2/repository/com/google/guava/guava/33.2.1-jre/guava-33.2.1-jre.jar:/Users/user/.m2/repository/com/google/guava/failureaccess/1.0.2/failureaccess-1.0.2.jar:/Users/user/.m2/repository/com/google/guava/listenablefuture/9999.0-empty-to-avoid-conflict-with-guava/listenablefuture-9999.0-empty-to-avoid-conflict-with-guava.jar:/Users/user/.m2/repository/com/google/code/findbugs/jsr305/3.0.2/jsr305-3.0.2.jar:/Users/user/.m2/repository/org/checkerframework/checker-qual/3.42.0/checker-qual-3.42.0.jar:/Users/user/.m2/repository/com/google/j2objc/j2objc-annotations/3.0.0/j2objc-annotations-3.0.0.jar:/Users/user/.m2/repository/net/bytebuddy/byte-buddy/1.14.17/byte-buddy-1.14.17.jar:/Users/user/.m2/repository/org/seleniumhq/selenium/selenium-json/4.22.0/selenium-json-4.22.0.jar:/Users/user/.m2/repository/commons-io/commons-io/2.16.1/commons-io-2.16.1.jar:/Users/user/.m2/repository/com/fasterxml/jackson/core/jackson-databind/2.17.2/jackson-databind-2.17.2.jar:/Users/user/.m2/repository/com/fasterxml/jackson/core/jackson-annotations/2.17.2/jackson-annotations-2.17.2.jar:/Users/user/.m2/repository/com/fasterxml/jackson/core/jackson-core/2.17.2/jackson-core-2.17.2.jar:/Users/user/.m2/repository/com/aventstack/extentreports/5.1.2/extentreports-5.1.2.jar:/Users/user/.m2/repository/io/reactivex/rxjava3/rxjava/3.1.6/rxjava-3.1.6.jar:/Users/user/.m2/repository/org/reactivestreams/reactive-streams/1.0.4/reactive-streams-1.0.4.jar:/Users/user/.m2/repository/org/freemarker/freemarker/2.3.32/freemarker-2.3.32.jar:/Users/user/.m2/repository/org/projectlombok/lombok/1.18.26/lombok-1.18.26.jar:"/>
    <property name="java.vm.vendor" value="Oracle Corporation"/>
    <property name="sun.arch.data.model" value="64"/>
    <property name="java.vendor.url" value="https://java.oracle.com/"/>
    <property name="user.timezone" value="Africa/Lagos"/>
    <property name="os.name" value="Mac OS X"/>
    <property name="java.vm.specification.version" value="19"/>
    <property name="sun.java.launcher" value="SUN_STANDARD"/>
    <property name="user.country" value="US"/>
    <property name="sun.boot.library.path" value="/Library/Java/JavaVirtualMachines/jdk-19.jdk/Contents/Home/lib"/>
    <property name="sun.java.command" value="/Users/user/eclipse-workspace/AppiumFrameworkDesign/target/surefire/surefirebooter-20240722093445164_3.jar /Users/user/eclipse-workspace/AppiumFrameworkDesign/target/surefire 2024-07-22T09-34-45_062-jvmRun1 surefire-20240722093445164_1tmp surefire_0-20240722093445164_2tmp"/>
    <property name="http.nonProxyHosts" value="local|*.local|169.254/16|*.169.254/16"/>
    <property name="jdk.debug" value="release"/>
    <property name="surefire.test.class.path" value="/Users/user/eclipse-workspace/AppiumFrameworkDesign/target/test-classes:/Users/user/eclipse-workspace/AppiumFrameworkDesign/target/classes:/Users/user/.m2/repository/io/appium/java-client/9.2.3/java-client-9.2.3.jar:/Users/user/.m2/repository/org/seleniumhq/selenium/selenium-api/4.23.0/selenium-api-4.23.0.jar:/Users/user/.m2/repository/org/seleniumhq/selenium/selenium-remote-driver/4.23.0/selenium-remote-driver-4.23.0.jar:/Users/user/.m2/repository/io/opentelemetry/semconv/opentelemetry-semconv/1.25.0-alpha/opentelemetry-semconv-1.25.0-alpha.jar:/Users/user/.m2/repository/io/opentelemetry/opentelemetry-api/1.40.0/opentelemetry-api-1.40.0.jar:/Users/user/.m2/repository/io/opentelemetry/opentelemetry-context/1.40.0/opentelemetry-context-1.40.0.jar:/Users/user/.m2/repository/io/opentelemetry/opentelemetry-exporter-logging/1.40.0/opentelemetry-exporter-logging-1.40.0.jar:/Users/user/.m2/repository/io/opentelemetry/opentelemetry-sdk-common/1.40.0/opentelemetry-sdk-common-1.40.0.jar:/Users/user/.m2/repository/io/opentelemetry/opentelemetry-sdk-extension-autoconfigure-spi/1.40.0/opentelemetry-sdk-extension-autoconfigure-spi-1.40.0.jar:/Users/user/.m2/repository/io/opentelemetry/opentelemetry-sdk-extension-autoconfigure/1.40.0/opentelemetry-sdk-extension-autoconfigure-1.40.0.jar:/Users/user/.m2/repository/io/opentelemetry/opentelemetry-api-incubator/1.40.0-alpha/opentelemetry-api-incubator-1.40.0-alpha.jar:/Users/user/.m2/repository/io/opentelemetry/opentelemetry-sdk-trace/1.40.0/opentelemetry-sdk-trace-1.40.0.jar:/Users/user/.m2/repository/io/opentelemetry/opentelemetry-sdk/1.40.0/opentelemetry-sdk-1.40.0.jar:/Users/user/.m2/repository/io/opentelemetry/opentelemetry-sdk-metrics/1.40.0/opentelemetry-sdk-metrics-1.40.0.jar:/Users/user/.m2/repository/io/opentelemetry/opentelemetry-sdk-logs/1.40.0/opentelemetry-sdk-logs-1.40.0.jar:/Users/user/.m2/repository/org/seleniumhq/selenium/selenium-http/4.23.0/selenium-http-4.23.0.jar:/Users/user/.m2/repository/dev/failsafe/failsafe/3.3.2/failsafe-3.3.2.jar:/Users/user/.m2/repository/org/seleniumhq/selenium/selenium-manager/4.23.0/selenium-manager-4.23.0.jar:/Users/user/.m2/repository/org/seleniumhq/selenium/selenium-os/4.23.0/selenium-os-4.23.0.jar:/Users/user/.m2/repository/org/apache/commons/commons-exec/1.4.0/commons-exec-1.4.0.jar:/Users/user/.m2/repository/com/google/code/gson/gson/2.11.0/gson-2.11.0.jar:/Users/user/.m2/repository/com/google/errorprone/error_prone_annotations/2.27.0/error_prone_annotations-2.27.0.jar:/Users/user/.m2/repository/org/slf4j/slf4j-api/2.0.13/slf4j-api-2.0.13.jar:/Users/user/.m2/repository/org/testng/testng/7.10.2/testng-7.10.2.jar:/Users/user/.m2/repository/com/beust/jcommander/1.82/jcommander-1.82.jar:/Users/user/.m2/repository/org/webjars/jquery/3.7.1/jquery-3.7.1.jar:/Users/user/.m2/repository/org/seleniumhq/selenium/selenium-support/4.22.0/selenium-support-4.22.0.jar:/Users/user/.m2/repository/com/google/auto/service/auto-service-annotations/1.1.1/auto-service-annotations-1.1.1.jar:/Users/user/.m2/repository/com/google/guava/guava/33.2.1-jre/guava-33.2.1-jre.jar:/Users/user/.m2/repository/com/google/guava/failureaccess/1.0.2/failureaccess-1.0.2.jar:/Users/user/.m2/repository/com/google/guava/listenablefuture/9999.0-empty-to-avoid-conflict-with-guava/listenablefuture-9999.0-empty-to-avoid-conflict-with-guava.jar:/Users/user/.m2/repository/com/google/code/findbugs/jsr305/3.0.2/jsr305-3.0.2.jar:/Users/user/.m2/repository/org/checkerframework/checker-qual/3.42.0/checker-qual-3.42.0.jar:/Users/user/.m2/repository/com/google/j2objc/j2objc-annotations/3.0.0/j2objc-annotations-3.0.0.jar:/Users/user/.m2/repository/net/bytebuddy/byte-buddy/1.14.17/byte-buddy-1.14.17.jar:/Users/user/.m2/repository/org/seleniumhq/selenium/selenium-json/4.22.0/selenium-json-4.22.0.jar:/Users/user/.m2/repository/commons-io/commons-io/2.16.1/commons-io-2.16.1.jar:/Users/user/.m2/repository/com/fasterxml/jackson/core/jackson-databind/2.17.2/jackson-databind-2.17.2.jar:/Users/user/.m2/repository/com/fasterxml/jackson/core/jackson-annotations/2.17.2/jackson-annotations-2.17.2.jar:/Users/user/.m2/repository/com/fasterxml/jackson/core/jackson-core/2.17.2/jackson-core-2.17.2.jar:/Users/user/.m2/repository/com/aventstack/extentreports/5.1.2/extentreports-5.1.2.jar:/Users/user/.m2/repository/io/reactivex/rxjava3/rxjava/3.1.6/rxjava-3.1.6.jar:/Users/user/.m2/repository/org/reactivestreams/reactive-streams/1.0.4/reactive-streams-1.0.4.jar:/Users/user/.m2/repository/org/freemarker/freemarker/2.3.32/freemarker-2.3.32.jar:/Users/user/.m2/repository/org/projectlombok/lombok/1.18.26/lombok-1.18.26.jar:"/>
    <property name="sun.cpu.endian" value="little"/>
    <property name="user.home" value="/Users/user"/>
    <property name="user.language" value="en"/>
    <property name="java.specification.vendor" value="Oracle Corporation"/>
    <property name="java.version.date" value="2022-10-18"/>
    <property name="java.home" value="/Library/Java/JavaVirtualMachines/jdk-19.jdk/Contents/Home"/>
    <property name="file.separator" value="/"/>
    <property name="basedir" value="/Users/user/eclipse-workspace/AppiumFrameworkDesign"/>
    <property name="java.vm.compressedOopsMode" value="Zero based"/>
    <property name="line.separator" value="&#10;"/>
    <property name="java.vm.specification.vendor" value="Oracle Corporation"/>
    <property name="java.specification.name" value="Java Platform API Specification"/>
    <property name="apple.awt.application.name" value="ForkedBooter"/>
    <property name="surefire.real.class.path" value="/Users/user/eclipse-workspace/AppiumFrameworkDesign/target/surefire/surefirebooter-20240722093445164_3.jar"/>
    <property name="sun.management.compiler" value="HotSpot 64-Bit Tiered Compilers"/>
    <property name="ftp.nonProxyHosts" value="local|*.local|169.254/16|*.169.254/16"/>
    <property name="java.runtime.version" value="19.0.1+10-21"/>
    <property name="user.name" value="user"/>
    <property name="stdout.encoding" value="UTF-8"/>
    <property name="path.separator" value=":"/>
    <property name="os.version" value="12.7.5"/>
    <property name="java.runtime.name" value="Java(TM) SE Runtime Environment"/>
    <property name="file.encoding" value="UTF-8"/>
    <property name="java.vm.name" value="Java HotSpot(TM) 64-Bit Server VM"/>
    <property name="localRepository" value="/Users/user/.m2/repository"/>
    <property name="java.vendor.url.bug" value="https://bugreport.java.com/bugreport/"/>
    <property name="java.io.tmpdir" value="/var/folders/kd/_pnkz4755c94vb41xm1_rm9h0000gn/T/"/>
    <property name="java.version" value="19.0.1"/>
    <property name="user.dir" value="/Users/user/eclipse-workspace/AppiumFrameworkDesign"/>
    <property name="os.arch" value="x86_64"/>
    <property name="java.vm.specification.name" value="Java Virtual Machine Specification"/>
    <property name="native.encoding" value="UTF-8"/>
    <property name="java.library.path" value="/Users/user/Library/Java/Extensions:/Library/Java/Extensions:/Network/Library/Java/Extensions:/System/Library/Java/Extensions:/usr/lib/java:."/>
    <property name="java.vm.info" value="mixed mode, sharing"/>
    <property name="stderr.encoding" value="UTF-8"/>
    <property name="java.vendor" value="Oracle Corporation"/>
    <property name="java.vm.version" value="19.0.1+10-21"/>
    <property name="sun.io.unicode.encoding" value="UnicodeBig"/>
    <property name="ipAddess" value="127.0.0.1"/>
    <property name="socksNonProxyHosts" value="local|*.local|169.254/16|*.169.254/16"/>
    <property name="java.class.version" value="63.0"/>
  </properties>
  <testcase name="FillForm[{gender=male, name=Daniel Amaechi, country=Aruba}](1)" classname="org.dandytech.E_Commerce_tc_4_Hybrid" time="34.819">
    <failure message="no such element: Unable to locate element: {&quot;method&quot;:&quot;css selector&quot;,&quot;selector&quot;:&quot;*[name=&apos;q&apos;]&quot;}&#10;  (Session info: chrome=101.0.4951.74)&#10;For documentation on this error, please visit: https://www.selenium.dev/documentation/webdriver/troubleshooting/errors#no-such-element-exception&#10;Build info: version: &apos;4.23.0&apos;, revision: &apos;4df0a231af&apos;&#10;System info: os.name: &apos;Mac OS X&apos;, os.arch: &apos;x86_64&apos;, os.version: &apos;12.7.5&apos;, java.version: &apos;19.0.1&apos;&#10;Driver info: io.appium.java_client.android.AndroidDriver&#10;Command: [dfe5339f-c9cb-463f-846e-bada59d9e7b7, findElement {using=css selector, value=*[name=&apos;q&apos;]}]&#10;Capabilities {appium:app: /Users/user/eclipse-workspa..., appium:appPackage: com.androidsample.generalstore, appium:automationName: UIAutomator2, appium:chromedriverExecutable: /Users/user/eclipse-workspa..., appium:databaseEnabled: false, appium:desired: {app: /Users/user/eclipse-workspa..., automationName: UIAutomator2, chromedriverExecutable: /Users/user/eclipse-workspa..., deviceName: Nexus 6P API 33, platformName: ANDROID}, appium:deviceApiLevel: 33, appium:deviceManufacturer: Google, appium:deviceModel: sdk_gphone64_x86_64, appium:deviceName: emulator-5554, appium:deviceScreenDensity: 560, appium:deviceScreenSize: 1440x2560, appium:deviceUDID: emulator-5554, appium:javascriptEnabled: true, appium:locationContextEnabled: false, appium:networkConnectionEnabled: true, appium:pixelRatio: 3.5, appium:platformVersion: 13, appium:statBarHeight: 84, appium:takesScreenshot: true, appium:viewportRect: {height: 2476, left: 0, top: 84, width: 1440}, appium:warnings: {}, appium:webStorageEnabled: false, platformName: ANDROID}&#10;Session ID: dfe5339f-c9cb-463f-846e-bada59d9e7b7" type="org.openqa.selenium.NoSuchElementException"><![CDATA[org.openqa.selenium.NoSuchElementException: 
no such element: Unable to locate element: {"method":"css selector","selector":"*[name='q']"}
  (Session info: chrome=101.0.4951.74)
For documentation on this error, please visit: https://www.selenium.dev/documentation/webdriver/troubleshooting/errors#no-such-element-exception
Build info: version: '4.23.0', revision: '4df0a231af'
System info: os.name: 'Mac OS X', os.arch: 'x86_64', os.version: '12.7.5', java.version: '19.0.1'
Driver info: io.appium.java_client.android.AndroidDriver
Command: [dfe5339f-c9cb-463f-846e-bada59d9e7b7, findElement {using=css selector, value=*[name='q']}]
Capabilities {appium:app: /Users/user/eclipse-workspa..., appium:appPackage: com.androidsample.generalstore, appium:automationName: UIAutomator2, appium:chromedriverExecutable: /Users/user/eclipse-workspa..., appium:databaseEnabled: false, appium:desired: {app: /Users/user/eclipse-workspa..., automationName: UIAutomator2, chromedriverExecutable: /Users/user/eclipse-workspa..., deviceName: Nexus 6P API 33, platformName: ANDROID}, appium:deviceApiLevel: 33, appium:deviceManufacturer: Google, appium:deviceModel: sdk_gphone64_x86_64, appium:deviceName: emulator-5554, appium:deviceScreenDensity: 560, appium:deviceScreenSize: 1440x2560, appium:deviceUDID: emulator-5554, appium:javascriptEnabled: true, appium:locationContextEnabled: false, appium:networkConnectionEnabled: true, appium:pixelRatio: 3.5, appium:platformVersion: 13, appium:statBarHeight: 84, appium:takesScreenshot: true, appium:viewportRect: {height: 2476, left: 0, top: 84, width: 1440}, appium:warnings: {}, appium:webStorageEnabled: false, platformName: ANDROID}
Session ID: dfe5339f-c9cb-463f-846e-bada59d9e7b7
	at java.base/jdk.internal.reflect.DirectConstructorHandleAccessor.newInstance(DirectConstructorHandleAccessor.java:67)
	at java.base/java.lang.reflect.Constructor.newInstanceWithCaller(Constructor.java:500)
	at java.base/java.lang.reflect.Constructor.newInstance(Constructor.java:484)
	at org.openqa.selenium.remote.ErrorCodec.decode(ErrorCodec.java:167)
	at org.openqa.selenium.remote.codec.w3c.W3CHttpResponseCodec.decode(W3CHttpResponseCodec.java:138)
	at org.openqa.selenium.remote.codec.w3c.W3CHttpResponseCodec.decode(W3CHttpResponseCodec.java:50)
	at org.openqa.selenium.remote.HttpCommandExecutor.execute(HttpCommandExecutor.java:190)
	at io.appium.java_client.remote.AppiumCommandExecutor.execute(AppiumCommandExecutor.java:237)
	at org.openqa.selenium.remote.RemoteWebDriver.execute(RemoteWebDriver.java:527)
	at org.openqa.selenium.remote.ElementLocation$ElementFinder$2.findElement(ElementLocation.java:165)
	at org.openqa.selenium.remote.ElementLocation.findElement(ElementLocation.java:59)
	at org.openqa.selenium.remote.RemoteWebDriver.findElement(RemoteWebDriver.java:357)
	at org.openqa.selenium.remote.RemoteWebDriver.findElement(RemoteWebDriver.java:351)
	at org.openqa.selenium.By$PreW3CLocator.findElement(By.java:430)
	at org.openqa.selenium.By$ByName.findElement(By.java:237)
	at org.openqa.selenium.remote.ElementLocation$ElementFinder$1.findElement(ElementLocation.java:139)
	at org.openqa.selenium.remote.ElementLocation.findElement(ElementLocation.java:81)
	at org.openqa.selenium.remote.RemoteWebDriver.findElement(RemoteWebDriver.java:357)
	at org.openqa.selenium.remote.RemoteWebDriver.findElement(RemoteWebDriver.java:351)
	at org.dandytech.E_Commerce_tc_4_Hybrid.FillForm(E_Commerce_tc_4_Hybrid.java:52)
	at java.base/jdk.internal.reflect.DirectMethodHandleAccessor.invoke(DirectMethodHandleAccessor.java:104)
	at java.base/java.lang.reflect.Method.invoke(Method.java:578)
	at org.testng.internal.invokers.MethodInvocationHelper.invokeMethod(MethodInvocationHelper.java:141)
	at org.testng.internal.invokers.TestInvoker.invokeMethod(TestInvoker.java:686)
	at org.testng.internal.invokers.TestInvoker.invokeTestMethod(TestInvoker.java:230)
	at org.testng.internal.invokers.MethodRunner.runInSequence(MethodRunner.java:63)
	at org.testng.internal.invokers.TestInvoker$MethodInvocationAgent.invoke(TestInvoker.java:992)
	at org.testng.internal.invokers.TestInvoker.invokeTestMethods(TestInvoker.java:203)
	at org.testng.internal.invokers.TestMethodWorker.invokeTestMethods(TestMethodWorker.java:154)
	at org.testng.internal.invokers.TestMethodWorker.run(TestMethodWorker.java:134)
	at java.base/java.util.ArrayList.forEach(ArrayList.java:1511)
	at org.testng.TestRunner.privateRun(TestRunner.java:739)
	at org.testng.TestRunner.run(TestRunner.java:614)
	at org.testng.SuiteRunner.runTest(SuiteRunner.java:421)
	at org.testng.SuiteRunner.runSequentially(SuiteRunner.java:413)
	at org.testng.SuiteRunner.privateRun(SuiteRunner.java:373)
	at org.testng.SuiteRunner.run(SuiteRunner.java:312)
	at org.testng.SuiteRunnerWorker.runSuite(SuiteRunnerWorker.java:52)
	at org.testng.SuiteRunnerWorker.run(SuiteRunnerWorker.java:95)
	at org.testng.TestNG.runSuitesSequentially(TestNG.java:1274)
	at org.testng.TestNG.runSuitesLocally(TestNG.java:1208)
	at org.testng.TestNG.runSuites(TestNG.java:1112)
	at org.testng.TestNG.run(TestNG.java:1079)
	at org.apache.maven.surefire.testng.TestNGExecutor.run(TestNGExecutor.java:308)
	at org.apache.maven.surefire.testng.TestNGXmlTestSuite.execute(TestNGXmlTestSuite.java:71)
	at org.apache.maven.surefire.testng.TestNGProvider.invoke(TestNGProvider.java:113)
	at org.apache.maven.surefire.booter.ForkedBooter.runSuitesInProcess(ForkedBooter.java:385)
	at org.apache.maven.surefire.booter.ForkedBooter.execute(ForkedBooter.java:162)
	at org.apache.maven.surefire.booter.ForkedBooter.run(ForkedBooter.java:507)
	at org.apache.maven.surefire.booter.ForkedBooter.main(ForkedBooter.java:495)
]]></failure>
    <system-out><![CDATA[WARN Appium Appium encountered 2 warnings while validating drivers found in manifest /Users/user/.appium/node_modules/.cache/appium/extensions.yaml
WARN Appium Driver "uiautomator2" has 1 potential problem: 
WARN Appium   - Driver "uiautomator2" (package `appium-uiautomator2-driver`) may be incompatible with the current version of Appium (v2.0.1) due to its peer dependency on older Appium v^2.4.1. Please upgrade `appium-uiautomator2-driver` to v3.7.3 or newer.
WARN Appium Driver "xcuitest" has 1 potential problem: 
WARN Appium   - Driver "xcuitest" (package `appium-xcuitest-driver`) may be incompatible with the current version of Appium (v2.0.1) due to its peer dependency on older Appium v^2.5.4. Please upgrade `appium-xcuitest-driver` to v7.24.1 or newer.
&amp#27;[35m[Appium]&amp#27;[39m Welcome to Appium v2.0.1
&amp#27;[35m[Appium]&amp#27;[39m Attempting to load driver uiautomator2...
[debug] &amp#27;[35m[Appium]&amp#27;[39m Requiring driver at /Users/user/.appium/node_modules/appium-uiautomator2-driver
[Appium] Attempting to load driver xcuitest...
[debug] [Appium] Requiring driver at /Users/user/.appium/node_modules/appium-xcuitest-driver
[Appium] Appium REST http interface listener started on http://0.0.0.0:4723
[Appium] You can provide the following URLS in your client code to connect to this server:
[Appium] 	http://127.0.0.1:4723/ (only accessible from the same host)
[Appium] 	http://192.168.0.10:4723/
[Appium] 	http://192.168.2.1:4723/
[Appium] Available drivers:
[Appium]   - uiautomator2@3.7.1 (automationName 'UiAutomator2')
[Appium]   - xcuitest@7.23.0 (automationName 'XCUITest')
[Appium] No plugins have been installed. Use the "appium plugin" command to install the one(s) you want to use.
&amp#27;[38;5;0m[HTTP]&amp#27;[0m &amp#27;[37m-->&amp#27;[39m &amp#27;[37mGET&amp#27;[39m &amp#27;[37m/status&amp#27;[39m {}
[debug] &amp#27;[38;5;16m[AppiumDriver@d28a]&amp#27;[0m Calling AppiumDriver.getStatus() with args: []
[debug] &amp#27;[38;5;16m[AppiumDriver@d28a]&amp#27;[0m Responding to client with driver.getStatus() result: {"build":{"version":"2.0.1"}}
&amp#27;[38;5;0m[HTTP]&amp#27;[0m <-- GET /status 200 6 ms - 39 
[debug] &amp#27;[38;5;0m[HTTP]&amp#27;[0m Request idempotency key: b752420e-fe23-4724-a1cc-e65c9b62cd0c
&amp#27;[38;5;0m[HTTP]&amp#27;[0m &amp#27;[37m-->&amp#27;[39m &amp#27;[37mPOST&amp#27;[39m &amp#27;[37m/session&amp#27;[39m {"capabilities":{"firstMatch":[{"appium:chromedriverExecutable":"/Users/user/eclipse-workspace/AppiumFrameworkDesign//src//test//java//org//dandytech//testApps//chromedriver","appium:deviceName":"Nexus 6P API 33","platformName":"ANDROID","appium:automationName":"UIAutomator2","appium:app":"/Users/user/eclipse-workspace/AppiumFrameworkDesign//src//test//java//org//dandytech//testApps//General-Store.apk"}]}}
[debug] &amp#27;[38;5;16m[AppiumDriver@d28a]&amp#27;[0m Calling AppiumDriver.createSession() with args: [null,null,{"firstMatch":[{"appium:chromedriverExecutable":"/Users/user/eclipse-workspace/AppiumFrameworkDesign//src//test//java//org//dandytech//testApps//chromedriver","appium:deviceName":"Nexus 6P API 33","platformName":"ANDROID","appium:automationName":"UIAutomator2","appium:app":"/Users/user/eclipse-workspace/AppiumFrameworkDesign//src//test//java//org//dandytech//testApps//General-Store.apk"}]}]
[debug] &amp#27;[38;5;16m[AppiumDriver@d28a]&amp#27;[0m Event 'newSessionRequested' logged at 1721637295646 (09:34:55 GMT+0100 (West Africa Standard Time))
[Appium] Attempting to find matching driver for automationName 'UIAutomator2' and platformName 'ANDROID'
[Appium] The 'uiautomator2' driver was installed and matched caps.
[Appium] Will require it at /Users/user/.appium/node_modules/appium-uiautomator2-driver
[debug] [Appium] Requiring driver at /Users/user/.appium/node_modules/appium-uiautomator2-driver
&amp#27;[38;5;16m[AppiumDriver@d28a]&amp#27;[0m Appium v2.0.1 creating new AndroidUiautomator2Driver (v3.7.1) session
&amp#27;[38;5;16m[AppiumDriver@d28a]&amp#27;[0m Checking BaseDriver versions for Appium and AndroidUiautomator2Driver
&amp#27;[38;5;16m[AppiumDriver@d28a]&amp#27;[0m Appium's BaseDriver version is 9.10.3
&amp#27;[38;5;16m[AppiumDriver@d28a]&amp#27;[0m AndroidUiautomator2Driver's BaseDriver version is 9.10.3
[debug] &amp#27;[38;5;32m[AndroidUiautomator2Driver@756b]&amp#27;[0m 
[debug] &amp#27;[38;5;32m[AndroidUiautomator2Driver@756b]&amp#27;[0m Creating session with W3C capabilities: {
  "alwaysMatch": {
    "platformName": "ANDROID",
    "appium:chromedriverExecutable": "/Users/user/eclipse-workspace/AppiumFrameworkDesign//src//test//java//org//dandytech//testApps//chromedriver",
    "appium:deviceName": "Nexus 6P API 33",
    "appium:automationName": "UIAutomator2",
    "appium:app": "/Users/user/eclipse-workspace/AppiumFrameworkDesign//src//test//java//org//dandytech//testApps//General-Store.apk"
  },
  "firstMatch": [
    {}
  ]
}
&amp#27;[38;5;32m[AndroidUiautomator2Driver@756b]&amp#27;[0m Session created with session id: dfe5339f-c9cb-463f-846e-bada59d9e7b7
&amp#27;[38;5;48m[ADB]&amp#27;[0m Found 2 'build-tools' folders under '/Users/user/Library/Android/sdk' (newest first):
&amp#27;[38;5;48m[ADB]&amp#27;[0m     /Users/user/Library/Android/sdk/build-tools/33.0.0
&amp#27;[38;5;48m[ADB]&amp#27;[0m     /Users/user/Library/Android/sdk/build-tools/30.0.3
&amp#27;[38;5;48m[ADB]&amp#27;[0m Using 'adb' from '/Users/user/Library/Android/sdk/platform-tools/adb'
[debug] &amp#27;[38;5;48m[ADB]&amp#27;[0m Running '/Users/user/Library/Android/sdk/platform-tools/adb -P 5037 start-server'
&amp#27;[38;5;32m[AndroidUiautomator2Driver@756b]&amp#27;[0m Retrieving device list
[debug] &amp#27;[38;5;48m[ADB]&amp#27;[0m Trying to find connected Android devices
[debug] &amp#27;[38;5;48m[ADB]&amp#27;[0m Getting connected devices
[debug] &amp#27;[38;5;48m[ADB]&amp#27;[0m Connected devices: [{"udid":"emulator-5554","state":"device"}]
&amp#27;[38;5;32m[AndroidUiautomator2Driver@756b]&amp#27;[0m Using device: emulator-5554
&amp#27;[38;5;48m[ADB]&amp#27;[0m Using 'adb' from '/Users/user/Library/Android/sdk/platform-tools/adb'
[debug] &amp#27;[38;5;48m[ADB]&amp#27;[0m Running '/Users/user/Library/Android/sdk/platform-tools/adb -P 5037 start-server'
[debug] &amp#27;[38;5;48m[ADB]&amp#27;[0m Setting device id to emulator-5554
&amp#27;[38;5;64m[BaseDriver]&amp#27;[0m Using local app '/Users/user/eclipse-workspace/AppiumFrameworkDesign//src//test//java//org//dandytech//testApps//General-Store.apk'
[debug] &amp#27;[38;5;32m[AndroidUiautomator2Driver@756b]&amp#27;[0m Checking whether app is actually present
[debug] &amp#27;[38;5;48m[ADB]&amp#27;[0m Running '/Users/user/Library/Android/sdk/platform-tools/adb -P 5037 -s emulator-5554 shell getprop ro.build.version.sdk'
[debug] &amp#27;[38;5;48m[ADB]&amp#27;[0m Current device property 'ro.build.version.sdk': 33
&amp#27;[38;5;48m[ADB]&amp#27;[0m Getting device platform version
[debug] &amp#27;[38;5;48m[ADB]&amp#27;[0m Running '/Users/user/Library/Android/sdk/platform-tools/adb -P 5037 -s emulator-5554 shell getprop ro.build.version.release'
[debug] &amp#27;[38;5;48m[ADB]&amp#27;[0m Current device property 'ro.build.version.release': 13
[debug] &amp#27;[38;5;48m[ADB]&amp#27;[0m Device API level: 33
&amp#27;[38;5;32m[AndroidUiautomator2Driver@756b]&amp#27;[0m Relaxing hidden api policy
[debug] &amp#27;[38;5;48m[ADB]&amp#27;[0m Running '/Users/user/Library/Android/sdk/platform-tools/adb -P 5037 -s emulator-5554 shell 'settings put global hidden_api_policy_pre_p_apps 1;settings put global hidden_api_policy_p_apps 1;settings put global hidden_api_policy 1''
[debug] &amp#27;[38;5;32m[AndroidUiautomator2Driver@756b]&amp#27;[0m Parsing package and activity from app manifest
[debug] &amp#27;[38;5;48m[ADB]&amp#27;[0m Running '/Users/user/Library/Android/sdk/platform-tools/adb -P 5037 -s emulator-5554 wait-for-device'
&amp#27;[38;5;48m[ADB]&amp#27;[0m Package name: 'com.androidsample.generalstore'
&amp#27;[38;5;48m[ADB]&amp#27;[0m Main activity name: 'com.androidsample.generalstore.SplashActivity'
[debug] &amp#27;[38;5;32m[AndroidUiautomator2Driver@756b]&amp#27;[0m Parsed package and activity are: com.androidsample.generalstore/com.androidsample.generalstore.SplashActivity
[debug] &amp#27;[38;5;48m[ADB]&amp#27;[0m Running '/Users/user/Library/Android/sdk/platform-tools/adb -P 5037 -s emulator-5554 shell echo ping'
[debug] &amp#27;[38;5;32m[AndroidUiautomator2Driver@756b]&amp#27;[0m Pushing settings apk to the device...
[debug] &amp#27;[38;5;48m[ADB]&amp#27;[0m Getting package info for 'io.appium.settings'
[debug] &amp#27;[38;5;48m[ADB]&amp#27;[0m Running '/Users/user/Library/Android/sdk/platform-tools/adb -P 5037 -s emulator-5554 shell dumpsys package io.appium.settings'
[debug] &amp#27;[38;5;48m[ADB]&amp#27;[0m The version name of the installed 'io.appium.settings' is greater or equal to the application version name ('5.12.4' >= '5.12.4')
[debug] &amp#27;[38;5;48m[ADB]&amp#27;[0m There is no need to install/upgrade '/Users/user/.appium/node_modules/appium-uiautomator2-driver/node_modules/io.appium.settings/apks/settings_apk-debug.apk'
[debug] &amp#27;[38;5;48m[ADB]&amp#27;[0m Running '/Users/user/Library/Android/sdk/platform-tools/adb -P 5037 -s emulator-5554 shell dumpsys activity services io.appium.settings'
[debug] &amp#27;[38;5;32m[AndroidUiautomator2Driver@756b]&amp#27;[0m io.appium.settings is already running. There is no need to reset its permissions.
[debug] &amp#27;[38;5;80m[Logcat]&amp#27;[0m Starting logs capture with command: /Users/user/Library/Android/sdk/platform-tools/adb -P 5037 -s emulator-5554 logcat -v threadtime
[debug] &amp#27;[38;5;32m[AndroidUiautomator2Driver@756b]&amp#27;[0m Forwarding UiAutomator2 Server port 6790 to local port 8200
[debug] &amp#27;[38;5;48m[ADB]&amp#27;[0m Forwarding system: 8200 to device: 6790
[debug] &amp#27;[38;5;48m[ADB]&amp#27;[0m Running '/Users/user/Library/Android/sdk/platform-tools/adb -P 5037 -s emulator-5554 forward tcp:8200 tcp:6790'
[debug] &amp#27;[38;5;48m[ADB]&amp#27;[0m Getting package info for 'io.appium.uiautomator2.server'
[debug] &amp#27;[38;5;48m[ADB]&amp#27;[0m Running '/Users/user/Library/Android/sdk/platform-tools/adb -P 5037 -s emulator-5554 shell dumpsys package io.appium.uiautomator2.server'
[debug] &amp#27;[38;5;48m[ADB]&amp#27;[0m Getting install status for io.appium.uiautomator2.server.test
[debug] &amp#27;[38;5;48m[ADB]&amp#27;[0m Checking app cert for /Users/user/eclipse-workspace/AppiumFrameworkDesign//src//test//java//org//dandytech//testApps//General-Store.apk
[debug] &amp#27;[38;5;48m[ADB]&amp#27;[0m Running '/Users/user/Library/Android/sdk/platform-tools/adb -P 5037 -s emulator-5554 shell cmd package list packages'
&amp#27;[38;5;48m[ADB]&amp#27;[0m Using 'apksigner.jar' from '/Users/user/Library/Android/sdk/build-tools/33.0.0/lib/apksigner.jar'
[debug] &amp#27;[38;5;48m[ADB]&amp#27;[0m Starting apksigner: /Library/Java/JavaVirtualMachines/jdk-19.jdk/Contents/Home/bin/java -Xmx1024M -Xss1m -jar /Users/user/Library/Android/sdk/build-tools/33.0.0/lib/apksigner.jar verify --print-certs /Users/user/eclipse-workspace/AppiumFrameworkDesign//src//test//java//org//dandytech//testApps//General-Store.apk
[debug] &amp#27;[38;5;48m[ADB]&amp#27;[0m 'io.appium.uiautomator2.server.test' is installed
[debug] &amp#27;[38;5;48m[ADB]&amp#27;[0m The version name of the installed 'io.appium.uiautomator2.server' is greater or equal to the application version name ('7.0.18' >= '7.0.18')
[debug] &amp#27;[38;5;32m[AndroidUiautomator2Driver@756b]&amp#27;[0m Server packages status: [{"installState":"sameVersionInstalled","appPath":"/Users/user/.appium/node_modules/appium-uiautomator2-driver/node_modules/appium-uiautomator2-server/apks/appium-uiautomator2-server-v7.0.18.apk","appId":"io.appium.uiautomator2.server"},{"installState":"sameVersionInstalled","appPath":"/Users/user/.appium/node_modules/appium-uiautomator2-driver/node_modules/appium-uiautomator2-server/apks/appium-uiautomator2-server-debug-androidTest.apk","appId":"io.appium.uiautomator2.server.test"}]
&amp#27;[38;5;32m[AndroidUiautomator2Driver@756b]&amp#27;[0m Server packages are not going to be (re)installed
[debug] &amp#27;[38;5;32m[AndroidUiautomator2Driver@756b]&amp#27;[0m Waiting up to 30000ms for services to be available
[debug] &amp#27;[38;5;48m[ADB]&amp#27;[0m Running '/Users/user/Library/Android/sdk/platform-tools/adb -P 5037 -s emulator-5554 shell pm list instrumentation'
[debug] &amp#27;[38;5;32m[AndroidUiautomator2Driver@756b]&amp#27;[0m Instrumentation target 'io.appium.uiautomator2.server.test/androidx.test.runner.AndroidJUnitRunner' is available
&amp#27;[38;5;48m[ADB]&amp#27;[0m Adding packages ["io.appium.settings","io.appium.uiautomator2.server","io.appium.uiautomator2.server.test"] to Doze whitelist
[debug] &amp#27;[38;5;48m[ADB]&amp#27;[0m Got the following command chunks to execute: [["dumpsys","deviceidle","whitelist","+io.appium.settings",";","dumpsys","deviceidle","whitelist","+io.appium.uiautomator2.server",";","dumpsys","deviceidle","whitelist","+io.appium.uiautomator2.server.test",";"]]
[debug] &amp#27;[38;5;48m[ADB]&amp#27;[0m Running '/Users/user/Library/Android/sdk/platform-tools/adb -P 5037 -s emulator-5554 shell dumpsys deviceidle whitelist +io.appium.settings ; dumpsys deviceidle whitelist +io.appium.uiautomator2.server ; dumpsys deviceidle whitelist +io.appium.uiautomator2.server.test ;'
[debug] &amp#27;[38;5;48m[ADB]&amp#27;[0m apksigner stdout: Signer #1 certificate DN: EMAILADDRESS=android@android.com, CN=Android, OU=Android, O=Android, L=Mountain View, ST=California, C=US
Signer #1 certificate SHA-256 digest: a40da80a59d170caa950cf15c18c454d47a39b26989d8b640ecd745ba71bf5dc
Signer #1 certificate SHA-1 digest: 61ed377e85d386a8dfee6b864bd85b0bfaa5af81
Signer #1 certificate MD5 digest: e89b158e4bcf988ebd09eb83f5378e87

[debug] &amp#27;[38;5;48m[ADB]&amp#27;[0m sha256 hash did match for 'General-Store.apk'
&amp#27;[38;5;48m[ADB]&amp#27;[0m '/Users/user/eclipse-workspace/AppiumFrameworkDesign//src//test//java//org//dandytech//testApps//General-Store.apk' is signed with the default certificate
[debug] &amp#27;[38;5;48m[ADB]&amp#27;[0m Getting package info for 'com.androidsample.generalstore'
[debug] &amp#27;[38;5;48m[ADB]&amp#27;[0m Running '/Users/user/Library/Android/sdk/platform-tools/adb -P 5037 -s emulator-5554 shell dumpsys package com.androidsample.generalstore'
[debug] &amp#27;[38;5;48m[ADB]&amp#27;[0m The version name of the installed 'com.androidsample.generalstore' is greater or equal to the application version name ('1.0.0' >= '1.0.0')
[debug] &amp#27;[38;5;48m[ADB]&amp#27;[0m There is no need to install/upgrade '/Users/user/eclipse-workspace/AppiumFrameworkDesign//src//test//java//org//dandytech//testApps//General-Store.apk'
&amp#27;[38;5;32m[AndroidUiautomator2Driver@756b]&amp#27;[0m Performing fast reset on 'com.androidsample.generalstore'
[debug] &amp#27;[38;5;48m[ADB]&amp#27;[0m Getting install status for com.androidsample.generalstore
[debug] &amp#27;[38;5;48m[ADB]&amp#27;[0m Running '/Users/user/Library/Android/sdk/platform-tools/adb -P 5037 -s emulator-5554 shell cmd package list packages'
[debug] &amp#27;[38;5;48m[ADB]&amp#27;[0m 'com.androidsample.generalstore' is installed
[debug] &amp#27;[38;5;48m[ADB]&amp#27;[0m Running '/Users/user/Library/Android/sdk/platform-tools/adb -P 5037 -s emulator-5554 shell am force-stop com.androidsample.generalstore'
[debug] &amp#27;[38;5;48m[ADB]&amp#27;[0m Running '/Users/user/Library/Android/sdk/platform-tools/adb -P 5037 -s emulator-5554 shell pm clear com.androidsample.generalstore'
[debug] &amp#27;[38;5;32m[AndroidUiautomator2Driver@756b]&amp#27;[0m Performed fast reset on the installed 'com.androidsample.generalstore' application (stop and clear)
[debug] &amp#27;[38;5;32m[AndroidUiautomator2Driver@756b]&amp#27;[0m Performing shallow cleanup of automation leftovers
[debug] &amp#27;[38;5;32m[AndroidUiautomator2Driver@756b]&amp#27;[0m No obsolete sessions have been detected (socket hang up)
[debug] &amp#27;[38;5;48m[ADB]&amp#27;[0m Running '/Users/user/Library/Android/sdk/platform-tools/adb -P 5037 -s emulator-5554 shell am force-stop io.appium.uiautomator2.server.test'
&amp#27;[38;5;32m[AndroidUiautomator2Driver@756b]&amp#27;[0m Starting UIAutomator2 server 7.0.18
&amp#27;[38;5;32m[AndroidUiautomator2Driver@756b]&amp#27;[0m Using UIAutomator2 server from '/Users/user/.appium/node_modules/appium-uiautomator2-driver/node_modules/appium-uiautomator2-server/apks/appium-uiautomator2-server-v7.0.18.apk' and test from '/Users/user/.appium/node_modules/appium-uiautomator2-driver/node_modules/appium-uiautomator2-server/apks/appium-uiautomator2-server-debug-androidTest.apk'
&amp#27;[38;5;32m[AndroidUiautomator2Driver@756b]&amp#27;[0m Waiting up to 30000ms for UiAutomator2 to be online...
[debug] &amp#27;[38;5;48m[ADB]&amp#27;[0m Creating ADB subprocess with args: ["-P","5037","-s","emulator-5554","shell","am","instrument","-w","-e","disableAnalytics","true","io.appium.uiautomator2.server.test/androidx.test.runner.AndroidJUnitRunner"]
[debug] &amp#27;[38;5;32m[AndroidUiautomator2Driver@756b]&amp#27;[0m Matched '/status' to command name 'getStatus'
[debug] &amp#27;[38;5;32m[AndroidUiautomator2Driver@756b]&amp#27;[0m Proxying [GET /status] to [GET http://127.0.0.1:8200/status] with no body
&amp#27;[38;5;32m[AndroidUiautomator2Driver@756b]&amp#27;[0m socket hang up
[debug] &amp#27;[38;5;32m[AndroidUiautomator2Driver@756b]&amp#27;[0m Matched '/status' to command name 'getStatus'
[debug] &amp#27;[38;5;32m[AndroidUiautomator2Driver@756b]&amp#27;[0m Proxying [GET /status] to [GET http://127.0.0.1:8200/status] with no body
&amp#27;[38;5;32m[AndroidUiautomator2Driver@756b]&amp#27;[0m socket hang up
[debug] &amp#27;[38;5;32m[AndroidUiautomator2Driver@756b]&amp#27;[0m [Instrumentation] 
[debug] &amp#27;[38;5;32m[AndroidUiautomator2Driver@756b]&amp#27;[0m Matched '/status' to command name 'getStatus'
[debug] &amp#27;[38;5;32m[AndroidUiautomator2Driver@756b]&amp#27;[0m Proxying [GET /status] to [GET http://127.0.0.1:8200/status] with no body
&amp#27;[38;5;32m[AndroidUiautomator2Driver@756b]&amp#27;[0m socket hang up
[debug] &amp#27;[38;5;32m[AndroidUiautomator2Driver@756b]&amp#27;[0m Matched '/status' to command name 'getStatus'
[debug] &amp#27;[38;5;32m[AndroidUiautomator2Driver@756b]&amp#27;[0m Proxying [GET /status] to [GET http://127.0.0.1:8200/status] with no body
[debug] &amp#27;[38;5;32m[AndroidUiautomator2Driver@756b]&amp#27;[0m Got response with status 200: {"sessionId":"None","value":{"message":"UiAutomator2 Server is ready to accept commands","ready":true}}
[debug] &amp#27;[38;5;32m[AndroidUiautomator2Driver@756b]&amp#27;[0m The initialization of the instrumentation process took 3165ms
[debug] &amp#27;[38;5;32m[AndroidUiautomator2Driver@756b]&amp#27;[0m Matched '/session' to command name 'createSession'
[debug] &amp#27;[38;5;32m[AndroidUiautomator2Driver@756b]&amp#27;[0m Proxying [POST /session] to [POST http://127.0.0.1:8200/session] with body: {"capabilities":{"firstMatch":[{"platformName":"ANDROID","chromedriverExecutable":"/Users/user/eclipse-workspace/AppiumFrameworkDesign//src//test//java//org//dandytech//testApps//chromedriver","deviceName":"emulator-5554","automationName":"UIAutomator2","app":"/Users/user/eclipse-workspace/AppiumFrameworkDesign//src//test//java//org//dandytech//testApps//General-Store.apk","platform":"LINUX","webStorageEnabled":false,"takesScreenshot":true,"javascriptEnabled":true,"databaseEnabled":false,"networkConnectionEnabled":true,"locationContextEnabled":false,"warnings":{},"desired":{"platformName":"ANDROID","chromedriverExecutable":"/Users/user/eclipse-workspace/AppiumFrameworkDesign//src//test//java//org//dandytech//testApps//chromedriver","deviceName":"Nexus 6P API 33","automationName":"UIAutomator2","app":"/Users/user/eclipse-workspace/AppiumFrameworkDesign//src//test//java//org//dandytech//testApps//General-Store.apk"},"deviceUDID":"emulator-5554","appPackage":"com.androidsample.generalstore"}],"alwaysMatch":{}}}
[debug] &amp#27;[38;5;32m[AndroidUiautomator2Driver@756b]&amp#27;[0m Got response with status 200: {"sessionId":"c58554df-ce34-4693-8bc8-74f386f9ff8d","value":{"capabilities":{"firstMatch":[{"platformName":"ANDROID","chromedriverExecutable":"/Users/user/eclipse-workspace/AppiumFrameworkDesign//src//test//java//org//dandytech//testApps//chromedriver","deviceName":"emulator-5554","automationName":"UIAutomator2","app":"/Users/user/eclipse-workspace/AppiumFrameworkDesign//src//test//java//org//dandytech//testApps//General-Store.apk","platform":"LINUX","webStorageEnabled":false,"takesScreenshot":true,"javascriptEnabled":true,"databaseEnabled":false,"networkConnectionEnabled":true,"locationContextEnabled":false,"warnings":{},"desired":{"platformName":"ANDROID","chromedriverExecutable":"/Users/user/eclipse-workspace/AppiumFrameworkDesign//src//test//java//org//dandytech//testApps//chromedriver","deviceName":"Nexus 6P API 33","automationName":"UIAutomator2","app":"/Users/user/eclipse-workspace/AppiumFrameworkDesign//src//test//java//org//dandytech//testApps//General-Store.apk"},"deviceUDID":"emulator-5554","app...
&amp#27;[38;5;32m[AndroidUiautomator2Driver@756b]&amp#27;[0m Determined the downstream protocol as 'W3C'
[debug] &amp#27;[38;5;32m[AndroidUiautomator2Driver@756b]&amp#27;[0m Proxying [GET /appium/device/pixel_ratio] to [GET http://127.0.0.1:8200/session/c58554df-ce34-4693-8bc8-74f386f9ff8d/appium/device/pixel_ratio] with no body
[debug] &amp#27;[38;5;32m[AndroidUiautomator2Driver@756b]&amp#27;[0m Matched '/appium/device/system_bars' to command name 'getSystemBars'
[debug] &amp#27;[38;5;32m[AndroidUiautomator2Driver@756b]&amp#27;[0m Proxying [GET /appium/device/system_bars] to [GET http://127.0.0.1:8200/session/c58554df-ce34-4693-8bc8-74f386f9ff8d/appium/device/system_bars] with no body
[debug] &amp#27;[38;5;32m[AndroidUiautomator2Driver@756b]&amp#27;[0m Matched '/window/current/size' to command name 'getWindowSize'
[debug] &amp#27;[38;5;32m[AndroidUiautomator2Driver@756b]&amp#27;[0m Proxying [GET /window/current/size] to [GET http://127.0.0.1:8200/session/c58554df-ce34-4693-8bc8-74f386f9ff8d/window/current/size] with no body
[debug] &amp#27;[38;5;32m[AndroidUiautomator2Driver@756b]&amp#27;[0m Proxying [GET /appium/device/info] to [GET http://127.0.0.1:8200/session/c58554df-ce34-4693-8bc8-74f386f9ff8d/appium/device/info] with no body
[debug] &amp#27;[38;5;48m[ADB]&amp#27;[0m Running '/Users/user/Library/Android/sdk/platform-tools/adb -P 5037 -s emulator-5554 shell dumpsys window'
[debug] &amp#27;[38;5;48m[ADB]&amp#27;[0m Running '/Users/user/Library/Android/sdk/platform-tools/adb -P 5037 -s emulator-5554 shell dumpsys power'
[debug] &amp#27;[38;5;32m[AndroidUiautomator2Driver@756b]&amp#27;[0m Got response with status 200: {"sessionId":"c58554df-ce34-4693-8bc8-74f386f9ff8d","value":3.5}
[debug] &amp#27;[38;5;32m[AndroidUiautomator2Driver@756b]&amp#27;[0m Got response with status 200: {"sessionId":"c58554df-ce34-4693-8bc8-74f386f9ff8d","value":{"height":2560,"width":1440}}
[debug] &amp#27;[38;5;32m[AndroidUiautomator2Driver@756b]&amp#27;[0m Got response with status 200: {"sessionId":"c58554df-ce34-4693-8bc8-74f386f9ff8d","value":{"statusBar":84}}
[debug] &amp#27;[38;5;32m[AndroidUiautomator2Driver@756b]&amp#27;[0m Got response with status 200: {"sessionId":"c58554df-ce34-4693-8bc8-74f386f9ff8d","value":{"androidId":"2971f550e3e739a1","apiVersion":"33","bluetooth":{"state":"ON"},"brand":"google","carrierName":"T-Mobile","displayDensity":560,"locale":"en_US","manufacturer":"Google","model":"sdk_gphone64_x86_64","networks":[{"capabilities":{"SSID":null,"linkDownBandwidthKbps":30000,"linkUpstreamBandwidthKbps":12000,"networkCapabilities":"NET_CAPABILITY_NOT_METERED,NET_CAPABILITY_INTERNET,NET_CAPABILITY_NOT_RESTRICTED,NET_CAPABILITY_TRUSTED,NET_CAPABILITY_NOT_VPN,NET_CAPABILITY_NOT_ROAMING,NET_CAPABILITY_FOREGROUND,NET_CAPABILITY_NOT_CONGESTED,NET_CAPABILITY_NOT_SUSPENDED","signalStrength":-50,"transportTypes":"TRANSPORT_WIFI"},"detailedState":"CONNECTED","extraInfo":"","isAvailable":true,"isConnected":true,"isFailover":false,"isRoaming":false,"state":"CONNECTED","subtype":-1,"subtypeName":"","type":1,"typeName":"WIFI"}],"platformVersion":"13","realDisplaySize":"1440x2560","timeZone":"Africa/Lagos"}}
&amp#27;[38;5;32m[AndroidUiautomator2Driver@756b]&amp#27;[0m Screen already unlocked, doing nothing
&amp#27;[38;5;32m[AndroidUiautomator2Driver@756b]&amp#27;[0m Starting 'com.androidsample.generalstore/com.androidsample.generalstore.SplashActivity and waiting for 'com.androidsample.generalstore/com.androidsample.generalstore.SplashActivity'
[debug] &amp#27;[38;5;48m[ADB]&amp#27;[0m Running '/Users/user/Library/Android/sdk/platform-tools/adb -P 5037 -s emulator-5554 shell am start -W -n com.androidsample.generalstore/com.androidsample.generalstore.SplashActivity -S -a android.intent.action.MAIN -c android.intent.category.LAUNCHER -f 0x10200000'
[debug] &amp#27;[38;5;48m[ADB]&amp#27;[0m Waiting up to 20000ms for activity matching pkg: 'com.androidsample.generalstore' and activity: 'com.androidsample.generalstore.SplashActivity' to be focused
[debug] &amp#27;[38;5;48m[ADB]&amp#27;[0m Possible activities, to be checked: 'com.androidsample.generalstore.SplashActivity', 'com.androidsample.generalstore.com.androidsample.generalstore.SplashActivity'
[debug] &amp#27;[38;5;48m[ADB]&amp#27;[0m Getting focused package and activity
[debug] &amp#27;[38;5;48m[ADB]&amp#27;[0m Running '/Users/user/Library/Android/sdk/platform-tools/adb -P 5037 -s emulator-5554 shell dumpsys window displays'
[debug] &amp#27;[38;5;48m[ADB]&amp#27;[0m Found package: 'com.androidsample.generalstore' and fully qualified activity name : 'com.androidsample.generalstore.SplashActivity'
&amp#27;[38;5;16m[AppiumDriver@d28a]&amp#27;[0m New AndroidUiautomator2Driver session created successfully, session dfe5339f-c9cb-463f-846e-bada59d9e7b7 added to master session list
[debug] &amp#27;[38;5;16m[AppiumDriver@d28a]&amp#27;[0m Event 'newSessionStarted' logged at 1721637302819 (09:35:02 GMT+0100 (West Africa Standard Time))
[debug] &amp#27;[38;5;32m[AndroidUiautomator2Driver@756b]&amp#27;[0m Cached the protocol value 'W3C' for the new session dfe5339f-c9cb-463f-846e-bada59d9e7b7
[debug] &amp#27;[38;5;32m[AndroidUiautomator2Driver@756b]&amp#27;[0m Responding to client with driver.createSession() result: {"capabilities":{"platformName":"ANDROID","chromedriverExecutable":"/Users/user/eclipse-workspace/AppiumFrameworkDesign//src//test//java//org//dandytech//testApps//chromedriver","deviceName":"emulator-5554","automationName":"UIAutomator2","app":"/Users/user/eclipse-workspace/AppiumFrameworkDesign//src//test//java//org//dandytech//testApps//General-Store.apk","platform":"LINUX","webStorageEnabled":false,"takesScreenshot":true,"javascriptEnabled":true,"databaseEnabled":false,"networkConnectionEnabled":true,"locationContextEnabled":false,"warnings":{},"desired":{"platformName":"ANDROID","chromedriverExecutable":"/Users/user/eclipse-workspace/AppiumFrameworkDesign//src//test//java//org//dandytech//testApps//chromedriver","deviceName":"Nexus 6P API 33","automationName":"UIAutomator2","app":"/Users/user/eclipse-workspace/AppiumFrameworkDesign//src//test//java//org//dandytech//testApps//General-Store.apk"},"deviceUDID":"emulator-5554","appPackage":"com.androidsample.generalstore","pixelRatio":"3.5","statBarHeight...
&amp#27;[38;5;0m[HTTP]&amp#27;[0m <-- POST /session 200 7177 ms - 1316 
&amp#27;[38;5;0m[HTTP]&amp#27;[0m &amp#27;[37m-->&amp#27;[39m &amp#27;[37mPOST&amp#27;[39m &amp#27;[37m/session/dfe5339f-c9cb-463f-846e-bada59d9e7b7/timeouts&amp#27;[39m {"implicit":10000}
[debug] &amp#27;[38;5;32m[AndroidUiautomator2Driver@756b]&amp#27;[0m Calling AppiumDriver.timeouts() with args: [null,null,null,null,10000,"dfe5339f-c9cb-463f-846e-bada59d9e7b7"]
[debug] &amp#27;[38;5;32m[AndroidUiautomator2Driver@756b]&amp#27;[0m W3C timeout argument: {"implicit":10000}}
[debug] &amp#27;[38;5;32m[AndroidUiautomator2Driver@756b]&amp#27;[0m Set implicit wait to 10000ms
[debug] &amp#27;[38;5;32m[AndroidUiautomator2Driver@756b]&amp#27;[0m Responding to client with driver.timeouts() result: null
&amp#27;[38;5;0m[HTTP]&amp#27;[0m <-- POST /session/dfe5339f-c9cb-463f-846e-bada59d9e7b7/timeouts 200 9 ms - 14 
&amp#27;[38;5;0m[HTTP]&amp#27;[0m &amp#27;[37m-->&amp#27;[39m &amp#27;[37mGET&amp#27;[39m &amp#27;[37m/session/dfe5339f-c9cb-463f-846e-bada59d9e7b7/context&amp#27;[39m {}
[debug] &amp#27;[38;5;32m[AndroidUiautomator2Driver@756b]&amp#27;[0m Calling AppiumDriver.getCurrentContext() with args: ["dfe5339f-c9cb-463f-846e-bada59d9e7b7"]
[debug] &amp#27;[38;5;32m[AndroidUiautomator2Driver@756b]&amp#27;[0m Responding to client with driver.getCurrentContext() result: "NATIVE_APP"
&amp#27;[38;5;0m[HTTP]&amp#27;[0m <-- GET /session/dfe5339f-c9cb-463f-846e-bada59d9e7b7/context 200 4 ms - 22 
&amp#27;[38;5;0m[HTTP]&amp#27;[0m &amp#27;[37m-->&amp#27;[39m &amp#27;[37mPOST&amp#27;[39m &amp#27;[37m/session/dfe5339f-c9cb-463f-846e-bada59d9e7b7/element&amp#27;[39m {"using":"id","value":"com.androidsample.generalstore:id/nameField"}
[debug] &amp#27;[38;5;32m[AndroidUiautomator2Driver@756b]&amp#27;[0m Calling AppiumDriver.findElement() with args: ["id","com.androidsample.generalstore:id/nameField","dfe5339f-c9cb-463f-846e-bada59d9e7b7"]
[debug] &amp#27;[38;5;32m[AndroidUiautomator2Driver@756b]&amp#27;[0m Valid locator strategies for this request: xpath, id, class name, accessibility id, css selector, -android uiautomator
[debug] &amp#27;[38;5;32m[AndroidUiautomator2Driver@756b]&amp#27;[0m Waiting up to 10000 ms for condition
[debug] &amp#27;[38;5;32m[AndroidUiautomator2Driver@756b]&amp#27;[0m Matched '/element' to command name 'findElement'
[debug] &amp#27;[38;5;32m[AndroidUiautomator2Driver@756b]&amp#27;[0m Proxying [POST /element] to [POST http://127.0.0.1:8200/session/c58554df-ce34-4693-8bc8-74f386f9ff8d/element] with body: {"strategy":"id","selector":"com.androidsample.generalstore:id/nameField","context":"","multiple":false}
&amp#27;[38;5;32m[AndroidUiautomator2Driver@756b]&amp#27;[0m Got response with status 404: {"sessionId":"c58554df-ce34-4693-8bc8-74f386f9ff8d","value":{"error":"no such element","message":"An element could not be located on the page using the given search parameters","stacktrace":"io.appium.uiautomator2.common.exceptions.ElementNotFoundException: An element could not be located on the page using the given search parameters\n\tat io.appium.uiautomator2.handler.FindElement.safeHandle(FindElement.java:63)\n\tat io.appium.uiautomator2.handler.request.SafeRequestHandler.handle(SafeRequestHandler.java:59)\n\tat io.appium.uiautomator2.server.AppiumServlet.handleRequest(AppiumServlet.java:259)\n\tat io.appium.uiautomator2.server.AppiumServlet.handleHttpRequest(AppiumServlet.java:253)\n\tat io.appium.uiautomator2.http.ServerHandler.channelRead(ServerHandler.java:77)\n\tat io.netty.channel.AbstractChannelHandlerContext.invokeChannelRead(AbstractChannelHandlerContext.java:366)\n\tat io.netty.channel.AbstractChannelHandlerContext.invokeChannelRead(AbstractChannelHandlerContext.java:352)\n\tat io.netty.chann...
[debug] &amp#27;[38;5;96m[W3C]&amp#27;[0m Matched W3C error code 'no such element' to NoSuchElementError
[debug] &amp#27;[38;5;32m[AndroidUiautomator2Driver@756b]&amp#27;[0m Waited for 38 ms so far
[debug] &amp#27;[38;5;32m[AndroidUiautomator2Driver@756b]&amp#27;[0m Matched '/element' to command name 'findElement'
[debug] &amp#27;[38;5;32m[AndroidUiautomator2Driver@756b]&amp#27;[0m Proxying [POST /element] to [POST http://127.0.0.1:8200/session/c58554df-ce34-4693-8bc8-74f386f9ff8d/element] with body: {"strategy":"id","selector":"com.androidsample.generalstore:id/nameField","context":"","multiple":false}
&amp#27;[38;5;32m[AndroidUiautomator2Driver@756b]&amp#27;[0m Got response with status 404: {"sessionId":"c58554df-ce34-4693-8bc8-74f386f9ff8d","value":{"error":"no such element","message":"An element could not be located on the page using the given search parameters","stacktrace":"io.appium.uiautomator2.common.exceptions.ElementNotFoundException: An element could not be located on the page using the given search parameters\n\tat io.appium.uiautomator2.handler.FindElement.safeHandle(FindElement.java:63)\n\tat io.appium.uiautomator2.handler.request.SafeRequestHandler.handle(SafeRequestHandler.java:59)\n\tat io.appium.uiautomator2.server.AppiumServlet.handleRequest(AppiumServlet.java:259)\n\tat io.appium.uiautomator2.server.AppiumServlet.handleHttpRequest(AppiumServlet.java:253)\n\tat io.appium.uiautomator2.http.ServerHandler.channelRead(ServerHandler.java:77)\n\tat io.netty.channel.AbstractChannelHandlerContext.invokeChannelRead(AbstractChannelHandlerContext.java:366)\n\tat io.netty.channel.AbstractChannelHandlerContext.invokeChannelRead(AbstractChannelHandlerContext.java:352)\n\tat io.netty.chann...
[debug] &amp#27;[38;5;96m[W3C]&amp#27;[0m Matched W3C error code 'no such element' to NoSuchElementError
[debug] &amp#27;[38;5;32m[AndroidUiautomator2Driver@756b]&amp#27;[0m Waited for 559 ms so far
[debug] &amp#27;[38;5;32m[AndroidUiautomator2Driver@756b]&amp#27;[0m Matched '/element' to command name 'findElement'
[debug] &amp#27;[38;5;32m[AndroidUiautomator2Driver@756b]&amp#27;[0m Proxying [POST /element] to [POST http://127.0.0.1:8200/session/c58554df-ce34-4693-8bc8-74f386f9ff8d/element] with body: {"strategy":"id","selector":"com.androidsample.generalstore:id/nameField","context":"","multiple":false}
&amp#27;[38;5;32m[AndroidUiautomator2Driver@756b]&amp#27;[0m Got response with status 404: {"sessionId":"c58554df-ce34-4693-8bc8-74f386f9ff8d","value":{"error":"no such element","message":"An element could not be located on the page using the given search parameters","stacktrace":"io.appium.uiautomator2.common.exceptions.ElementNotFoundException: An element could not be located on the page using the given search parameters\n\tat io.appium.uiautomator2.handler.FindElement.safeHandle(FindElement.java:63)\n\tat io.appium.uiautomator2.handler.request.SafeRequestHandler.handle(SafeRequestHandler.java:59)\n\tat io.appium.uiautomator2.server.AppiumServlet.handleRequest(AppiumServlet.java:259)\n\tat io.appium.uiautomator2.server.AppiumServlet.handleHttpRequest(AppiumServlet.java:253)\n\tat io.appium.uiautomator2.http.ServerHandler.channelRead(ServerHandler.java:77)\n\tat io.netty.channel.AbstractChannelHandlerContext.invokeChannelRead(AbstractChannelHandlerContext.java:366)\n\tat io.netty.channel.AbstractChannelHandlerContext.invokeChannelRead(AbstractChannelHandlerContext.java:352)\n\tat io.netty.chann...
[debug] &amp#27;[38;5;96m[W3C]&amp#27;[0m Matched W3C error code 'no such element' to NoSuchElementError
[debug] &amp#27;[38;5;32m[AndroidUiautomator2Driver@756b]&amp#27;[0m Waited for 1083 ms so far
[debug] &amp#27;[38;5;32m[AndroidUiautomator2Driver@756b]&amp#27;[0m Matched '/element' to command name 'findElement'
[debug] &amp#27;[38;5;32m[AndroidUiautomator2Driver@756b]&amp#27;[0m Proxying [POST /element] to [POST http://127.0.0.1:8200/session/c58554df-ce34-4693-8bc8-74f386f9ff8d/element] with body: {"strategy":"id","selector":"com.androidsample.generalstore:id/nameField","context":"","multiple":false}
&amp#27;[38;5;32m[AndroidUiautomator2Driver@756b]&amp#27;[0m Got response with status 404: {"sessionId":"c58554df-ce34-4693-8bc8-74f386f9ff8d","value":{"error":"no such element","message":"An element could not be located on the page using the given search parameters","stacktrace":"io.appium.uiautomator2.common.exceptions.ElementNotFoundException: An element could not be located on the page using the given search parameters\n\tat io.appium.uiautomator2.handler.FindElement.safeHandle(FindElement.java:63)\n\tat io.appium.uiautomator2.handler.request.SafeRequestHandler.handle(SafeRequestHandler.java:59)\n\tat io.appium.uiautomator2.server.AppiumServlet.handleRequest(AppiumServlet.java:259)\n\tat io.appium.uiautomator2.server.AppiumServlet.handleHttpRequest(AppiumServlet.java:253)\n\tat io.appium.uiautomator2.http.ServerHandler.channelRead(ServerHandler.java:77)\n\tat io.netty.channel.AbstractChannelHandlerContext.invokeChannelRead(AbstractChannelHandlerContext.java:366)\n\tat io.netty.channel.AbstractChannelHandlerContext.invokeChannelRead(AbstractChannelHandlerContext.java:352)\n\tat io.netty.chann...
[debug] &amp#27;[38;5;96m[W3C]&amp#27;[0m Matched W3C error code 'no such element' to NoSuchElementError
[debug] &amp#27;[38;5;32m[AndroidUiautomator2Driver@756b]&amp#27;[0m Waited for 1606 ms so far
[debug] &amp#27;[38;5;32m[AndroidUiautomator2Driver@756b]&amp#27;[0m Matched '/element' to command name 'findElement'
[debug] &amp#27;[38;5;32m[AndroidUiautomator2Driver@756b]&amp#27;[0m Proxying [POST /element] to [POST http://127.0.0.1:8200/session/c58554df-ce34-4693-8bc8-74f386f9ff8d/element] with body: {"strategy":"id","selector":"com.androidsample.generalstore:id/nameField","context":"","multiple":false}
[debug] &amp#27;[38;5;32m[AndroidUiautomator2Driver@756b]&amp#27;[0m Got response with status 200: {"sessionId":"c58554df-ce34-4693-8bc8-74f386f9ff8d","value":{"ELEMENT":"00000000-0000-02f6-ffff-ffff0000001c","element-6066-11e4-a52e-4f735466cecf":"00000000-0000-02f6-ffff-ffff0000001c"}}
[debug] &amp#27;[38;5;32m[AndroidUiautomator2Driver@756b]&amp#27;[0m Responding to client with driver.findElement() result: {"element-6066-11e4-a52e-4f735466cecf":"00000000-0000-02f6-ffff-ffff0000001c","ELEMENT":"00000000-0000-02f6-ffff-ffff0000001c"}
&amp#27;[38;5;0m[HTTP]&amp#27;[0m <-- POST /session/dfe5339f-c9cb-463f-846e-bada59d9e7b7/element 200 2837 ms - 137 
&amp#27;[38;5;0m[HTTP]&amp#27;[0m &amp#27;[37m-->&amp#27;[39m &amp#27;[37mPOST&amp#27;[39m &amp#27;[37m/session/dfe5339f-c9cb-463f-846e-bada59d9e7b7/element/00000000-0000-02f6-ffff-ffff0000001c/value&amp#27;[39m {"id":"00000000-0000-02f6-ffff-ffff0000001c","value":["D","a","n","i","e","l"," ","A","m","a","e","c","h","i"],"text":"Daniel Amaechi"}
[debug] &amp#27;[38;5;32m[AndroidUiautomator2Driver@756b]&amp#27;[0m Calling AppiumDriver.setValue() with args: [["D","a","n","i","e","l"," ","A","m","a","e","c","h","i"],"00000000-0000-02f6-ffff-ffff0000001c","dfe5339f-c9cb-463f-846e-bada59d9e7b7"]
[debug] &amp#27;[38;5;32m[AndroidUiautomator2Driver@756b]&amp#27;[0m Matched '/element/00000000-0000-02f6-ffff-ffff0000001c/value' to command name 'setValue'
[debug] &amp#27;[38;5;32m[AndroidUiautomator2Driver@756b]&amp#27;[0m Added 'value' property ["D","a","n","i","e","l"," ","A","m","a","e","c","h","i"] to 'setValue' request body
[debug] &amp#27;[38;5;32m[AndroidUiautomator2Driver@756b]&amp#27;[0m Proxying [POST /element/00000000-0000-02f6-ffff-ffff0000001c/value] to [POST http://127.0.0.1:8200/session/c58554df-ce34-4693-8bc8-74f386f9ff8d/element/00000000-0000-02f6-ffff-ffff0000001c/value] with body: {"elementId":"00000000-0000-02f6-ffff-ffff0000001c","text":"Daniel Amaechi","replace":false,"value":["D","a","n","i","e","l"," ","A","m","a","e","c","h","i"]}
[debug] &amp#27;[38;5;32m[AndroidUiautomator2Driver@756b]&amp#27;[0m Got response with status 200: {"sessionId":"c58554df-ce34-4693-8bc8-74f386f9ff8d","value":null}
[debug] &amp#27;[38;5;32m[AndroidUiautomator2Driver@756b]&amp#27;[0m Responding to client with driver.setValue() result: null
&amp#27;[38;5;0m[HTTP]&amp#27;[0m <-- POST /session/dfe5339f-c9cb-463f-846e-bada59d9e7b7/element/00000000-0000-02f6-ffff-ffff0000001c/value 200 1046 ms - 14 
&amp#27;[38;5;0m[HTTP]&amp#27;[0m &amp#27;[37m-->&amp#27;[39m &amp#27;[37mPOST&amp#27;[39m &amp#27;[37m/session/dfe5339f-c9cb-463f-846e-bada59d9e7b7/execute/sync&amp#27;[39m {"args":[],"script":"mobile: hideKeyboard"}
[debug] &amp#27;[38;5;32m[AndroidUiautomator2Driver@756b]&amp#27;[0m Calling AppiumDriver.execute() with args: ["mobile: hideKeyboard",[],"dfe5339f-c9cb-463f-846e-bada59d9e7b7"]
&amp#27;[38;5;32m[AndroidUiautomator2Driver@756b]&amp#27;[0m Executing native command 'mobile: hideKeyboard'
[debug] &amp#27;[38;5;48m[ADB]&amp#27;[0m Running '/Users/user/Library/Android/sdk/platform-tools/adb -P 5037 -s emulator-5554 shell dumpsys input_method'
&amp#27;[38;5;48m[ADB]&amp#27;[0m Keyboard has no UI; no closing necessary
[debug] &amp#27;[38;5;32m[AndroidUiautomator2Driver@756b]&amp#27;[0m Responding to client with driver.execute() result: false
&amp#27;[38;5;0m[HTTP]&amp#27;[0m <-- POST /session/dfe5339f-c9cb-463f-846e-bada59d9e7b7/execute/sync 200 307 ms - 15 
&amp#27;[38;5;0m[HTTP]&amp#27;[0m &amp#27;[37m-->&amp#27;[39m &amp#27;[37mGET&amp#27;[39m &amp#27;[37m/session/dfe5339f-c9cb-463f-846e-bada59d9e7b7/context&amp#27;[39m {}
[debug] &amp#27;[38;5;32m[AndroidUiautomator2Driver@756b]&amp#27;[0m Calling AppiumDriver.getCurrentContext() with args: ["dfe5339f-c9cb-463f-846e-bada59d9e7b7"]
[debug] &amp#27;[38;5;32m[AndroidUiautomator2Driver@756b]&amp#27;[0m Responding to client with driver.getCurrentContext() result: "NATIVE_APP"
&amp#27;[38;5;0m[HTTP]&amp#27;[0m <-- GET /session/dfe5339f-c9cb-463f-846e-bada59d9e7b7/context 200 2 ms - 22 
&amp#27;[38;5;0m[HTTP]&amp#27;[0m &amp#27;[37m-->&amp#27;[39m &amp#27;[37mPOST&amp#27;[39m &amp#27;[37m/session/dfe5339f-c9cb-463f-846e-bada59d9e7b7/element&amp#27;[39m {"using":"xpath","value":"//android.widget.RadioButton[@text='Male']"}
[debug] &amp#27;[38;5;32m[AndroidUiautomator2Driver@756b]&amp#27;[0m Calling AppiumDriver.findElement() with args: ["xpath","//android.widget.RadioButton[@text='Male']","dfe5339f-c9cb-463f-846e-bada59d9e7b7"]
[debug] &amp#27;[38;5;32m[AndroidUiautomator2Driver@756b]&amp#27;[0m Valid locator strategies for this request: xpath, id, class name, accessibility id, css selector, -android uiautomator
[debug] &amp#27;[38;5;32m[AndroidUiautomator2Driver@756b]&amp#27;[0m Waiting up to 10000 ms for condition
[debug] &amp#27;[38;5;32m[AndroidUiautomator2Driver@756b]&amp#27;[0m Matched '/element' to command name 'findElement'
[debug] &amp#27;[38;5;32m[AndroidUiautomator2Driver@756b]&amp#27;[0m Proxying [POST /element] to [POST http://127.0.0.1:8200/session/c58554df-ce34-4693-8bc8-74f386f9ff8d/element] with body: {"strategy":"xpath","selector":"//android.widget.RadioButton[@text='Male']","context":"","multiple":false}
[debug] &amp#27;[38;5;32m[AndroidUiautomator2Driver@756b]&amp#27;[0m Got response with status 200: {"sessionId":"c58554df-ce34-4693-8bc8-74f386f9ff8d","value":{"ELEMENT":"00000000-0000-02f6-ffff-ffff0000001f","element-6066-11e4-a52e-4f735466cecf":"00000000-0000-02f6-ffff-ffff0000001f"}}
[debug] &amp#27;[38;5;32m[AndroidUiautomator2Driver@756b]&amp#27;[0m Responding to client with driver.findElement() result: {"element-6066-11e4-a52e-4f735466cecf":"00000000-0000-02f6-ffff-ffff0000001f","ELEMENT":"00000000-0000-02f6-ffff-ffff0000001f"}
&amp#27;[38;5;0m[HTTP]&amp#27;[0m <-- POST /session/dfe5339f-c9cb-463f-846e-bada59d9e7b7/element 200 496 ms - 137 
&amp#27;[38;5;0m[HTTP]&amp#27;[0m &amp#27;[37m-->&amp#27;[39m &amp#27;[37mPOST&amp#27;[39m &amp#27;[37m/session/dfe5339f-c9cb-463f-846e-bada59d9e7b7/element/00000000-0000-02f6-ffff-ffff0000001f/click&amp#27;[39m {"id":"00000000-0000-02f6-ffff-ffff0000001f"}
[debug] &amp#27;[38;5;32m[AndroidUiautomator2Driver@756b]&amp#27;[0m Calling AppiumDriver.click() with args: ["00000000-0000-02f6-ffff-ffff0000001f","dfe5339f-c9cb-463f-846e-bada59d9e7b7"]
[debug] &amp#27;[38;5;32m[AndroidUiautomator2Driver@756b]&amp#27;[0m Matched '/element/00000000-0000-02f6-ffff-ffff0000001f/click' to command name 'click'
[debug] &amp#27;[38;5;32m[AndroidUiautomator2Driver@756b]&amp#27;[0m Proxying [POST /element/00000000-0000-02f6-ffff-ffff0000001f/click] to [POST http://127.0.0.1:8200/session/c58554df-ce34-4693-8bc8-74f386f9ff8d/element/00000000-0000-02f6-ffff-ffff0000001f/click] with body: {"element":"00000000-0000-02f6-ffff-ffff0000001f"}
[debug] &amp#27;[38;5;32m[AndroidUiautomator2Driver@756b]&amp#27;[0m Got response with status 200: {"sessionId":"c58554df-ce34-4693-8bc8-74f386f9ff8d","value":null}
[debug] &amp#27;[38;5;32m[AndroidUiautomator2Driver@756b]&amp#27;[0m Responding to client with driver.click() result: null
&amp#27;[38;5;0m[HTTP]&amp#27;[0m <-- POST /session/dfe5339f-c9cb-463f-846e-bada59d9e7b7/element/00000000-0000-02f6-ffff-ffff0000001f/click 200 89 ms - 14 
&amp#27;[38;5;0m[HTTP]&amp#27;[0m &amp#27;[37m-->&amp#27;[39m &amp#27;[37mGET&amp#27;[39m &amp#27;[37m/session/dfe5339f-c9cb-463f-846e-bada59d9e7b7/context&amp#27;[39m {}
[debug] &amp#27;[38;5;32m[AndroidUiautomator2Driver@756b]&amp#27;[0m Calling AppiumDriver.getCurrentContext() with args: ["dfe5339f-c9cb-463f-846e-bada59d9e7b7"]
[debug] &amp#27;[38;5;32m[AndroidUiautomator2Driver@756b]&amp#27;[0m Responding to client with driver.getCurrentContext() result: "NATIVE_APP"
&amp#27;[38;5;0m[HTTP]&amp#27;[0m <-- GET /session/dfe5339f-c9cb-463f-846e-bada59d9e7b7/context 200 2 ms - 22 
&amp#27;[38;5;0m[HTTP]&amp#27;[0m &amp#27;[37m-->&amp#27;[39m &amp#27;[37mPOST&amp#27;[39m &amp#27;[37m/session/dfe5339f-c9cb-463f-846e-bada59d9e7b7/element&amp#27;[39m {"using":"id","value":"com.androidsample.generalstore:id/spinnerCountry"}
[debug] &amp#27;[38;5;32m[AndroidUiautomator2Driver@756b]&amp#27;[0m Calling AppiumDriver.findElement() with args: ["id","com.androidsample.generalstore:id/spinnerCountry","dfe5339f-c9cb-463f-846e-bada59d9e7b7"]
[debug] &amp#27;[38;5;32m[AndroidUiautomator2Driver@756b]&amp#27;[0m Valid locator strategies for this request: xpath, id, class name, accessibility id, css selector, -android uiautomator
[debug] &amp#27;[38;5;32m[AndroidUiautomator2Driver@756b]&amp#27;[0m Waiting up to 10000 ms for condition
[debug] &amp#27;[38;5;32m[AndroidUiautomator2Driver@756b]&amp#27;[0m Matched '/element' to command name 'findElement'
[debug] &amp#27;[38;5;32m[AndroidUiautomator2Driver@756b]&amp#27;[0m Proxying [POST /element] to [POST http://127.0.0.1:8200/session/c58554df-ce34-4693-8bc8-74f386f9ff8d/element] with body: {"strategy":"id","selector":"com.androidsample.generalstore:id/spinnerCountry","context":"","multiple":false}
[debug] &amp#27;[38;5;32m[AndroidUiautomator2Driver@756b]&amp#27;[0m Got response with status 200: {"sessionId":"c58554df-ce34-4693-8bc8-74f386f9ff8d","value":{"ELEMENT":"00000000-0000-02f6-ffff-ffff0000001a","element-6066-11e4-a52e-4f735466cecf":"00000000-0000-02f6-ffff-ffff0000001a"}}
[debug] &amp#27;[38;5;32m[AndroidUiautomator2Driver@756b]&amp#27;[0m Responding to client with driver.findElement() result: {"element-6066-11e4-a52e-4f735466cecf":"00000000-0000-02f6-ffff-ffff0000001a","ELEMENT":"00000000-0000-02f6-ffff-ffff0000001a"}
&amp#27;[38;5;0m[HTTP]&amp#27;[0m <-- POST /session/dfe5339f-c9cb-463f-846e-bada59d9e7b7/element 200 397 ms - 137 
&amp#27;[38;5;0m[HTTP]&amp#27;[0m &amp#27;[37m-->&amp#27;[39m &amp#27;[37mPOST&amp#27;[39m &amp#27;[37m/session/dfe5339f-c9cb-463f-846e-bada59d9e7b7/element/00000000-0000-02f6-ffff-ffff0000001a/click&amp#27;[39m {"id":"00000000-0000-02f6-ffff-ffff0000001a"}
[debug] &amp#27;[38;5;32m[AndroidUiautomator2Driver@756b]&amp#27;[0m Calling AppiumDriver.click() with args: ["00000000-0000-02f6-ffff-ffff0000001a","dfe5339f-c9cb-463f-846e-bada59d9e7b7"]
[debug] &amp#27;[38;5;32m[AndroidUiautomator2Driver@756b]&amp#27;[0m Matched '/element/00000000-0000-02f6-ffff-ffff0000001a/click' to command name 'click'
[debug] &amp#27;[38;5;32m[AndroidUiautomator2Driver@756b]&amp#27;[0m Proxying [POST /element/00000000-0000-02f6-ffff-ffff0000001a/click] to [POST http://127.0.0.1:8200/session/c58554df-ce34-4693-8bc8-74f386f9ff8d/element/00000000-0000-02f6-ffff-ffff0000001a/click] with body: {"element":"00000000-0000-02f6-ffff-ffff0000001a"}
[debug] &amp#27;[38;5;32m[AndroidUiautomator2Driver@756b]&amp#27;[0m Got response with status 200: {"sessionId":"c58554df-ce34-4693-8bc8-74f386f9ff8d","value":null}
[debug] &amp#27;[38;5;32m[AndroidUiautomator2Driver@756b]&amp#27;[0m Responding to client with driver.click() result: null
&amp#27;[38;5;0m[HTTP]&amp#27;[0m <-- POST /session/dfe5339f-c9cb-463f-846e-bada59d9e7b7/element/00000000-0000-02f6-ffff-ffff0000001a/click 200 165 ms - 14 
&amp#27;[38;5;0m[HTTP]&amp#27;[0m &amp#27;[37m-->&amp#27;[39m &amp#27;[37mPOST&amp#27;[39m &amp#27;[37m/session/dfe5339f-c9cb-463f-846e-bada59d9e7b7/element&amp#27;[39m {"using":"-android uiautomator","value":"new UiScrollable(new UiSelector()).scrollIntoView(text(\"Aruba\"))"}
[debug] &amp#27;[38;5;32m[AndroidUiautomator2Driver@756b]&amp#27;[0m Calling AppiumDriver.findElement() with args: ["-android uiautomator","new UiScrollable(new UiSelector()).scrollIntoView(text(\"Aruba\"))","dfe5339f-c9cb-463f-846e-bada59d9e7b7"]
[debug] &amp#27;[38;5;32m[AndroidUiautomator2Driver@756b]&amp#27;[0m Valid locator strategies for this request: xpath, id, class name, accessibility id, css selector, -android uiautomator
[debug] &amp#27;[38;5;32m[AndroidUiautomator2Driver@756b]&amp#27;[0m Waiting up to 10000 ms for condition
[debug] &amp#27;[38;5;32m[AndroidUiautomator2Driver@756b]&amp#27;[0m Matched '/element' to command name 'findElement'
[debug] &amp#27;[38;5;32m[AndroidUiautomator2Driver@756b]&amp#27;[0m Proxying [POST /element] to [POST http://127.0.0.1:8200/session/c58554df-ce34-4693-8bc8-74f386f9ff8d/element] with body: {"strategy":"-android uiautomator","selector":"new UiScrollable(new UiSelector()).scrollIntoView(text(\"Aruba\"))","context":"","multiple":false}
[debug] &amp#27;[38;5;32m[AndroidUiautomator2Driver@756b]&amp#27;[0m Got response with status 200: {"sessionId":"c58554df-ce34-4693-8bc8-74f386f9ff8d","value":{"ELEMENT":"00000000-0000-02f7-ffff-ffff0000002b","element-6066-11e4-a52e-4f735466cecf":"00000000-0000-02f7-ffff-ffff0000002b"}}
[debug] &amp#27;[38;5;32m[AndroidUiautomator2Driver@756b]&amp#27;[0m Responding to client with driver.findElement() result: {"element-6066-11e4-a52e-4f735466cecf":"00000000-0000-02f7-ffff-ffff0000002b","ELEMENT":"00000000-0000-02f7-ffff-ffff0000002b"}
&amp#27;[38;5;0m[HTTP]&amp#27;[0m <-- POST /session/dfe5339f-c9cb-463f-846e-bada59d9e7b7/element 200 5689 ms - 137 
&amp#27;[38;5;0m[HTTP]&amp#27;[0m &amp#27;[37m-->&amp#27;[39m &amp#27;[37mPOST&amp#27;[39m &amp#27;[37m/session/dfe5339f-c9cb-463f-846e-bada59d9e7b7/element&amp#27;[39m {"using":"xpath","value":"//android.widget.TextView[@text='Aruba']"}
[debug] &amp#27;[38;5;32m[AndroidUiautomator2Driver@756b]&amp#27;[0m Calling AppiumDriver.findElement() with args: ["xpath","//android.widget.TextView[@text='Aruba']","dfe5339f-c9cb-463f-846e-bada59d9e7b7"]
[debug] &amp#27;[38;5;32m[AndroidUiautomator2Driver@756b]&amp#27;[0m Valid locator strategies for this request: xpath, id, class name, accessibility id, css selector, -android uiautomator
[debug] &amp#27;[38;5;32m[AndroidUiautomator2Driver@756b]&amp#27;[0m Waiting up to 10000 ms for condition
[debug] &amp#27;[38;5;32m[AndroidUiautomator2Driver@756b]&amp#27;[0m Matched '/element' to command name 'findElement'
[debug] &amp#27;[38;5;32m[AndroidUiautomator2Driver@756b]&amp#27;[0m Proxying [POST /element] to [POST http://127.0.0.1:8200/session/c58554df-ce34-4693-8bc8-74f386f9ff8d/element] with body: {"strategy":"xpath","selector":"//android.widget.TextView[@text='Aruba']","context":"","multiple":false}
[debug] &amp#27;[38;5;32m[AndroidUiautomator2Driver@756b]&amp#27;[0m Got response with status 200: {"sessionId":"c58554df-ce34-4693-8bc8-74f386f9ff8d","value":{"ELEMENT":"00000000-0000-02f7-ffff-ffff0000002b","element-6066-11e4-a52e-4f735466cecf":"00000000-0000-02f7-ffff-ffff0000002b"}}
[debug] &amp#27;[38;5;32m[AndroidUiautomator2Driver@756b]&amp#27;[0m Responding to client with driver.findElement() result: {"element-6066-11e4-a52e-4f735466cecf":"00000000-0000-02f7-ffff-ffff0000002b","ELEMENT":"00000000-0000-02f7-ffff-ffff0000002b"}
&amp#27;[38;5;0m[HTTP]&amp#27;[0m <-- POST /session/dfe5339f-c9cb-463f-846e-bada59d9e7b7/element 200 72 ms - 137 
&amp#27;[38;5;0m[HTTP]&amp#27;[0m &amp#27;[37m-->&amp#27;[39m &amp#27;[37mPOST&amp#27;[39m &amp#27;[37m/session/dfe5339f-c9cb-463f-846e-bada59d9e7b7/element/00000000-0000-02f7-ffff-ffff0000002b/click&amp#27;[39m {"id":"00000000-0000-02f7-ffff-ffff0000002b"}
[debug] &amp#27;[38;5;32m[AndroidUiautomator2Driver@756b]&amp#27;[0m Calling AppiumDriver.click() with args: ["00000000-0000-02f7-ffff-ffff0000002b","dfe5339f-c9cb-463f-846e-bada59d9e7b7"]
[debug] &amp#27;[38;5;32m[AndroidUiautomator2Driver@756b]&amp#27;[0m Matched '/element/00000000-0000-02f7-ffff-ffff0000002b/click' to command name 'click'
[debug] &amp#27;[38;5;32m[AndroidUiautomator2Driver@756b]&amp#27;[0m Proxying [POST /element/00000000-0000-02f7-ffff-ffff0000002b/click] to [POST http://127.0.0.1:8200/session/c58554df-ce34-4693-8bc8-74f386f9ff8d/element/00000000-0000-02f7-ffff-ffff0000002b/click] with body: {"element":"00000000-0000-02f7-ffff-ffff0000002b"}
[debug] &amp#27;[38;5;32m[AndroidUiautomator2Driver@756b]&amp#27;[0m Got response with status 200: {"sessionId":"c58554df-ce34-4693-8bc8-74f386f9ff8d","value":null}
[debug] &amp#27;[38;5;32m[AndroidUiautomator2Driver@756b]&amp#27;[0m Responding to client with driver.click() result: null
&amp#27;[38;5;0m[HTTP]&amp#27;[0m <-- POST /session/dfe5339f-c9cb-463f-846e-bada59d9e7b7/element/00000000-0000-02f7-ffff-ffff0000002b/click 200 781 ms - 14 
&amp#27;[38;5;0m[HTTP]&amp#27;[0m &amp#27;[37m-->&amp#27;[39m &amp#27;[37mPOST&amp#27;[39m &amp#27;[37m/session/dfe5339f-c9cb-463f-846e-bada59d9e7b7/element&amp#27;[39m {"using":"xpath","value":"//android.widget.TextView[@text='Aruba']"}
[debug] &amp#27;[38;5;32m[AndroidUiautomator2Driver@756b]&amp#27;[0m Calling AppiumDriver.findElement() with args: ["xpath","//android.widget.TextView[@text='Aruba']","dfe5339f-c9cb-463f-846e-bada59d9e7b7"]
[debug] &amp#27;[38;5;32m[AndroidUiautomator2Driver@756b]&amp#27;[0m Valid locator strategies for this request: xpath, id, class name, accessibility id, css selector, -android uiautomator
[debug] &amp#27;[38;5;32m[AndroidUiautomator2Driver@756b]&amp#27;[0m Waiting up to 10000 ms for condition
[debug] &amp#27;[38;5;32m[AndroidUiautomator2Driver@756b]&amp#27;[0m Matched '/element' to command name 'findElement'
[debug] &amp#27;[38;5;32m[AndroidUiautomator2Driver@756b]&amp#27;[0m Proxying [POST /element] to [POST http://127.0.0.1:8200/session/c58554df-ce34-4693-8bc8-74f386f9ff8d/element] with body: {"strategy":"xpath","selector":"//android.widget.TextView[@text='Aruba']","context":"","multiple":false}
[debug] &amp#27;[38;5;32m[AndroidUiautomator2Driver@756b]&amp#27;[0m Got response with status 200: {"sessionId":"c58554df-ce34-4693-8bc8-74f386f9ff8d","value":{"ELEMENT":"00000000-0000-02f6-ffff-ffff00000032","element-6066-11e4-a52e-4f735466cecf":"00000000-0000-02f6-ffff-ffff00000032"}}
[debug] &amp#27;[38;5;32m[AndroidUiautomator2Driver@756b]&amp#27;[0m Responding to client with driver.findElement() result: {"element-6066-11e4-a52e-4f735466cecf":"00000000-0000-02f6-ffff-ffff00000032","ELEMENT":"00000000-0000-02f6-ffff-ffff00000032"}
&amp#27;[38;5;0m[HTTP]&amp#27;[0m <-- POST /session/dfe5339f-c9cb-463f-846e-bada59d9e7b7/element 200 89 ms - 137 
&amp#27;[38;5;0m[HTTP]&amp#27;[0m &amp#27;[37m-->&amp#27;[39m &amp#27;[37mGET&amp#27;[39m &amp#27;[37m/session/dfe5339f-c9cb-463f-846e-bada59d9e7b7/element/00000000-0000-02f6-ffff-ffff00000032/text&amp#27;[39m {}
&amp#27;[38;5;32m[AndroidUiautomator2Driver@756b]&amp#27;[0m Driver proxy active, passing request on via HTTP proxy
[debug] &amp#27;[38;5;32m[AndroidUiautomator2Driver@756b]&amp#27;[0m Matched '/session/dfe5339f-c9cb-463f-846e-bada59d9e7b7/element/00000000-0000-02f6-ffff-ffff00000032/text' to command name 'getText'
[debug] &amp#27;[38;5;32m[AndroidUiautomator2Driver@756b]&amp#27;[0m Proxying [GET /session/dfe5339f-c9cb-463f-846e-bada59d9e7b7/element/00000000-0000-02f6-ffff-ffff00000032/text] to [GET http://127.0.0.1:8200/session/c58554df-ce34-4693-8bc8-74f386f9ff8d/element/00000000-0000-02f6-ffff-ffff00000032/text] with no body
[debug] &amp#27;[38;5;32m[AndroidUiautomator2Driver@756b]&amp#27;[0m Got response with status 200: {"sessionId":"c58554df-ce34-4693-8bc8-74f386f9ff8d","value":"Aruba"}
&amp#27;[38;5;32m[AndroidUiautomator2Driver@756b]&amp#27;[0m Replacing sessionId c58554df-ce34-4693-8bc8-74f386f9ff8d with dfe5339f-c9cb-463f-846e-bada59d9e7b7
&amp#27;[38;5;0m[HTTP]&amp#27;[0m <-- GET /session/dfe5339f-c9cb-463f-846e-bada59d9e7b7/element/00000000-0000-02f6-ffff-ffff00000032/text 200 18 ms - 68 
Aruba
&amp#27;[38;5;0m[HTTP]&amp#27;[0m &amp#27;[37m-->&amp#27;[39m &amp#27;[37mGET&amp#27;[39m &amp#27;[37m/session/dfe5339f-c9cb-463f-846e-bada59d9e7b7/context&amp#27;[39m {}
[debug] &amp#27;[38;5;32m[AndroidUiautomator2Driver@756b]&amp#27;[0m Calling AppiumDriver.getCurrentContext() with args: ["dfe5339f-c9cb-463f-846e-bada59d9e7b7"]
[debug] &amp#27;[38;5;32m[AndroidUiautomator2Driver@756b]&amp#27;[0m Responding to client with driver.getCurrentContext() result: "NATIVE_APP"
&amp#27;[38;5;0m[HTTP]&amp#27;[0m <-- GET /session/dfe5339f-c9cb-463f-846e-bada59d9e7b7/context 200 1 ms - 22 
&amp#27;[38;5;0m[HTTP]&amp#27;[0m &amp#27;[37m-->&amp#27;[39m &amp#27;[37mPOST&amp#27;[39m &amp#27;[37m/session/dfe5339f-c9cb-463f-846e-bada59d9e7b7/element&amp#27;[39m {"using":"id","value":"com.androidsample.generalstore:id/btnLetsShop"}
[debug] &amp#27;[38;5;32m[AndroidUiautomator2Driver@756b]&amp#27;[0m Calling AppiumDriver.findElement() with args: ["id","com.androidsample.generalstore:id/btnLetsShop","dfe5339f-c9cb-463f-846e-bada59d9e7b7"]
[debug] &amp#27;[38;5;32m[AndroidUiautomator2Driver@756b]&amp#27;[0m Valid locator strategies for this request: xpath, id, class name, accessibility id, css selector, -android uiautomator
[debug] &amp#27;[38;5;32m[AndroidUiautomator2Driver@756b]&amp#27;[0m Waiting up to 10000 ms for condition
[debug] &amp#27;[38;5;32m[AndroidUiautomator2Driver@756b]&amp#27;[0m Matched '/element' to command name 'findElement'
[debug] &amp#27;[38;5;32m[AndroidUiautomator2Driver@756b]&amp#27;[0m Proxying [POST /element] to [POST http://127.0.0.1:8200/session/c58554df-ce34-4693-8bc8-74f386f9ff8d/element] with body: {"strategy":"id","selector":"com.androidsample.generalstore:id/btnLetsShop","context":"","multiple":false}
[debug] &amp#27;[38;5;32m[AndroidUiautomator2Driver@756b]&amp#27;[0m Got response with status 200: {"sessionId":"c58554df-ce34-4693-8bc8-74f386f9ff8d","value":{"ELEMENT":"00000000-0000-02f6-ffff-ffff00000021","element-6066-11e4-a52e-4f735466cecf":"00000000-0000-02f6-ffff-ffff00000021"}}
[debug] &amp#27;[38;5;32m[AndroidUiautomator2Driver@756b]&amp#27;[0m Responding to client with driver.findElement() result: {"element-6066-11e4-a52e-4f735466cecf":"00000000-0000-02f6-ffff-ffff00000021","ELEMENT":"00000000-0000-02f6-ffff-ffff00000021"}
&amp#27;[38;5;0m[HTTP]&amp#27;[0m <-- POST /session/dfe5339f-c9cb-463f-846e-bada59d9e7b7/element 200 40 ms - 137 
&amp#27;[38;5;0m[HTTP]&amp#27;[0m &amp#27;[37m-->&amp#27;[39m &amp#27;[37mPOST&amp#27;[39m &amp#27;[37m/session/dfe5339f-c9cb-463f-846e-bada59d9e7b7/element/00000000-0000-02f6-ffff-ffff00000021/click&amp#27;[39m {"id":"00000000-0000-02f6-ffff-ffff00000021"}
[debug] &amp#27;[38;5;32m[AndroidUiautomator2Driver@756b]&amp#27;[0m Calling AppiumDriver.click() with args: ["00000000-0000-02f6-ffff-ffff00000021","dfe5339f-c9cb-463f-846e-bada59d9e7b7"]
[debug] &amp#27;[38;5;32m[AndroidUiautomator2Driver@756b]&amp#27;[0m Matched '/element/00000000-0000-02f6-ffff-ffff00000021/click' to command name 'click'
[debug] &amp#27;[38;5;32m[AndroidUiautomator2Driver@756b]&amp#27;[0m Proxying [POST /element/00000000-0000-02f6-ffff-ffff00000021/click] to [POST http://127.0.0.1:8200/session/c58554df-ce34-4693-8bc8-74f386f9ff8d/element/00000000-0000-02f6-ffff-ffff00000021/click] with body: {"element":"00000000-0000-02f6-ffff-ffff00000021"}
[debug] &amp#27;[38;5;32m[AndroidUiautomator2Driver@756b]&amp#27;[0m Got response with status 200: {"sessionId":"c58554df-ce34-4693-8bc8-74f386f9ff8d","value":null}
[debug] &amp#27;[38;5;32m[AndroidUiautomator2Driver@756b]&amp#27;[0m Responding to client with driver.click() result: null
&amp#27;[38;5;0m[HTTP]&amp#27;[0m <-- POST /session/dfe5339f-c9cb-463f-846e-bada59d9e7b7/element/00000000-0000-02f6-ffff-ffff00000021/click 200 78 ms - 14 
&amp#27;[38;5;0m[HTTP]&amp#27;[0m &amp#27;[37m-->&amp#27;[39m &amp#27;[37mGET&amp#27;[39m &amp#27;[37m/session/dfe5339f-c9cb-463f-846e-bada59d9e7b7/context&amp#27;[39m {}
[debug] &amp#27;[38;5;32m[AndroidUiautomator2Driver@756b]&amp#27;[0m Calling AppiumDriver.getCurrentContext() with args: ["dfe5339f-c9cb-463f-846e-bada59d9e7b7"]
[debug] &amp#27;[38;5;32m[AndroidUiautomator2Driver@756b]&amp#27;[0m Responding to client with driver.getCurrentContext() result: "NATIVE_APP"
&amp#27;[38;5;0m[HTTP]&amp#27;[0m <-- GET /session/dfe5339f-c9cb-463f-846e-bada59d9e7b7/context 200 1 ms - 22 
&amp#27;[38;5;0m[HTTP]&amp#27;[0m &amp#27;[37m-->&amp#27;[39m &amp#27;[37mPOST&amp#27;[39m &amp#27;[37m/session/dfe5339f-c9cb-463f-846e-bada59d9e7b7/elements&amp#27;[39m {"using":"xpath","value":"//android.widget.TextView[@text='ADD TO CART']"}
[debug] &amp#27;[38;5;32m[AndroidUiautomator2Driver@756b]&amp#27;[0m Calling AppiumDriver.findElements() with args: ["xpath","//android.widget.TextView[@text='ADD TO CART']","dfe5339f-c9cb-463f-846e-bada59d9e7b7"]
[debug] &amp#27;[38;5;32m[AndroidUiautomator2Driver@756b]&amp#27;[0m Valid locator strategies for this request: xpath, id, class name, accessibility id, css selector, -android uiautomator
[debug] &amp#27;[38;5;32m[AndroidUiautomator2Driver@756b]&amp#27;[0m Waiting up to 10000 ms for condition
[debug] &amp#27;[38;5;32m[AndroidUiautomator2Driver@756b]&amp#27;[0m Matched '/elements' to command name 'findElements'
[debug] &amp#27;[38;5;32m[AndroidUiautomator2Driver@756b]&amp#27;[0m Proxying [POST /elements] to [POST http://127.0.0.1:8200/session/c58554df-ce34-4693-8bc8-74f386f9ff8d/elements] with body: {"strategy":"xpath","selector":"//android.widget.TextView[@text='ADD TO CART']","context":"","multiple":true}
[debug] &amp#27;[38;5;32m[AndroidUiautomator2Driver@756b]&amp#27;[0m Got response with status 200: {"sessionId":"c58554df-ce34-4693-8bc8-74f386f9ff8d","value":[]}
[debug] &amp#27;[38;5;32m[AndroidUiautomator2Driver@756b]&amp#27;[0m Waited for 2068 ms so far
[debug] &amp#27;[38;5;32m[AndroidUiautomator2Driver@756b]&amp#27;[0m Matched '/elements' to command name 'findElements'
[debug] &amp#27;[38;5;32m[AndroidUiautomator2Driver@756b]&amp#27;[0m Proxying [POST /elements] to [POST http://127.0.0.1:8200/session/c58554df-ce34-4693-8bc8-74f386f9ff8d/elements] with body: {"strategy":"xpath","selector":"//android.widget.TextView[@text='ADD TO CART']","context":"","multiple":true}
[debug] &amp#27;[38;5;32m[AndroidUiautomator2Driver@756b]&amp#27;[0m Got response with status 200: {"sessionId":"c58554df-ce34-4693-8bc8-74f386f9ff8d","value":[{"ELEMENT":"00000000-0000-02f8-ffff-ffff00000050","element-6066-11e4-a52e-4f735466cecf":"00000000-0000-02f8-ffff-ffff00000050"},{"ELEMENT":"00000000-0000-02f8-ffff-ffff00000058","element-6066-11e4-a52e-4f735466cecf":"00000000-0000-02f8-ffff-ffff00000058"}]}
[debug] &amp#27;[38;5;32m[AndroidUiautomator2Driver@756b]&amp#27;[0m Responding to client with driver.findElements() result: [{"element-6066-11e4-a52e-4f735466cecf":"00000000-0000-02f8-ffff-ffff00000050","ELEMENT":"00000000-0000-02f8-ffff-ffff00000050"},{"element-6066-11e4-a52e-4f735466cecf":"00000000-0000-02f8-ffff-ffff00000058","ELEMENT":"00000000-0000-02f8-ffff-ffff00000058"}]
&amp#27;[38;5;0m[HTTP]&amp#27;[0m <-- POST /session/dfe5339f-c9cb-463f-846e-bada59d9e7b7/elements 200 2975 ms - 267 
&amp#27;[38;5;0m[HTTP]&amp#27;[0m &amp#27;[37m-->&amp#27;[39m &amp#27;[37mPOST&amp#27;[39m &amp#27;[37m/session/dfe5339f-c9cb-463f-846e-bada59d9e7b7/element/00000000-0000-02f8-ffff-ffff00000050/click&amp#27;[39m {"id":"00000000-0000-02f8-ffff-ffff00000050"}
[debug] &amp#27;[38;5;32m[AndroidUiautomator2Driver@756b]&amp#27;[0m Calling AppiumDriver.click() with args: ["00000000-0000-02f8-ffff-ffff00000050","dfe5339f-c9cb-463f-846e-bada59d9e7b7"]
[debug] &amp#27;[38;5;32m[AndroidUiautomator2Driver@756b]&amp#27;[0m Matched '/element/00000000-0000-02f8-ffff-ffff00000050/click' to command name 'click'
[debug] &amp#27;[38;5;32m[AndroidUiautomator2Driver@756b]&amp#27;[0m Proxying [POST /element/00000000-0000-02f8-ffff-ffff00000050/click] to [POST http://127.0.0.1:8200/session/c58554df-ce34-4693-8bc8-74f386f9ff8d/element/00000000-0000-02f8-ffff-ffff00000050/click] with body: {"element":"00000000-0000-02f8-ffff-ffff00000050"}
[debug] &amp#27;[38;5;32m[AndroidUiautomator2Driver@756b]&amp#27;[0m Got response with status 200: {"sessionId":"c58554df-ce34-4693-8bc8-74f386f9ff8d","value":null}
[debug] &amp#27;[38;5;32m[AndroidUiautomator2Driver@756b]&amp#27;[0m Responding to client with driver.click() result: null
&amp#27;[38;5;0m[HTTP]&amp#27;[0m <-- POST /session/dfe5339f-c9cb-463f-846e-bada59d9e7b7/element/00000000-0000-02f8-ffff-ffff00000050/click 200 641 ms - 14 
&amp#27;[38;5;0m[HTTP]&amp#27;[0m &amp#27;[37m-->&amp#27;[39m &amp#27;[37mGET&amp#27;[39m &amp#27;[37m/session/dfe5339f-c9cb-463f-846e-bada59d9e7b7/context&amp#27;[39m {}
[debug] &amp#27;[38;5;32m[AndroidUiautomator2Driver@756b]&amp#27;[0m Calling AppiumDriver.getCurrentContext() with args: ["dfe5339f-c9cb-463f-846e-bada59d9e7b7"]
[debug] &amp#27;[38;5;32m[AndroidUiautomator2Driver@756b]&amp#27;[0m Responding to client with driver.getCurrentContext() result: "NATIVE_APP"
&amp#27;[38;5;0m[HTTP]&amp#27;[0m <-- GET /session/dfe5339f-c9cb-463f-846e-bada59d9e7b7/context 200 1 ms - 22 
&amp#27;[38;5;0m[HTTP]&amp#27;[0m &amp#27;[37m-->&amp#27;[39m &amp#27;[37mPOST&amp#27;[39m &amp#27;[37m/session/dfe5339f-c9cb-463f-846e-bada59d9e7b7/elements&amp#27;[39m {"using":"xpath","value":"//android.widget.TextView[@text='ADD TO CART']"}
[debug] &amp#27;[38;5;32m[AndroidUiautomator2Driver@756b]&amp#27;[0m Calling AppiumDriver.findElements() with args: ["xpath","//android.widget.TextView[@text='ADD TO CART']","dfe5339f-c9cb-463f-846e-bada59d9e7b7"]
[debug] &amp#27;[38;5;32m[AndroidUiautomator2Driver@756b]&amp#27;[0m Valid locator strategies for this request: xpath, id, class name, accessibility id, css selector, -android uiautomator
[debug] &amp#27;[38;5;32m[AndroidUiautomator2Driver@756b]&amp#27;[0m Waiting up to 10000 ms for condition
[debug] &amp#27;[38;5;32m[AndroidUiautomator2Driver@756b]&amp#27;[0m Matched '/elements' to command name 'findElements'
[debug] &amp#27;[38;5;32m[AndroidUiautomator2Driver@756b]&amp#27;[0m Proxying [POST /elements] to [POST http://127.0.0.1:8200/session/c58554df-ce34-4693-8bc8-74f386f9ff8d/elements] with body: {"strategy":"xpath","selector":"//android.widget.TextView[@text='ADD TO CART']","context":"","multiple":true}
[debug] &amp#27;[38;5;32m[AndroidUiautomator2Driver@756b]&amp#27;[0m Got response with status 200: {"sessionId":"c58554df-ce34-4693-8bc8-74f386f9ff8d","value":[{"ELEMENT":"00000000-0000-02f8-ffff-ffff00000058","element-6066-11e4-a52e-4f735466cecf":"00000000-0000-02f8-ffff-ffff00000058"}]}
[debug] &amp#27;[38;5;32m[AndroidUiautomator2Driver@756b]&amp#27;[0m Responding to client with driver.findElements() result: [{"element-6066-11e4-a52e-4f735466cecf":"00000000-0000-02f8-ffff-ffff00000058","ELEMENT":"00000000-0000-02f8-ffff-ffff00000058"}]
&amp#27;[38;5;0m[HTTP]&amp#27;[0m <-- POST /session/dfe5339f-c9cb-463f-846e-bada59d9e7b7/elements 200 323 ms - 139 
&amp#27;[38;5;0m[HTTP]&amp#27;[0m &amp#27;[37m-->&amp#27;[39m &amp#27;[37mPOST&amp#27;[39m &amp#27;[37m/session/dfe5339f-c9cb-463f-846e-bada59d9e7b7/element/00000000-0000-02f8-ffff-ffff00000058/click&amp#27;[39m {"id":"00000000-0000-02f8-ffff-ffff00000058"}
[debug] &amp#27;[38;5;32m[AndroidUiautomator2Driver@756b]&amp#27;[0m Calling AppiumDriver.click() with args: ["00000000-0000-02f8-ffff-ffff00000058","dfe5339f-c9cb-463f-846e-bada59d9e7b7"]
[debug] &amp#27;[38;5;32m[AndroidUiautomator2Driver@756b]&amp#27;[0m Matched '/element/00000000-0000-02f8-ffff-ffff00000058/click' to command name 'click'
[debug] &amp#27;[38;5;32m[AndroidUiautomator2Driver@756b]&amp#27;[0m Proxying [POST /element/00000000-0000-02f8-ffff-ffff00000058/click] to [POST http://127.0.0.1:8200/session/c58554df-ce34-4693-8bc8-74f386f9ff8d/element/00000000-0000-02f8-ffff-ffff00000058/click] with body: {"element":"00000000-0000-02f8-ffff-ffff00000058"}
[debug] &amp#27;[38;5;32m[AndroidUiautomator2Driver@756b]&amp#27;[0m Got response with status 200: {"sessionId":"c58554df-ce34-4693-8bc8-74f386f9ff8d","value":null}
[debug] &amp#27;[38;5;32m[AndroidUiautomator2Driver@756b]&amp#27;[0m Responding to client with driver.click() result: null
&amp#27;[38;5;0m[HTTP]&amp#27;[0m <-- POST /session/dfe5339f-c9cb-463f-846e-bada59d9e7b7/element/00000000-0000-02f8-ffff-ffff00000058/click 200 562 ms - 14 
&amp#27;[38;5;0m[HTTP]&amp#27;[0m &amp#27;[37m-->&amp#27;[39m &amp#27;[37mGET&amp#27;[39m &amp#27;[37m/session/dfe5339f-c9cb-463f-846e-bada59d9e7b7/context&amp#27;[39m {}
[debug] &amp#27;[38;5;32m[AndroidUiautomator2Driver@756b]&amp#27;[0m Calling AppiumDriver.getCurrentContext() with args: ["dfe5339f-c9cb-463f-846e-bada59d9e7b7"]
[debug] &amp#27;[38;5;32m[AndroidUiautomator2Driver@756b]&amp#27;[0m Responding to client with driver.getCurrentContext() result: "NATIVE_APP"
&amp#27;[38;5;0m[HTTP]&amp#27;[0m <-- GET /session/dfe5339f-c9cb-463f-846e-bada59d9e7b7/context 200 1 ms - 22 
&amp#27;[38;5;0m[HTTP]&amp#27;[0m &amp#27;[37m-->&amp#27;[39m &amp#27;[37mPOST&amp#27;[39m &amp#27;[37m/session/dfe5339f-c9cb-463f-846e-bada59d9e7b7/element&amp#27;[39m {"using":"id","value":"com.androidsample.generalstore:id/appbar_btn_cart"}
[debug] &amp#27;[38;5;32m[AndroidUiautomator2Driver@756b]&amp#27;[0m Calling AppiumDriver.findElement() with args: ["id","com.androidsample.generalstore:id/appbar_btn_cart","dfe5339f-c9cb-463f-846e-bada59d9e7b7"]
[debug] &amp#27;[38;5;32m[AndroidUiautomator2Driver@756b]&amp#27;[0m Valid locator strategies for this request: xpath, id, class name, accessibility id, css selector, -android uiautomator
[debug] &amp#27;[38;5;32m[AndroidUiautomator2Driver@756b]&amp#27;[0m Waiting up to 10000 ms for condition
[debug] &amp#27;[38;5;32m[AndroidUiautomator2Driver@756b]&amp#27;[0m Matched '/element' to command name 'findElement'
[debug] &amp#27;[38;5;32m[AndroidUiautomator2Driver@756b]&amp#27;[0m Proxying [POST /element] to [POST http://127.0.0.1:8200/session/c58554df-ce34-4693-8bc8-74f386f9ff8d/element] with body: {"strategy":"id","selector":"com.androidsample.generalstore:id/appbar_btn_cart","context":"","multiple":false}
[debug] &amp#27;[38;5;32m[AndroidUiautomator2Driver@756b]&amp#27;[0m Got response with status 200: {"sessionId":"c58554df-ce34-4693-8bc8-74f386f9ff8d","value":{"ELEMENT":"00000000-0000-02f8-ffff-ffff00000043","element-6066-11e4-a52e-4f735466cecf":"00000000-0000-02f8-ffff-ffff00000043"}}
[debug] &amp#27;[38;5;32m[AndroidUiautomator2Driver@756b]&amp#27;[0m Responding to client with driver.findElement() result: {"element-6066-11e4-a52e-4f735466cecf":"00000000-0000-02f8-ffff-ffff00000043","ELEMENT":"00000000-0000-02f8-ffff-ffff00000043"}
&amp#27;[38;5;0m[HTTP]&amp#27;[0m <-- POST /session/dfe5339f-c9cb-463f-846e-bada59d9e7b7/element 200 30 ms - 137 
&amp#27;[38;5;0m[HTTP]&amp#27;[0m &amp#27;[37m-->&amp#27;[39m &amp#27;[37mPOST&amp#27;[39m &amp#27;[37m/session/dfe5339f-c9cb-463f-846e-bada59d9e7b7/element/00000000-0000-02f8-ffff-ffff00000043/click&amp#27;[39m {"id":"00000000-0000-02f8-ffff-ffff00000043"}
[debug] &amp#27;[38;5;32m[AndroidUiautomator2Driver@756b]&amp#27;[0m Calling AppiumDriver.click() with args: ["00000000-0000-02f8-ffff-ffff00000043","dfe5339f-c9cb-463f-846e-bada59d9e7b7"]
[debug] &amp#27;[38;5;32m[AndroidUiautomator2Driver@756b]&amp#27;[0m Matched '/element/00000000-0000-02f8-ffff-ffff00000043/click' to command name 'click'
[debug] &amp#27;[38;5;32m[AndroidUiautomator2Driver@756b]&amp#27;[0m Proxying [POST /element/00000000-0000-02f8-ffff-ffff00000043/click] to [POST http://127.0.0.1:8200/session/c58554df-ce34-4693-8bc8-74f386f9ff8d/element/00000000-0000-02f8-ffff-ffff00000043/click] with body: {"element":"00000000-0000-02f8-ffff-ffff00000043"}
[debug] &amp#27;[38;5;32m[AndroidUiautomator2Driver@756b]&amp#27;[0m Got response with status 200: {"sessionId":"c58554df-ce34-4693-8bc8-74f386f9ff8d","value":null}
[debug] &amp#27;[38;5;32m[AndroidUiautomator2Driver@756b]&amp#27;[0m Responding to client with driver.click() result: null
&amp#27;[38;5;0m[HTTP]&amp#27;[0m <-- POST /session/dfe5339f-c9cb-463f-846e-bada59d9e7b7/element/00000000-0000-02f8-ffff-ffff00000043/click 200 82 ms - 14 
&amp#27;[38;5;0m[HTTP]&amp#27;[0m &amp#27;[37m-->&amp#27;[39m &amp#27;[37mGET&amp#27;[39m &amp#27;[37m/session/dfe5339f-c9cb-463f-846e-bada59d9e7b7/context&amp#27;[39m {}
[debug] &amp#27;[38;5;32m[AndroidUiautomator2Driver@756b]&amp#27;[0m Calling AppiumDriver.getCurrentContext() with args: ["dfe5339f-c9cb-463f-846e-bada59d9e7b7"]
[debug] &amp#27;[38;5;32m[AndroidUiautomator2Driver@756b]&amp#27;[0m Responding to client with driver.getCurrentContext() result: "NATIVE_APP"
&amp#27;[38;5;0m[HTTP]&amp#27;[0m <-- GET /session/dfe5339f-c9cb-463f-846e-bada59d9e7b7/context 200 1 ms - 22 
&amp#27;[38;5;0m[HTTP]&amp#27;[0m &amp#27;[37m-->&amp#27;[39m &amp#27;[37mPOST&amp#27;[39m &amp#27;[37m/session/dfe5339f-c9cb-463f-846e-bada59d9e7b7/element&amp#27;[39m {"using":"id","value":"com.androidsample.generalstore:id/toolbar_title"}
[debug] &amp#27;[38;5;32m[AndroidUiautomator2Driver@756b]&amp#27;[0m Calling AppiumDriver.findElement() with args: ["id","com.androidsample.generalstore:id/toolbar_title","dfe5339f-c9cb-463f-846e-bada59d9e7b7"]
[debug] &amp#27;[38;5;32m[AndroidUiautomator2Driver@756b]&amp#27;[0m Valid locator strategies for this request: xpath, id, class name, accessibility id, css selector, -android uiautomator
[debug] &amp#27;[38;5;32m[AndroidUiautomator2Driver@756b]&amp#27;[0m Waiting up to 10000 ms for condition
[debug] &amp#27;[38;5;32m[AndroidUiautomator2Driver@756b]&amp#27;[0m Matched '/element' to command name 'findElement'
[debug] &amp#27;[38;5;32m[AndroidUiautomator2Driver@756b]&amp#27;[0m Proxying [POST /element] to [POST http://127.0.0.1:8200/session/c58554df-ce34-4693-8bc8-74f386f9ff8d/element] with body: {"strategy":"id","selector":"com.androidsample.generalstore:id/toolbar_title","context":"","multiple":false}
[debug] &amp#27;[38;5;32m[AndroidUiautomator2Driver@756b]&amp#27;[0m Got response with status 200: {"sessionId":"c58554df-ce34-4693-8bc8-74f386f9ff8d","value":{"ELEMENT":"00000000-0000-02f9-ffff-ffff0000006e","element-6066-11e4-a52e-4f735466cecf":"00000000-0000-02f9-ffff-ffff0000006e"}}
[debug] &amp#27;[38;5;32m[AndroidUiautomator2Driver@756b]&amp#27;[0m Responding to client with driver.findElement() result: {"element-6066-11e4-a52e-4f735466cecf":"00000000-0000-02f9-ffff-ffff0000006e","ELEMENT":"00000000-0000-02f9-ffff-ffff0000006e"}
&amp#27;[38;5;0m[HTTP]&amp#27;[0m <-- POST /session/dfe5339f-c9cb-463f-846e-bada59d9e7b7/element 200 25 ms - 137 
&amp#27;[38;5;0m[HTTP]&amp#27;[0m &amp#27;[37m-->&amp#27;[39m &amp#27;[37mGET&amp#27;[39m &amp#27;[37m/session/dfe5339f-c9cb-463f-846e-bada59d9e7b7/element/00000000-0000-02f9-ffff-ffff0000006e/attribute/text&amp#27;[39m {}
[debug] &amp#27;[38;5;32m[AndroidUiautomator2Driver@756b]&amp#27;[0m Calling AppiumDriver.getAttribute() with args: ["text","00000000-0000-02f9-ffff-ffff0000006e","dfe5339f-c9cb-463f-846e-bada59d9e7b7"]
[debug] &amp#27;[38;5;32m[AndroidUiautomator2Driver@756b]&amp#27;[0m Matched '/element/00000000-0000-02f9-ffff-ffff0000006e/attribute/text' to command name 'getAttribute'
[debug] &amp#27;[38;5;32m[AndroidUiautomator2Driver@756b]&amp#27;[0m Proxying [GET /element/00000000-0000-02f9-ffff-ffff0000006e/attribute/text] to [GET http://127.0.0.1:8200/session/c58554df-ce34-4693-8bc8-74f386f9ff8d/element/00000000-0000-02f9-ffff-ffff0000006e/attribute/text] with no body
[debug] &amp#27;[38;5;32m[AndroidUiautomator2Driver@756b]&amp#27;[0m Got response with status 200: {"sessionId":"c58554df-ce34-4693-8bc8-74f386f9ff8d","value":"Cart"}
[debug] &amp#27;[38;5;32m[AndroidUiautomator2Driver@756b]&amp#27;[0m Responding to client with driver.getAttribute() result: "Cart"
&amp#27;[38;5;0m[HTTP]&amp#27;[0m <-- GET /session/dfe5339f-c9cb-463f-846e-bada59d9e7b7/element/00000000-0000-02f9-ffff-ffff0000006e/attribute/text 200 15 ms - 16 
&amp#27;[38;5;0m[HTTP]&amp#27;[0m &amp#27;[37m-->&amp#27;[39m &amp#27;[37mGET&amp#27;[39m &amp#27;[37m/session/dfe5339f-c9cb-463f-846e-bada59d9e7b7/context&amp#27;[39m {}
[debug] &amp#27;[38;5;32m[AndroidUiautomator2Driver@756b]&amp#27;[0m Calling AppiumDriver.getCurrentContext() with args: ["dfe5339f-c9cb-463f-846e-bada59d9e7b7"]
[debug] &amp#27;[38;5;32m[AndroidUiautomator2Driver@756b]&amp#27;[0m Responding to client with driver.getCurrentContext() result: "NATIVE_APP"
&amp#27;[38;5;0m[HTTP]&amp#27;[0m <-- GET /session/dfe5339f-c9cb-463f-846e-bada59d9e7b7/context 200 1 ms - 22 
&amp#27;[38;5;0m[HTTP]&amp#27;[0m &amp#27;[37m-->&amp#27;[39m &amp#27;[37mPOST&amp#27;[39m &amp#27;[37m/session/dfe5339f-c9cb-463f-846e-bada59d9e7b7/elements&amp#27;[39m {"using":"id","value":"com.androidsample.generalstore:id/productPrice"}
[debug] &amp#27;[38;5;32m[AndroidUiautomator2Driver@756b]&amp#27;[0m Calling AppiumDriver.findElements() with args: ["id","com.androidsample.generalstore:id/productPrice","dfe5339f-c9cb-463f-846e-bada59d9e7b7"]
[debug] &amp#27;[38;5;32m[AndroidUiautomator2Driver@756b]&amp#27;[0m Valid locator strategies for this request: xpath, id, class name, accessibility id, css selector, -android uiautomator
[debug] &amp#27;[38;5;32m[AndroidUiautomator2Driver@756b]&amp#27;[0m Waiting up to 10000 ms for condition
[debug] &amp#27;[38;5;32m[AndroidUiautomator2Driver@756b]&amp#27;[0m Matched '/elements' to command name 'findElements'
[debug] &amp#27;[38;5;32m[AndroidUiautomator2Driver@756b]&amp#27;[0m Proxying [POST /elements] to [POST http://127.0.0.1:8200/session/c58554df-ce34-4693-8bc8-74f386f9ff8d/elements] with body: {"strategy":"id","selector":"com.androidsample.generalstore:id/productPrice","context":"","multiple":true}
[debug] &amp#27;[38;5;32m[AndroidUiautomator2Driver@756b]&amp#27;[0m Got response with status 200: {"sessionId":"c58554df-ce34-4693-8bc8-74f386f9ff8d","value":[{"ELEMENT":"00000000-0000-02f9-ffff-ffff00000085","element-6066-11e4-a52e-4f735466cecf":"00000000-0000-02f9-ffff-ffff00000085"},{"ELEMENT":"00000000-0000-02f9-ffff-ffff0000008d","element-6066-11e4-a52e-4f735466cecf":"00000000-0000-02f9-ffff-ffff0000008d"}]}
[debug] &amp#27;[38;5;32m[AndroidUiautomator2Driver@756b]&amp#27;[0m Responding to client with driver.findElements() result: [{"element-6066-11e4-a52e-4f735466cecf":"00000000-0000-02f9-ffff-ffff00000085","ELEMENT":"00000000-0000-02f9-ffff-ffff00000085"},{"element-6066-11e4-a52e-4f735466cecf":"00000000-0000-02f9-ffff-ffff0000008d","ELEMENT":"00000000-0000-02f9-ffff-ffff0000008d"}]
&amp#27;[38;5;0m[HTTP]&amp#27;[0m <-- POST /session/dfe5339f-c9cb-463f-846e-bada59d9e7b7/elements 200 63 ms - 267 
&amp#27;[38;5;0m[HTTP]&amp#27;[0m &amp#27;[37m-->&amp#27;[39m &amp#27;[37mGET&amp#27;[39m &amp#27;[37m/session/dfe5339f-c9cb-463f-846e-bada59d9e7b7/context&amp#27;[39m {}
[debug] &amp#27;[38;5;32m[AndroidUiautomator2Driver@756b]&amp#27;[0m Calling AppiumDriver.getCurrentContext() with args: ["dfe5339f-c9cb-463f-846e-bada59d9e7b7"]
[debug] &amp#27;[38;5;32m[AndroidUiautomator2Driver@756b]&amp#27;[0m Responding to client with driver.getCurrentContext() result: "NATIVE_APP"
&amp#27;[38;5;0m[HTTP]&amp#27;[0m <-- GET /session/dfe5339f-c9cb-463f-846e-bada59d9e7b7/context 200 1 ms - 22 
&amp#27;[38;5;0m[HTTP]&amp#27;[0m &amp#27;[37m-->&amp#27;[39m &amp#27;[37mPOST&amp#27;[39m &amp#27;[37m/session/dfe5339f-c9cb-463f-846e-bada59d9e7b7/elements&amp#27;[39m {"using":"id","value":"com.androidsample.generalstore:id/productPrice"}
[debug] &amp#27;[38;5;32m[AndroidUiautomator2Driver@756b]&amp#27;[0m Calling AppiumDriver.findElements() with args: ["id","com.androidsample.generalstore:id/productPrice","dfe5339f-c9cb-463f-846e-bada59d9e7b7"]
[debug] &amp#27;[38;5;32m[AndroidUiautomator2Driver@756b]&amp#27;[0m Valid locator strategies for this request: xpath, id, class name, accessibility id, css selector, -android uiautomator
[debug] &amp#27;[38;5;32m[AndroidUiautomator2Driver@756b]&amp#27;[0m Waiting up to 10000 ms for condition
[debug] &amp#27;[38;5;32m[AndroidUiautomator2Driver@756b]&amp#27;[0m Matched '/elements' to command name 'findElements'
[debug] &amp#27;[38;5;32m[AndroidUiautomator2Driver@756b]&amp#27;[0m Proxying [POST /elements] to [POST http://127.0.0.1:8200/session/c58554df-ce34-4693-8bc8-74f386f9ff8d/elements] with body: {"strategy":"id","selector":"com.androidsample.generalstore:id/productPrice","context":"","multiple":true}
[debug] &amp#27;[38;5;32m[AndroidUiautomator2Driver@756b]&amp#27;[0m Got response with status 200: {"sessionId":"c58554df-ce34-4693-8bc8-74f386f9ff8d","value":[{"ELEMENT":"00000000-0000-02f9-ffff-ffff00000085","element-6066-11e4-a52e-4f735466cecf":"00000000-0000-02f9-ffff-ffff00000085"},{"ELEMENT":"00000000-0000-02f9-ffff-ffff0000008d","element-6066-11e4-a52e-4f735466cecf":"00000000-0000-02f9-ffff-ffff0000008d"}]}
[debug] &amp#27;[38;5;32m[AndroidUiautomator2Driver@756b]&amp#27;[0m Responding to client with driver.findElements() result: [{"element-6066-11e4-a52e-4f735466cecf":"00000000-0000-02f9-ffff-ffff00000085","ELEMENT":"00000000-0000-02f9-ffff-ffff00000085"},{"element-6066-11e4-a52e-4f735466cecf":"00000000-0000-02f9-ffff-ffff0000008d","ELEMENT":"00000000-0000-02f9-ffff-ffff0000008d"}]
&amp#27;[38;5;0m[HTTP]&amp#27;[0m <-- POST /session/dfe5339f-c9cb-463f-846e-bada59d9e7b7/elements 200 59 ms - 267 
&amp#27;[38;5;0m[HTTP]&amp#27;[0m &amp#27;[37m-->&amp#27;[39m &amp#27;[37mGET&amp#27;[39m &amp#27;[37m/session/dfe5339f-c9cb-463f-846e-bada59d9e7b7/element/00000000-0000-02f9-ffff-ffff00000085/text&amp#27;[39m {}
&amp#27;[38;5;32m[AndroidUiautomator2Driver@756b]&amp#27;[0m Driver proxy active, passing request on via HTTP proxy
[debug] &amp#27;[38;5;32m[AndroidUiautomator2Driver@756b]&amp#27;[0m Matched '/session/dfe5339f-c9cb-463f-846e-bada59d9e7b7/element/00000000-0000-02f9-ffff-ffff00000085/text' to command name 'getText'
[debug] &amp#27;[38;5;32m[AndroidUiautomator2Driver@756b]&amp#27;[0m Proxying [GET /session/dfe5339f-c9cb-463f-846e-bada59d9e7b7/element/00000000-0000-02f9-ffff-ffff00000085/text] to [GET http://127.0.0.1:8200/session/c58554df-ce34-4693-8bc8-74f386f9ff8d/element/00000000-0000-02f9-ffff-ffff00000085/text] with no body
[debug] &amp#27;[38;5;32m[AndroidUiautomator2Driver@756b]&amp#27;[0m Got response with status 200: {"sessionId":"c58554df-ce34-4693-8bc8-74f386f9ff8d","value":"$160.97"}
&amp#27;[38;5;32m[AndroidUiautomator2Driver@756b]&amp#27;[0m Replacing sessionId c58554df-ce34-4693-8bc8-74f386f9ff8d with dfe5339f-c9cb-463f-846e-bada59d9e7b7
&amp#27;[38;5;0m[HTTP]&amp#27;[0m <-- GET /session/dfe5339f-c9cb-463f-846e-bada59d9e7b7/element/00000000-0000-02f9-ffff-ffff00000085/text 200 18 ms - 70 
&amp#27;[38;5;0m[HTTP]&amp#27;[0m &amp#27;[37m-->&amp#27;[39m &amp#27;[37mGET&amp#27;[39m &amp#27;[37m/session/dfe5339f-c9cb-463f-846e-bada59d9e7b7/context&amp#27;[39m {}
[debug] &amp#27;[38;5;32m[AndroidUiautomator2Driver@756b]&amp#27;[0m Calling AppiumDriver.getCurrentContext() with args: ["dfe5339f-c9cb-463f-846e-bada59d9e7b7"]
[debug] &amp#27;[38;5;32m[AndroidUiautomator2Driver@756b]&amp#27;[0m Responding to client with driver.getCurrentContext() result: "NATIVE_APP"
&amp#27;[38;5;0m[HTTP]&amp#27;[0m <-- GET /session/dfe5339f-c9cb-463f-846e-bada59d9e7b7/context 200 1 ms - 22 
&amp#27;[38;5;0m[HTTP]&amp#27;[0m &amp#27;[37m-->&amp#27;[39m &amp#27;[37mPOST&amp#27;[39m &amp#27;[37m/session/dfe5339f-c9cb-463f-846e-bada59d9e7b7/elements&amp#27;[39m {"using":"id","value":"com.androidsample.generalstore:id/productPrice"}
[debug] &amp#27;[38;5;32m[AndroidUiautomator2Driver@756b]&amp#27;[0m Calling AppiumDriver.findElements() with args: ["id","com.androidsample.generalstore:id/productPrice","dfe5339f-c9cb-463f-846e-bada59d9e7b7"]
[debug] &amp#27;[38;5;32m[AndroidUiautomator2Driver@756b]&amp#27;[0m Valid locator strategies for this request: xpath, id, class name, accessibility id, css selector, -android uiautomator
[debug] &amp#27;[38;5;32m[AndroidUiautomator2Driver@756b]&amp#27;[0m Waiting up to 10000 ms for condition
[debug] &amp#27;[38;5;32m[AndroidUiautomator2Driver@756b]&amp#27;[0m Matched '/elements' to command name 'findElements'
[debug] &amp#27;[38;5;32m[AndroidUiautomator2Driver@756b]&amp#27;[0m Proxying [POST /elements] to [POST http://127.0.0.1:8200/session/c58554df-ce34-4693-8bc8-74f386f9ff8d/elements] with body: {"strategy":"id","selector":"com.androidsample.generalstore:id/productPrice","context":"","multiple":true}
[debug] &amp#27;[38;5;32m[AndroidUiautomator2Driver@756b]&amp#27;[0m Got response with status 200: {"sessionId":"c58554df-ce34-4693-8bc8-74f386f9ff8d","value":[{"ELEMENT":"00000000-0000-02f9-ffff-ffff00000085","element-6066-11e4-a52e-4f735466cecf":"00000000-0000-02f9-ffff-ffff00000085"},{"ELEMENT":"00000000-0000-02f9-ffff-ffff0000008d","element-6066-11e4-a52e-4f735466cecf":"00000000-0000-02f9-ffff-ffff0000008d"}]}
[debug] &amp#27;[38;5;32m[AndroidUiautomator2Driver@756b]&amp#27;[0m Responding to client with driver.findElements() result: [{"element-6066-11e4-a52e-4f735466cecf":"00000000-0000-02f9-ffff-ffff00000085","ELEMENT":"00000000-0000-02f9-ffff-ffff00000085"},{"element-6066-11e4-a52e-4f735466cecf":"00000000-0000-02f9-ffff-ffff0000008d","ELEMENT":"00000000-0000-02f9-ffff-ffff0000008d"}]
&amp#27;[38;5;0m[HTTP]&amp#27;[0m <-- POST /session/dfe5339f-c9cb-463f-846e-bada59d9e7b7/elements 200 53 ms - 267 
&amp#27;[38;5;0m[HTTP]&amp#27;[0m &amp#27;[37m-->&amp#27;[39m &amp#27;[37mGET&amp#27;[39m &amp#27;[37m/session/dfe5339f-c9cb-463f-846e-bada59d9e7b7/element/00000000-0000-02f9-ffff-ffff0000008d/text&amp#27;[39m {}
&amp#27;[38;5;32m[AndroidUiautomator2Driver@756b]&amp#27;[0m Driver proxy active, passing request on via HTTP proxy
[debug] &amp#27;[38;5;32m[AndroidUiautomator2Driver@756b]&amp#27;[0m Matched '/session/dfe5339f-c9cb-463f-846e-bada59d9e7b7/element/00000000-0000-02f9-ffff-ffff0000008d/text' to command name 'getText'
[debug] &amp#27;[38;5;32m[AndroidUiautomator2Driver@756b]&amp#27;[0m Proxying [GET /session/dfe5339f-c9cb-463f-846e-bada59d9e7b7/element/00000000-0000-02f9-ffff-ffff0000008d/text] to [GET http://127.0.0.1:8200/session/c58554df-ce34-4693-8bc8-74f386f9ff8d/element/00000000-0000-02f9-ffff-ffff0000008d/text] with no body
[debug] &amp#27;[38;5;32m[AndroidUiautomator2Driver@756b]&amp#27;[0m Got response with status 200: {"sessionId":"c58554df-ce34-4693-8bc8-74f386f9ff8d","value":"$120.0"}
&amp#27;[38;5;32m[AndroidUiautomator2Driver@756b]&amp#27;[0m Replacing sessionId c58554df-ce34-4693-8bc8-74f386f9ff8d with dfe5339f-c9cb-463f-846e-bada59d9e7b7
&amp#27;[38;5;0m[HTTP]&amp#27;[0m <-- GET /session/dfe5339f-c9cb-463f-846e-bada59d9e7b7/element/00000000-0000-02f9-ffff-ffff0000008d/text 200 16 ms - 69 
&amp#27;[38;5;0m[HTTP]&amp#27;[0m &amp#27;[37m-->&amp#27;[39m &amp#27;[37mGET&amp#27;[39m &amp#27;[37m/session/dfe5339f-c9cb-463f-846e-bada59d9e7b7/context&amp#27;[39m {}
[debug] &amp#27;[38;5;32m[AndroidUiautomator2Driver@756b]&amp#27;[0m Calling AppiumDriver.getCurrentContext() with args: ["dfe5339f-c9cb-463f-846e-bada59d9e7b7"]
[debug] &amp#27;[38;5;32m[AndroidUiautomator2Driver@756b]&amp#27;[0m Responding to client with driver.getCurrentContext() result: "NATIVE_APP"
&amp#27;[38;5;0m[HTTP]&amp#27;[0m <-- GET /session/dfe5339f-c9cb-463f-846e-bada59d9e7b7/context 200 1 ms - 22 
&amp#27;[38;5;0m[HTTP]&amp#27;[0m &amp#27;[37m-->&amp#27;[39m &amp#27;[37mPOST&amp#27;[39m &amp#27;[37m/session/dfe5339f-c9cb-463f-846e-bada59d9e7b7/element&amp#27;[39m {"using":"id","value":"com.androidsample.generalstore:id/totalAmountLbl"}
[debug] &amp#27;[38;5;32m[AndroidUiautomator2Driver@756b]&amp#27;[0m Calling AppiumDriver.findElement() with args: ["id","com.androidsample.generalstore:id/totalAmountLbl","dfe5339f-c9cb-463f-846e-bada59d9e7b7"]
[debug] &amp#27;[38;5;32m[AndroidUiautomator2Driver@756b]&amp#27;[0m Valid locator strategies for this request: xpath, id, class name, accessibility id, css selector, -android uiautomator
[debug] &amp#27;[38;5;32m[AndroidUiautomator2Driver@756b]&amp#27;[0m Waiting up to 10000 ms for condition
[debug] &amp#27;[38;5;32m[AndroidUiautomator2Driver@756b]&amp#27;[0m Matched '/element' to command name 'findElement'
[debug] &amp#27;[38;5;32m[AndroidUiautomator2Driver@756b]&amp#27;[0m Proxying [POST /element] to [POST http://127.0.0.1:8200/session/c58554df-ce34-4693-8bc8-74f386f9ff8d/element] with body: {"strategy":"id","selector":"com.androidsample.generalstore:id/totalAmountLbl","context":"","multiple":false}
[debug] &amp#27;[38;5;32m[AndroidUiautomator2Driver@756b]&amp#27;[0m Got response with status 200: {"sessionId":"c58554df-ce34-4693-8bc8-74f386f9ff8d","value":{"ELEMENT":"00000000-0000-02f9-ffff-ffff00000079","element-6066-11e4-a52e-4f735466cecf":"00000000-0000-02f9-ffff-ffff00000079"}}
[debug] &amp#27;[38;5;32m[AndroidUiautomator2Driver@756b]&amp#27;[0m Responding to client with driver.findElement() result: {"element-6066-11e4-a52e-4f735466cecf":"00000000-0000-02f9-ffff-ffff00000079","ELEMENT":"00000000-0000-02f9-ffff-ffff00000079"}
&amp#27;[38;5;0m[HTTP]&amp#27;[0m <-- POST /session/dfe5339f-c9cb-463f-846e-bada59d9e7b7/element 200 42 ms - 137 
&amp#27;[38;5;0m[HTTP]&amp#27;[0m &amp#27;[37m-->&amp#27;[39m &amp#27;[37mGET&amp#27;[39m &amp#27;[37m/session/dfe5339f-c9cb-463f-846e-bada59d9e7b7/element/00000000-0000-02f9-ffff-ffff00000079/text&amp#27;[39m {}
&amp#27;[38;5;32m[AndroidUiautomator2Driver@756b]&amp#27;[0m Driver proxy active, passing request on via HTTP proxy
[debug] &amp#27;[38;5;32m[AndroidUiautomator2Driver@756b]&amp#27;[0m Matched '/session/dfe5339f-c9cb-463f-846e-bada59d9e7b7/element/00000000-0000-02f9-ffff-ffff00000079/text' to command name 'getText'
[debug] &amp#27;[38;5;32m[AndroidUiautomator2Driver@756b]&amp#27;[0m Proxying [GET /session/dfe5339f-c9cb-463f-846e-bada59d9e7b7/element/00000000-0000-02f9-ffff-ffff00000079/text] to [GET http://127.0.0.1:8200/session/c58554df-ce34-4693-8bc8-74f386f9ff8d/element/00000000-0000-02f9-ffff-ffff00000079/text] with no body
[debug] &amp#27;[38;5;32m[AndroidUiautomator2Driver@756b]&amp#27;[0m Got response with status 200: {"sessionId":"c58554df-ce34-4693-8bc8-74f386f9ff8d","value":"$ 280.97"}
&amp#27;[38;5;32m[AndroidUiautomator2Driver@756b]&amp#27;[0m Replacing sessionId c58554df-ce34-4693-8bc8-74f386f9ff8d with dfe5339f-c9cb-463f-846e-bada59d9e7b7
&amp#27;[38;5;0m[HTTP]&amp#27;[0m <-- GET /session/dfe5339f-c9cb-463f-846e-bada59d9e7b7/element/00000000-0000-02f9-ffff-ffff00000079/text 200 13 ms - 71 
&amp#27;[38;5;0m[HTTP]&amp#27;[0m &amp#27;[37m-->&amp#27;[39m &amp#27;[37mGET&amp#27;[39m &amp#27;[37m/session/dfe5339f-c9cb-463f-846e-bada59d9e7b7/context&amp#27;[39m {}
[debug] &amp#27;[38;5;32m[AndroidUiautomator2Driver@756b]&amp#27;[0m Calling AppiumDriver.getCurrentContext() with args: ["dfe5339f-c9cb-463f-846e-bada59d9e7b7"]
[debug] &amp#27;[38;5;32m[AndroidUiautomator2Driver@756b]&amp#27;[0m Responding to client with driver.getCurrentContext() result: "NATIVE_APP"
&amp#27;[38;5;0m[HTTP]&amp#27;[0m <-- GET /session/dfe5339f-c9cb-463f-846e-bada59d9e7b7/context 200 1 ms - 22 
&amp#27;[38;5;0m[HTTP]&amp#27;[0m &amp#27;[37m-->&amp#27;[39m &amp#27;[37mPOST&amp#27;[39m &amp#27;[37m/session/dfe5339f-c9cb-463f-846e-bada59d9e7b7/element&amp#27;[39m {"using":"id","value":"com.androidsample.generalstore:id/termsButton"}
[debug] &amp#27;[38;5;32m[AndroidUiautomator2Driver@756b]&amp#27;[0m Calling AppiumDriver.findElement() with args: ["id","com.androidsample.generalstore:id/termsButton","dfe5339f-c9cb-463f-846e-bada59d9e7b7"]
[debug] &amp#27;[38;5;32m[AndroidUiautomator2Driver@756b]&amp#27;[0m Valid locator strategies for this request: xpath, id, class name, accessibility id, css selector, -android uiautomator
[debug] &amp#27;[38;5;32m[AndroidUiautomator2Driver@756b]&amp#27;[0m Waiting up to 10000 ms for condition
[debug] &amp#27;[38;5;32m[AndroidUiautomator2Driver@756b]&amp#27;[0m Matched '/element' to command name 'findElement'
[debug] &amp#27;[38;5;32m[AndroidUiautomator2Driver@756b]&amp#27;[0m Proxying [POST /element] to [POST http://127.0.0.1:8200/session/c58554df-ce34-4693-8bc8-74f386f9ff8d/element] with body: {"strategy":"id","selector":"com.androidsample.generalstore:id/termsButton","context":"","multiple":false}
[debug] &amp#27;[38;5;32m[AndroidUiautomator2Driver@756b]&amp#27;[0m Got response with status 200: {"sessionId":"c58554df-ce34-4693-8bc8-74f386f9ff8d","value":{"ELEMENT":"00000000-0000-02f9-ffff-ffff0000007c","element-6066-11e4-a52e-4f735466cecf":"00000000-0000-02f9-ffff-ffff0000007c"}}
[debug] &amp#27;[38;5;32m[AndroidUiautomator2Driver@756b]&amp#27;[0m Responding to client with driver.findElement() result: {"element-6066-11e4-a52e-4f735466cecf":"00000000-0000-02f9-ffff-ffff0000007c","ELEMENT":"00000000-0000-02f9-ffff-ffff0000007c"}
&amp#27;[38;5;0m[HTTP]&amp#27;[0m <-- POST /session/dfe5339f-c9cb-463f-846e-bada59d9e7b7/element 200 52 ms - 137 
&amp#27;[38;5;0m[HTTP]&amp#27;[0m &amp#27;[37m-->&amp#27;[39m &amp#27;[37mPOST&amp#27;[39m &amp#27;[37m/session/dfe5339f-c9cb-463f-846e-bada59d9e7b7/execute/sync&amp#27;[39m {"args":[{"elementId":"00000000-0000-02f9-ffff-ffff0000007c","durration":2000}],"script":"mobile: longClickGesture"}
[debug] &amp#27;[38;5;32m[AndroidUiautomator2Driver@756b]&amp#27;[0m Calling AppiumDriver.execute() with args: ["mobile: longClickGesture",[{"elementId":"00000000-0000-02f9-ffff-ffff0000007c","durration":2000}],"dfe5339f-c9cb-463f-846e-bada59d9e7b7"]
&amp#27;[38;5;32m[AndroidUiautomator2Driver@756b]&amp#27;[0m Executing native command 'mobile: longClickGesture'
[debug] &amp#27;[38;5;32m[AndroidUiautomator2Driver@756b]&amp#27;[0m Proxying [POST /appium/gestures/long_click] to [POST http://127.0.0.1:8200/session/c58554df-ce34-4693-8bc8-74f386f9ff8d/appium/gestures/long_click] with body: {"origin":{"ELEMENT":"00000000-0000-02f9-ffff-ffff0000007c","element-6066-11e4-a52e-4f735466cecf":"00000000-0000-02f9-ffff-ffff0000007c"}}
[debug] &amp#27;[38;5;32m[AndroidUiautomator2Driver@756b]&amp#27;[0m Got response with status 200: {"sessionId":"c58554df-ce34-4693-8bc8-74f386f9ff8d","value":null}
[debug] &amp#27;[38;5;32m[AndroidUiautomator2Driver@756b]&amp#27;[0m Responding to client with driver.execute() result: null
&amp#27;[38;5;0m[HTTP]&amp#27;[0m <-- POST /session/dfe5339f-c9cb-463f-846e-bada59d9e7b7/execute/sync 200 872 ms - 14 
&amp#27;[38;5;0m[HTTP]&amp#27;[0m &amp#27;[37m-->&amp#27;[39m &amp#27;[37mGET&amp#27;[39m &amp#27;[37m/session/dfe5339f-c9cb-463f-846e-bada59d9e7b7/context&amp#27;[39m {}
[debug] &amp#27;[38;5;32m[AndroidUiautomator2Driver@756b]&amp#27;[0m Calling AppiumDriver.getCurrentContext() with args: ["dfe5339f-c9cb-463f-846e-bada59d9e7b7"]
[debug] &amp#27;[38;5;32m[AndroidUiautomator2Driver@756b]&amp#27;[0m Responding to client with driver.getCurrentContext() result: "NATIVE_APP"
&amp#27;[38;5;0m[HTTP]&amp#27;[0m <-- GET /session/dfe5339f-c9cb-463f-846e-bada59d9e7b7/context 200 1 ms - 22 
&amp#27;[38;5;0m[HTTP]&amp#27;[0m &amp#27;[37m-->&amp#27;[39m &amp#27;[37mPOST&amp#27;[39m &amp#27;[37m/session/dfe5339f-c9cb-463f-846e-bada59d9e7b7/element&amp#27;[39m {"using":"id","value":"com.androidsample.generalstore:id/alertTitle"}
[debug] &amp#27;[38;5;32m[AndroidUiautomator2Driver@756b]&amp#27;[0m Calling AppiumDriver.findElement() with args: ["id","com.androidsample.generalstore:id/alertTitle","dfe5339f-c9cb-463f-846e-bada59d9e7b7"]
[debug] &amp#27;[38;5;32m[AndroidUiautomator2Driver@756b]&amp#27;[0m Valid locator strategies for this request: xpath, id, class name, accessibility id, css selector, -android uiautomator
[debug] &amp#27;[38;5;32m[AndroidUiautomator2Driver@756b]&amp#27;[0m Waiting up to 10000 ms for condition
[debug] &amp#27;[38;5;32m[AndroidUiautomator2Driver@756b]&amp#27;[0m Matched '/element' to command name 'findElement'
[debug] &amp#27;[38;5;32m[AndroidUiautomator2Driver@756b]&amp#27;[0m Proxying [POST /element] to [POST http://127.0.0.1:8200/session/c58554df-ce34-4693-8bc8-74f386f9ff8d/element] with body: {"strategy":"id","selector":"com.androidsample.generalstore:id/alertTitle","context":"","multiple":false}
[debug] &amp#27;[38;5;32m[AndroidUiautomator2Driver@756b]&amp#27;[0m Got response with status 200: {"sessionId":"c58554df-ce34-4693-8bc8-74f386f9ff8d","value":{"ELEMENT":"00000000-0000-02fa-ffff-ffff00000099","element-6066-11e4-a52e-4f735466cecf":"00000000-0000-02fa-ffff-ffff00000099"}}
[debug] &amp#27;[38;5;32m[AndroidUiautomator2Driver@756b]&amp#27;[0m Responding to client with driver.findElement() result: {"element-6066-11e4-a52e-4f735466cecf":"00000000-0000-02fa-ffff-ffff00000099","ELEMENT":"00000000-0000-02fa-ffff-ffff00000099"}
&amp#27;[38;5;0m[HTTP]&amp#27;[0m <-- POST /session/dfe5339f-c9cb-463f-846e-bada59d9e7b7/element 200 282 ms - 137 
&amp#27;[38;5;0m[HTTP]&amp#27;[0m &amp#27;[37m-->&amp#27;[39m &amp#27;[37mGET&amp#27;[39m &amp#27;[37m/session/dfe5339f-c9cb-463f-846e-bada59d9e7b7/element/00000000-0000-02fa-ffff-ffff00000099/text&amp#27;[39m {}
&amp#27;[38;5;32m[AndroidUiautomator2Driver@756b]&amp#27;[0m Driver proxy active, passing request on via HTTP proxy
[debug] &amp#27;[38;5;32m[AndroidUiautomator2Driver@756b]&amp#27;[0m Matched '/session/dfe5339f-c9cb-463f-846e-bada59d9e7b7/element/00000000-0000-02fa-ffff-ffff00000099/text' to command name 'getText'
[debug] &amp#27;[38;5;32m[AndroidUiautomator2Driver@756b]&amp#27;[0m Proxying [GET /session/dfe5339f-c9cb-463f-846e-bada59d9e7b7/element/00000000-0000-02fa-ffff-ffff00000099/text] to [GET http://127.0.0.1:8200/session/c58554df-ce34-4693-8bc8-74f386f9ff8d/element/00000000-0000-02fa-ffff-ffff00000099/text] with no body
[debug] &amp#27;[38;5;32m[AndroidUiautomator2Driver@756b]&amp#27;[0m Got response with status 200: {"sessionId":"c58554df-ce34-4693-8bc8-74f386f9ff8d","value":"Terms Of Conditions"}
&amp#27;[38;5;32m[AndroidUiautomator2Driver@756b]&amp#27;[0m Replacing sessionId c58554df-ce34-4693-8bc8-74f386f9ff8d with dfe5339f-c9cb-463f-846e-bada59d9e7b7
&amp#27;[38;5;0m[HTTP]&amp#27;[0m <-- GET /session/dfe5339f-c9cb-463f-846e-bada59d9e7b7/element/00000000-0000-02fa-ffff-ffff00000099/text 200 15 ms - 82 
&amp#27;[38;5;0m[HTTP]&amp#27;[0m &amp#27;[37m-->&amp#27;[39m &amp#27;[37mGET&amp#27;[39m &amp#27;[37m/session/dfe5339f-c9cb-463f-846e-bada59d9e7b7/context&amp#27;[39m {}
[debug] &amp#27;[38;5;32m[AndroidUiautomator2Driver@756b]&amp#27;[0m Calling AppiumDriver.getCurrentContext() with args: ["dfe5339f-c9cb-463f-846e-bada59d9e7b7"]
[debug] &amp#27;[38;5;32m[AndroidUiautomator2Driver@756b]&amp#27;[0m Responding to client with driver.getCurrentContext() result: "NATIVE_APP"
&amp#27;[38;5;0m[HTTP]&amp#27;[0m <-- GET /session/dfe5339f-c9cb-463f-846e-bada59d9e7b7/context 200 1 ms - 22 
&amp#27;[38;5;0m[HTTP]&amp#27;[0m &amp#27;[37m-->&amp#27;[39m &amp#27;[37mPOST&amp#27;[39m &amp#27;[37m/session/dfe5339f-c9cb-463f-846e-bada59d9e7b7/element&amp#27;[39m {"using":"id","value":"android:id/button1"}
[debug] &amp#27;[38;5;32m[AndroidUiautomator2Driver@756b]&amp#27;[0m Calling AppiumDriver.findElement() with args: ["id","android:id/button1","dfe5339f-c9cb-463f-846e-bada59d9e7b7"]
[debug] &amp#27;[38;5;32m[AndroidUiautomator2Driver@756b]&amp#27;[0m Valid locator strategies for this request: xpath, id, class name, accessibility id, css selector, -android uiautomator
[debug] &amp#27;[38;5;32m[AndroidUiautomator2Driver@756b]&amp#27;[0m Waiting up to 10000 ms for condition
[debug] &amp#27;[38;5;32m[AndroidUiautomator2Driver@756b]&amp#27;[0m Matched '/element' to command name 'findElement'
[debug] &amp#27;[38;5;32m[AndroidUiautomator2Driver@756b]&amp#27;[0m Proxying [POST /element] to [POST http://127.0.0.1:8200/session/c58554df-ce34-4693-8bc8-74f386f9ff8d/element] with body: {"strategy":"id","selector":"android:id/button1","context":"","multiple":false}
[debug] &amp#27;[38;5;32m[AndroidUiautomator2Driver@756b]&amp#27;[0m Got response with status 200: {"sessionId":"c58554df-ce34-4693-8bc8-74f386f9ff8d","value":{"ELEMENT":"00000000-0000-02fa-ffff-ffff000000a8","element-6066-11e4-a52e-4f735466cecf":"00000000-0000-02fa-ffff-ffff000000a8"}}
[debug] &amp#27;[38;5;32m[AndroidUiautomator2Driver@756b]&amp#27;[0m Responding to client with driver.findElement() result: {"element-6066-11e4-a52e-4f735466cecf":"00000000-0000-02fa-ffff-ffff000000a8","ELEMENT":"00000000-0000-02fa-ffff-ffff000000a8"}
&amp#27;[38;5;0m[HTTP]&amp#27;[0m <-- POST /session/dfe5339f-c9cb-463f-846e-bada59d9e7b7/element 200 25 ms - 137 
&amp#27;[38;5;0m[HTTP]&amp#27;[0m &amp#27;[37m-->&amp#27;[39m &amp#27;[37mPOST&amp#27;[39m &amp#27;[37m/session/dfe5339f-c9cb-463f-846e-bada59d9e7b7/element/00000000-0000-02fa-ffff-ffff000000a8/click&amp#27;[39m {"id":"00000000-0000-02fa-ffff-ffff000000a8"}
[debug] &amp#27;[38;5;32m[AndroidUiautomator2Driver@756b]&amp#27;[0m Calling AppiumDriver.click() with args: ["00000000-0000-02fa-ffff-ffff000000a8","dfe5339f-c9cb-463f-846e-bada59d9e7b7"]
[debug] &amp#27;[38;5;32m[AndroidUiautomator2Driver@756b]&amp#27;[0m Matched '/element/00000000-0000-02fa-ffff-ffff000000a8/click' to command name 'click'
[debug] &amp#27;[38;5;32m[AndroidUiautomator2Driver@756b]&amp#27;[0m Proxying [POST /element/00000000-0000-02fa-ffff-ffff000000a8/click] to [POST http://127.0.0.1:8200/session/c58554df-ce34-4693-8bc8-74f386f9ff8d/element/00000000-0000-02fa-ffff-ffff000000a8/click] with body: {"element":"00000000-0000-02fa-ffff-ffff000000a8"}
[debug] &amp#27;[38;5;32m[AndroidUiautomator2Driver@756b]&amp#27;[0m Got response with status 200: {"sessionId":"c58554df-ce34-4693-8bc8-74f386f9ff8d","value":null}
[debug] &amp#27;[38;5;32m[AndroidUiautomator2Driver@756b]&amp#27;[0m Responding to client with driver.click() result: null
&amp#27;[38;5;0m[HTTP]&amp#27;[0m <-- POST /session/dfe5339f-c9cb-463f-846e-bada59d9e7b7/element/00000000-0000-02fa-ffff-ffff000000a8/click 200 78 ms - 14 
&amp#27;[38;5;0m[HTTP]&amp#27;[0m &amp#27;[37m-->&amp#27;[39m &amp#27;[37mGET&amp#27;[39m &amp#27;[37m/session/dfe5339f-c9cb-463f-846e-bada59d9e7b7/context&amp#27;[39m {}
[debug] &amp#27;[38;5;32m[AndroidUiautomator2Driver@756b]&amp#27;[0m Calling AppiumDriver.getCurrentContext() with args: ["dfe5339f-c9cb-463f-846e-bada59d9e7b7"]
[debug] &amp#27;[38;5;32m[AndroidUiautomator2Driver@756b]&amp#27;[0m Responding to client with driver.getCurrentContext() result: "NATIVE_APP"
&amp#27;[38;5;0m[HTTP]&amp#27;[0m <-- GET /session/dfe5339f-c9cb-463f-846e-bada59d9e7b7/context 200 1 ms - 22 
&amp#27;[38;5;0m[HTTP]&amp#27;[0m &amp#27;[37m-->&amp#27;[39m &amp#27;[37mPOST&amp#27;[39m &amp#27;[37m/session/dfe5339f-c9cb-463f-846e-bada59d9e7b7/element&amp#27;[39m {"using":"xpath","value":"//android.widget.CheckBox[@bounds='[56,1919][1363,2031]']"}
[debug] &amp#27;[38;5;32m[AndroidUiautomator2Driver@756b]&amp#27;[0m Calling AppiumDriver.findElement() with args: ["xpath","//android.widget.CheckBox[@bounds='[56,1919][1363,2031]']","dfe5339f-c9cb-463f-846e-bada59d9e7b7"]
[debug] &amp#27;[38;5;32m[AndroidUiautomator2Driver@756b]&amp#27;[0m Valid locator strategies for this request: xpath, id, class name, accessibility id, css selector, -android uiautomator
[debug] &amp#27;[38;5;32m[AndroidUiautomator2Driver@756b]&amp#27;[0m Waiting up to 10000 ms for condition
[debug] &amp#27;[38;5;32m[AndroidUiautomator2Driver@756b]&amp#27;[0m Matched '/element' to command name 'findElement'
[debug] &amp#27;[38;5;32m[AndroidUiautomator2Driver@756b]&amp#27;[0m Proxying [POST /element] to [POST http://127.0.0.1:8200/session/c58554df-ce34-4693-8bc8-74f386f9ff8d/element] with body: {"strategy":"xpath","selector":"//android.widget.CheckBox[@bounds='[56,1919][1363,2031]']","context":"","multiple":false}
[debug] &amp#27;[38;5;32m[AndroidUiautomator2Driver@756b]&amp#27;[0m Got response with status 200: {"sessionId":"c58554df-ce34-4693-8bc8-74f386f9ff8d","value":{"ELEMENT":"00000000-0000-02f9-ffff-ffff0000007a","element-6066-11e4-a52e-4f735466cecf":"00000000-0000-02f9-ffff-ffff0000007a"}}
[debug] &amp#27;[38;5;32m[AndroidUiautomator2Driver@756b]&amp#27;[0m Responding to client with driver.findElement() result: {"element-6066-11e4-a52e-4f735466cecf":"00000000-0000-02f9-ffff-ffff0000007a","ELEMENT":"00000000-0000-02f9-ffff-ffff0000007a"}
&amp#27;[38;5;0m[HTTP]&amp#27;[0m <-- POST /session/dfe5339f-c9cb-463f-846e-bada59d9e7b7/element 200 400 ms - 137 
&amp#27;[38;5;0m[HTTP]&amp#27;[0m &amp#27;[37m-->&amp#27;[39m &amp#27;[37mPOST&amp#27;[39m &amp#27;[37m/session/dfe5339f-c9cb-463f-846e-bada59d9e7b7/element/00000000-0000-02f9-ffff-ffff0000007a/click&amp#27;[39m {"id":"00000000-0000-02f9-ffff-ffff0000007a"}
[debug] &amp#27;[38;5;32m[AndroidUiautomator2Driver@756b]&amp#27;[0m Calling AppiumDriver.click() with args: ["00000000-0000-02f9-ffff-ffff0000007a","dfe5339f-c9cb-463f-846e-bada59d9e7b7"]
[debug] &amp#27;[38;5;32m[AndroidUiautomator2Driver@756b]&amp#27;[0m Matched '/element/00000000-0000-02f9-ffff-ffff0000007a/click' to command name 'click'
[debug] &amp#27;[38;5;32m[AndroidUiautomator2Driver@756b]&amp#27;[0m Proxying [POST /element/00000000-0000-02f9-ffff-ffff0000007a/click] to [POST http://127.0.0.1:8200/session/c58554df-ce34-4693-8bc8-74f386f9ff8d/element/00000000-0000-02f9-ffff-ffff0000007a/click] with body: {"element":"00000000-0000-02f9-ffff-ffff0000007a"}
[debug] &amp#27;[38;5;32m[AndroidUiautomator2Driver@756b]&amp#27;[0m Got response with status 200: {"sessionId":"c58554df-ce34-4693-8bc8-74f386f9ff8d","value":null}
[debug] &amp#27;[38;5;32m[AndroidUiautomator2Driver@756b]&amp#27;[0m Responding to client with driver.click() result: null
&amp#27;[38;5;0m[HTTP]&amp#27;[0m <-- POST /session/dfe5339f-c9cb-463f-846e-bada59d9e7b7/element/00000000-0000-02f9-ffff-ffff0000007a/click 200 276 ms - 14 
&amp#27;[38;5;0m[HTTP]&amp#27;[0m &amp#27;[37m-->&amp#27;[39m &amp#27;[37mGET&amp#27;[39m &amp#27;[37m/session/dfe5339f-c9cb-463f-846e-bada59d9e7b7/context&amp#27;[39m {}
[debug] &amp#27;[38;5;32m[AndroidUiautomator2Driver@756b]&amp#27;[0m Calling AppiumDriver.getCurrentContext() with args: ["dfe5339f-c9cb-463f-846e-bada59d9e7b7"]
[debug] &amp#27;[38;5;32m[AndroidUiautomator2Driver@756b]&amp#27;[0m Responding to client with driver.getCurrentContext() result: "NATIVE_APP"
&amp#27;[38;5;0m[HTTP]&amp#27;[0m <-- GET /session/dfe5339f-c9cb-463f-846e-bada59d9e7b7/context 200 1 ms - 22 
&amp#27;[38;5;0m[HTTP]&amp#27;[0m &amp#27;[37m-->&amp#27;[39m &amp#27;[37mPOST&amp#27;[39m &amp#27;[37m/session/dfe5339f-c9cb-463f-846e-bada59d9e7b7/element&amp#27;[39m {"using":"id","value":"com.androidsample.generalstore:id/btnProceed"}
[debug] &amp#27;[38;5;32m[AndroidUiautomator2Driver@756b]&amp#27;[0m Calling AppiumDriver.findElement() with args: ["id","com.androidsample.generalstore:id/btnProceed","dfe5339f-c9cb-463f-846e-bada59d9e7b7"]
[debug] &amp#27;[38;5;32m[AndroidUiautomator2Driver@756b]&amp#27;[0m Valid locator strategies for this request: xpath, id, class name, accessibility id, css selector, -android uiautomator
[debug] &amp#27;[38;5;32m[AndroidUiautomator2Driver@756b]&amp#27;[0m Waiting up to 10000 ms for condition
[debug] &amp#27;[38;5;32m[AndroidUiautomator2Driver@756b]&amp#27;[0m Matched '/element' to command name 'findElement'
[debug] &amp#27;[38;5;32m[AndroidUiautomator2Driver@756b]&amp#27;[0m Proxying [POST /element] to [POST http://127.0.0.1:8200/session/c58554df-ce34-4693-8bc8-74f386f9ff8d/element] with body: {"strategy":"id","selector":"com.androidsample.generalstore:id/btnProceed","context":"","multiple":false}
[debug] &amp#27;[38;5;32m[AndroidUiautomator2Driver@756b]&amp#27;[0m Got response with status 200: {"sessionId":"c58554df-ce34-4693-8bc8-74f386f9ff8d","value":{"ELEMENT":"00000000-0000-02f9-ffff-ffff0000007b","element-6066-11e4-a52e-4f735466cecf":"00000000-0000-02f9-ffff-ffff0000007b"}}
[debug] &amp#27;[38;5;32m[AndroidUiautomator2Driver@756b]&amp#27;[0m Responding to client with driver.findElement() result: {"element-6066-11e4-a52e-4f735466cecf":"00000000-0000-02f9-ffff-ffff0000007b","ELEMENT":"00000000-0000-02f9-ffff-ffff0000007b"}
&amp#27;[38;5;0m[HTTP]&amp#27;[0m <-- POST /session/dfe5339f-c9cb-463f-846e-bada59d9e7b7/element 200 198 ms - 137 
&amp#27;[38;5;0m[HTTP]&amp#27;[0m &amp#27;[37m-->&amp#27;[39m &amp#27;[37mPOST&amp#27;[39m &amp#27;[37m/session/dfe5339f-c9cb-463f-846e-bada59d9e7b7/element/00000000-0000-02f9-ffff-ffff0000007b/click&amp#27;[39m {"id":"00000000-0000-02f9-ffff-ffff0000007b"}
[debug] &amp#27;[38;5;32m[AndroidUiautomator2Driver@756b]&amp#27;[0m Calling AppiumDriver.click() with args: ["00000000-0000-02f9-ffff-ffff0000007b","dfe5339f-c9cb-463f-846e-bada59d9e7b7"]
[debug] &amp#27;[38;5;32m[AndroidUiautomator2Driver@756b]&amp#27;[0m Matched '/element/00000000-0000-02f9-ffff-ffff0000007b/click' to command name 'click'
[debug] &amp#27;[38;5;32m[AndroidUiautomator2Driver@756b]&amp#27;[0m Proxying [POST /element/00000000-0000-02f9-ffff-ffff0000007b/click] to [POST http://127.0.0.1:8200/session/c58554df-ce34-4693-8bc8-74f386f9ff8d/element/00000000-0000-02f9-ffff-ffff0000007b/click] with body: {"element":"00000000-0000-02f9-ffff-ffff0000007b"}
[debug] &amp#27;[38;5;32m[AndroidUiautomator2Driver@756b]&amp#27;[0m Got response with status 200: {"sessionId":"c58554df-ce34-4693-8bc8-74f386f9ff8d","value":null}
[debug] &amp#27;[38;5;32m[AndroidUiautomator2Driver@756b]&amp#27;[0m Responding to client with driver.click() result: null
&amp#27;[38;5;0m[HTTP]&amp#27;[0m <-- POST /session/dfe5339f-c9cb-463f-846e-bada59d9e7b7/element/00000000-0000-02f9-ffff-ffff0000007b/click 200 522 ms - 14 
&amp#27;[38;5;0m[HTTP]&amp#27;[0m &amp#27;[37m-->&amp#27;[39m &amp#27;[37mGET&amp#27;[39m &amp#27;[37m/session/dfe5339f-c9cb-463f-846e-bada59d9e7b7/contexts&amp#27;[39m {}
[debug] &amp#27;[38;5;32m[AndroidUiautomator2Driver@756b]&amp#27;[0m Calling AppiumDriver.getContexts() with args: ["dfe5339f-c9cb-463f-846e-bada59d9e7b7"]
[debug] &amp#27;[38;5;32m[AndroidUiautomator2Driver@756b]&amp#27;[0m Getting a list of available webviews
[debug] &amp#27;[38;5;48m[ADB]&amp#27;[0m Running '/Users/user/Library/Android/sdk/platform-tools/adb -P 5037 -s emulator-5554 shell cat /proc/net/unix'
[debug] &amp#27;[38;5;32m[AndroidUiautomator2Driver@756b]&amp#27;[0m Parsed 1 active devtools socket: ["@webview_devtools_remote_17768"]
[debug] &amp#27;[38;5;32m[AndroidUiautomator2Driver@756b]&amp#27;[0m Collecting CDP data of 1 webview
[debug] &amp#27;[38;5;32m[AndroidUiautomator2Driver@756b]&amp#27;[0m Forwarding remote port webview_devtools_remote_17768 to a local port in range 10900..11000
[debug] &amp#27;[38;5;32m[AndroidUiautomator2Driver@756b]&amp#27;[0m You could use the 'webviewDevtoolsPort' capability to customize the starting port number
[debug] &amp#27;[38;5;48m[ADB]&amp#27;[0m Running '/Users/user/Library/Android/sdk/platform-tools/adb -P 5037 -s emulator-5554 forward tcp:10900 localabstract:webview_devtools_remote_17768'
[debug] &amp#27;[38;5;48m[ADB]&amp#27;[0m Removing forwarded port socket connection: 10900 
[debug] &amp#27;[38;5;48m[ADB]&amp#27;[0m Running '/Users/user/Library/Android/sdk/platform-tools/adb -P 5037 -s emulator-5554 forward --remove tcp:10900'
[debug] &amp#27;[38;5;32m[AndroidUiautomator2Driver@756b]&amp#27;[0m CDP data collection completed
[debug] &amp#27;[38;5;32m[AndroidUiautomator2Driver@756b]&amp#27;[0m WEBVIEW_17768 mapped to pid 17768
[debug] &amp#27;[38;5;32m[AndroidUiautomator2Driver@756b]&amp#27;[0m Getting process name for webview 'WEBVIEW_17768'
[debug] &amp#27;[38;5;48m[ADB]&amp#27;[0m Running '/Users/user/Library/Android/sdk/platform-tools/adb -P 5037 -s emulator-5554 shell ps --help'
[debug] &amp#27;[38;5;48m[ADB]&amp#27;[0m Running '/Users/user/Library/Android/sdk/platform-tools/adb -P 5037 -s emulator-5554 shell ps -A'
[debug] &amp#27;[38;5;32m[AndroidUiautomator2Driver@756b]&amp#27;[0m Got process name: 'com.androidsample.generalstore'
[debug] &amp#27;[38;5;32m[AndroidUiautomator2Driver@756b]&amp#27;[0m Found 1 webview: ["WEBVIEW_com.androidsample.generalstore"]
[debug] &amp#27;[38;5;32m[AndroidUiautomator2Driver@756b]&amp#27;[0m Available contexts: ["NATIVE_APP","WEBVIEW_com.androidsample.generalstore"]
[debug] &amp#27;[38;5;32m[AndroidUiautomator2Driver@756b]&amp#27;[0m Responding to client with driver.getContexts() result: ["NATIVE_APP","WEBVIEW_com.androidsample.generalstore"]
&amp#27;[38;5;0m[HTTP]&amp#27;[0m <-- GET /session/dfe5339f-c9cb-463f-846e-bada59d9e7b7/contexts 200 843 ms - 65 
NATIVE_APP
WEBVIEW_com.androidsample.generalstore
&amp#27;[38;5;0m[HTTP]&amp#27;[0m &amp#27;[37m-->&amp#27;[39m &amp#27;[37mPOST&amp#27;[39m &amp#27;[37m/session/dfe5339f-c9cb-463f-846e-bada59d9e7b7/context&amp#27;[39m {"name":"WEBVIEW_com.androidsample.generalstore"}
[debug] &amp#27;[38;5;32m[AndroidUiautomator2Driver@756b]&amp#27;[0m Calling AppiumDriver.setContext() with args: ["WEBVIEW_com.androidsample.generalstore","dfe5339f-c9cb-463f-846e-bada59d9e7b7"]
[debug] &amp#27;[38;5;32m[AndroidUiautomator2Driver@756b]&amp#27;[0m Getting a list of available webviews
[debug] &amp#27;[38;5;48m[ADB]&amp#27;[0m Running '/Users/user/Library/Android/sdk/platform-tools/adb -P 5037 -s emulator-5554 shell cat /proc/net/unix'
[debug] &amp#27;[38;5;32m[AndroidUiautomator2Driver@756b]&amp#27;[0m Parsed 1 active devtools socket: ["@webview_devtools_remote_17768"]
[debug] &amp#27;[38;5;32m[AndroidUiautomator2Driver@756b]&amp#27;[0m Collecting CDP data of 1 webview
[debug] &amp#27;[38;5;32m[AndroidUiautomator2Driver@756b]&amp#27;[0m Forwarding remote port webview_devtools_remote_17768 to a local port in range 10900..11000
[debug] &amp#27;[38;5;32m[AndroidUiautomator2Driver@756b]&amp#27;[0m You could use the 'webviewDevtoolsPort' capability to customize the starting port number
[debug] &amp#27;[38;5;48m[ADB]&amp#27;[0m Running '/Users/user/Library/Android/sdk/platform-tools/adb -P 5037 -s emulator-5554 forward tcp:10900 localabstract:webview_devtools_remote_17768'
[debug] &amp#27;[38;5;48m[ADB]&amp#27;[0m Removing forwarded port socket connection: 10900 
[debug] &amp#27;[38;5;48m[ADB]&amp#27;[0m Running '/Users/user/Library/Android/sdk/platform-tools/adb -P 5037 -s emulator-5554 forward --remove tcp:10900'
[debug] &amp#27;[38;5;32m[AndroidUiautomator2Driver@756b]&amp#27;[0m CDP data collection completed
[debug] &amp#27;[38;5;32m[AndroidUiautomator2Driver@756b]&amp#27;[0m WEBVIEW_17768 mapped to pid 17768
[debug] &amp#27;[38;5;32m[AndroidUiautomator2Driver@756b]&amp#27;[0m Getting process name for webview 'WEBVIEW_17768'
[debug] &amp#27;[38;5;48m[ADB]&amp#27;[0m Running '/Users/user/Library/Android/sdk/platform-tools/adb -P 5037 -s emulator-5554 shell ps -A'
[debug] &amp#27;[38;5;32m[AndroidUiautomator2Driver@756b]&amp#27;[0m Got process name: 'com.androidsample.generalstore'
[debug] &amp#27;[38;5;32m[AndroidUiautomator2Driver@756b]&amp#27;[0m Found 1 webview: ["WEBVIEW_com.androidsample.generalstore"]
[debug] &amp#27;[38;5;32m[AndroidUiautomator2Driver@756b]&amp#27;[0m Available contexts: ["NATIVE_APP","WEBVIEW_com.androidsample.generalstore"]
[debug] &amp#27;[38;5;32m[AndroidUiautomator2Driver@756b]&amp#27;[0m Connecting to chrome-backed webview context 'WEBVIEW_com.androidsample.generalstore'
[debug] &amp#27;[38;5;32m[AndroidUiautomator2Driver@756b]&amp#27;[0m A port was not given, using random free port: 57144
[debug] &amp#27;[38;5;32m[AndroidUiautomator2Driver@756b]&amp#27;[0m Passing web view details to the Chromedriver constructor: {
  "info": {
    "Android-Package": "com.androidsample.generalstore",
    "Browser": "Chrome/101.0.4951.74",
    "Protocol-Version": "1.3",
    "User-Agent": "Mozilla/5.0 (Linux; Android 13; sdk_gphone64_x86_64 Build/TPB4.220624.004; wv) AppleWebKit/537.36 (KHTML, like Gecko) Version/4.0 Chrome/101.0.4951.74 Mobile Safari/537.36",
    "V8-Version": "10.1.124.12",
    "WebKit-Version": "537.36 (@dbe26b37149dd3163913685deed4332d2f067117)",
    "webSocketDebuggerUrl": "ws://127.0.0.1:10900/devtools/browser"
  },
  "process": {
    "name": "com.androidsample.generalstore",
    "id": "17768"
  }
}
[debug] &amp#27;[38;5;32m[AndroidUiautomator2Driver@756b]&amp#27;[0m Automated Chromedriver download is disabled. Use 'chromedriver_autodownload' server feature to enable it
[debug] &amp#27;[38;5;32m[AndroidUiautomator2Driver@756b]&amp#27;[0m Precalculated Chromedriver capabilities: {
  "androidPackage": "com.androidsample.generalstore",
  "androidUseRunningApp": true,
  "androidProcess": "com.androidsample.generalstore",
  "androidDeviceSerial": "emulator-5554"
}
[debug] &amp#27;[38;5;32m[AndroidUiautomator2Driver@756b]&amp#27;[0m Before starting chromedriver, androidPackage is 'com.androidsample.generalstore'
[debug] &amp#27;[38;5;112m[Chromedriver@b62a]&amp#27;[0m Changed state to 'starting'
&amp#27;[38;5;112m[Chromedriver@b62a]&amp#27;[0m Set chromedriver binary as: /Users/user/eclipse-workspace/AppiumFrameworkDesign//src//test//java//org//dandytech//testApps//chromedriver
[debug] &amp#27;[38;5;112m[Chromedriver@b62a]&amp#27;[0m Killing any old chromedrivers, running: pkill -15 -f "/Users/user/eclipse-workspace/AppiumFrameworkDesign//src//test//java//org//dandytech//testApps//chromedriver.*--port=57144"
&amp#27;[38;5;112m[Chromedriver@b62a]&amp#27;[0m No old chromedrivers seem to exist
[debug] &amp#27;[38;5;112m[Chromedriver@b62a]&amp#27;[0m Cleaning this device's adb forwarded port socket connections: emulator-5554
[debug] &amp#27;[38;5;48m[ADB]&amp#27;[0m List forwarding ports
[debug] &amp#27;[38;5;48m[ADB]&amp#27;[0m Running '/Users/user/Library/Android/sdk/platform-tools/adb -P 5037 -s emulator-5554 forward --list'
&amp#27;[38;5;112m[Chromedriver@b62a]&amp#27;[0m Spawning chromedriver with: /Users/user/eclipse-workspace/AppiumFrameworkDesign//src//test//java//org//dandytech//testApps//chromedriver --port=57144 --adb-port=5037 --verbose
[debug] &amp#27;[38;5;112m[Chromedriver@b62a]&amp#27;[0m ChromeDriver version: '101.0.4951.41'
[debug] &amp#27;[38;5;112m[Chromedriver@b62a]&amp#27;[0m Matched '/status' to command name 'getStatus'
[debug] &amp#27;[38;5;112m[Chromedriver@b62a]&amp#27;[0m Proxying [GET /status] to [GET http://127.0.0.1:57144/status] with no body
&amp#27;[38;5;112m[Chromedriver@b62a]&amp#27;[0m connect ECONNREFUSED 127.0.0.1:57144
[debug] &amp#27;[38;5;112m[Chromedriver@b62a]&amp#27;[0m Matched '/status' to command name 'getStatus'
[debug] &amp#27;[38;5;112m[Chromedriver@b62a]&amp#27;[0m Proxying [GET /status] to [GET http://127.0.0.1:57144/status] with no body
[debug] &amp#27;[38;5;112m[Chromedriver@b62a]&amp#27;[0m Got response with status 200: {"value":{"build":{"version":"101.0.4951.41 (93c720db8323b3ec10d056025ab95c23a31997c9-refs/branch-heads/4951@{#904})"},"message":"ChromeDriver ready for new sessions.","os":{"arch":"x86_64","name":"Mac OS X","version":"12.7.5"},"ready":true}}
&amp#27;[38;5;112m[Chromedriver@b62a]&amp#27;[0m Starting W3C Chromedriver session with capabilities: {
&amp#27;[38;5;112m[Chromedriver@b62a]&amp#27;[0m   "capabilities": {
&amp#27;[38;5;112m[Chromedriver@b62a]&amp#27;[0m     "alwaysMatch": {
&amp#27;[38;5;112m[Chromedriver@b62a]&amp#27;[0m       "goog:chromeOptions": {
&amp#27;[38;5;112m[Chromedriver@b62a]&amp#27;[0m         "androidPackage": "com.androidsample.generalstore",
&amp#27;[38;5;112m[Chromedriver@b62a]&amp#27;[0m         "androidUseRunningApp": true,
&amp#27;[38;5;112m[Chromedriver@b62a]&amp#27;[0m         "androidProcess": "com.androidsample.generalstore",
&amp#27;[38;5;112m[Chromedriver@b62a]&amp#27;[0m         "androidDeviceSerial": "emulator-5554"
&amp#27;[38;5;112m[Chromedriver@b62a]&amp#27;[0m       },
&amp#27;[38;5;112m[Chromedriver@b62a]&amp#27;[0m       "goog:loggingPrefs": {
&amp#27;[38;5;112m[Chromedriver@b62a]&amp#27;[0m         "browser": "ALL"
&amp#27;[38;5;112m[Chromedriver@b62a]&amp#27;[0m       }
&amp#27;[38;5;112m[Chromedriver@b62a]&amp#27;[0m     }
&amp#27;[38;5;112m[Chromedriver@b62a]&amp#27;[0m   }
&amp#27;[38;5;112m[Chromedriver@b62a]&amp#27;[0m }
[debug] &amp#27;[38;5;112m[Chromedriver@b62a]&amp#27;[0m Matched '/session' to command name 'createSession'
[debug] &amp#27;[38;5;112m[Chromedriver@b62a]&amp#27;[0m Proxying [POST /session] to [POST http://127.0.0.1:57144/session] with body: {"capabilities":{"alwaysMatch":{"goog:chromeOptions":{"androidPackage":"com.androidsample.generalstore","androidUseRunningApp":true,"androidProcess":"com.androidsample.generalstore","androidDeviceSerial":"emulator-5554"},"goog:loggingPrefs":{"browser":"ALL"}}}}
[debug] &amp#27;[38;5;112m[Chromedriver@b62a]&amp#27;[0m Webview version: 'Chrome/101.0.4951.74'
[debug] &amp#27;[38;5;112m[Chromedriver@b62a]&amp#27;[0m Got response with status 200: {"value":{"capabilities":{"acceptInsecureCerts":false,"browserName":"chrome","browserVersion":"101.0.4951.74","chrome":{"chromedriverVersion":"101.0.4951.41 (93c720db8323b3ec10d056025ab95c23a31997c9-refs/branch-heads/4951@{#904})"},"goog:chromeOptions":{"debuggerAddress":"localhost:57155"},"pageLoadStrategy":"normal","platformName":"android","proxy":{},"setWindowRect":false,"strictFileInteractability":false,"timeouts":{"implicit":0,"pageLoad":300000,"script":30000},"unhandledPromptBehavior":"dismiss and notify","webauthn:extension:credBlob":false,"webauthn:extension:largeBlob":false,"webauthn:virtualAuthenticators":false},"sessionId":"c4d42dedb114901b394d866fbdf813b0"}}
&amp#27;[38;5;112m[Chromedriver@b62a]&amp#27;[0m Determined the downstream protocol as 'W3C'
[debug] &amp#27;[38;5;112m[Chromedriver@b62a]&amp#27;[0m Changed state to 'online'
[debug] &amp#27;[38;5;32m[AndroidUiautomator2Driver@756b]&amp#27;[0m Responding to client with driver.setContext() result: null
&amp#27;[38;5;0m[HTTP]&amp#27;[0m <-- POST /session/dfe5339f-c9cb-463f-846e-bada59d9e7b7/context 200 1991 ms - 14 
&amp#27;[38;5;0m[HTTP]&amp#27;[0m &amp#27;[37m-->&amp#27;[39m &amp#27;[37mPOST&amp#27;[39m &amp#27;[37m/session/dfe5339f-c9cb-463f-846e-bada59d9e7b7/element&amp#27;[39m {"using":"name","value":"q"}
&amp#27;[38;5;32m[AndroidUiautomator2Driver@756b]&amp#27;[0m Driver proxy active, passing request on via HTTP proxy
[debug] &amp#27;[38;5;112m[Chromedriver@b62a]&amp#27;[0m Matched '/session/dfe5339f-c9cb-463f-846e-bada59d9e7b7/element' to command name 'findElement'
[debug] &amp#27;[38;5;112m[Chromedriver@b62a]&amp#27;[0m Proxying [POST /session/dfe5339f-c9cb-463f-846e-bada59d9e7b7/element] to [POST http://127.0.0.1:57144/session/c4d42dedb114901b394d866fbdf813b0/element] with body: {"using":"name","value":"q"}
&amp#27;[38;5;112m[Chromedriver@b62a]&amp#27;[0m Got response with status 400: {"value":{"error":"invalid argument","message":"invalid argument: invalid locator\n  (Session info: chrome=101.0.4951.74)","stacktrace":"0   chromedriver                        0x0000000105d742c9 chromedriver + 5120713\n1   chromedriver                        0x0000000105d02e33 chromedriver + 4656691\n2   chromedriver                        0x00000001058f2158 chromedriver + 393560\n3   chromedriver                        0x00000001059269b4 chromedriver + 608692\n4   chromedriver                        0x0000000105927161 chromedriver + 610657\n5   chromedriver                        0x0000000105959244 chromedriver + 815684\n6   chromedriver                        0x00000001059444ad chromedriver + 730285\n7   chromedriver                        0x0000000105956f41 chromedriver + 806721\n8   chromedriver                        0x0000000105944373 chromedriver + 729971\n9   chromedriver                        0x000000010591a609 chromedriver + 558601\n10  chromedriver                        0x000000010591b635 chr...
[debug] &amp#27;[38;5;96m[W3C]&amp#27;[0m Matched W3C error code 'invalid argument' to InvalidArgumentError
&amp#27;[38;5;0m[HTTP]&amp#27;[0m <-- POST /session/dfe5339f-c9cb-463f-846e-bada59d9e7b7/element 400 3025 ms - 1867 
&amp#27;[38;5;0m[HTTP]&amp#27;[0m &amp#27;[37m-->&amp#27;[39m &amp#27;[37mPOST&amp#27;[39m &amp#27;[37m/session/dfe5339f-c9cb-463f-846e-bada59d9e7b7/element&amp#27;[39m {"using":"css selector","value":"*[name='q']"}
&amp#27;[38;5;32m[AndroidUiautomator2Driver@756b]&amp#27;[0m Driver proxy active, passing request on via HTTP proxy
[debug] &amp#27;[38;5;112m[Chromedriver@b62a]&amp#27;[0m Matched '/session/dfe5339f-c9cb-463f-846e-bada59d9e7b7/element' to command name 'findElement'
[debug] &amp#27;[38;5;112m[Chromedriver@b62a]&amp#27;[0m Proxying [POST /session/dfe5339f-c9cb-463f-846e-bada59d9e7b7/element] to [POST http://127.0.0.1:57144/session/c4d42dedb114901b394d866fbdf813b0/element] with body: {"using":"css selector","value":"*[name='q']"}
&amp#27;[38;5;112m[Chromedriver@b62a]&amp#27;[0m Got response with status 404: {"value":{"error":"no such element","message":"no such element: Unable to locate element: {\"method\":\"css selector\",\"selector\":\"*[name='q']\"}\n  (Session info: chrome=101.0.4951.74)","stacktrace":"0   chromedriver                        0x0000000105d742c9 chromedriver + 5120713\n1   chromedriver                        0x0000000105d02e33 chromedriver + 4656691\n2   chromedriver                        0x00000001058f2158 chromedriver + 393560\n3   chromedriver                        0x0000000105926edd chromedriver + 610013\n4   chromedriver                        0x0000000105927161 chromedriver + 610657\n5   chromedriver                        0x0000000105959244 chromedriver + 815684\n6   chromedriver                        0x00000001059444ad chromedriver + 730285\n7   chromedriver                        0x0000000105956f41 chromedriver + 806721\n8   chromedriver                        0x0000000105944373 chromedriver + 729971\n9   chromedriver                        0x000000010591a609 chromedriver + 558...
[debug] &amp#27;[38;5;96m[W3C]&amp#27;[0m Matched W3C error code 'no such element' to NoSuchElementError
&amp#27;[38;5;0m[HTTP]&amp#27;[0m <-- POST /session/dfe5339f-c9cb-463f-846e-bada59d9e7b7/element 404 55 ms - 1934 
&amp#27;[38;5;0m[HTTP]&amp#27;[0m &amp#27;[37m-->&amp#27;[39m &amp#27;[37mGET&amp#27;[39m &amp#27;[37m/session/dfe5339f-c9cb-463f-846e-bada59d9e7b7/screenshot&amp#27;[39m {}
&amp#27;[38;5;32m[AndroidUiautomator2Driver@756b]&amp#27;[0m Driver proxy active, passing request on via HTTP proxy
[debug] &amp#27;[38;5;112m[Chromedriver@b62a]&amp#27;[0m Matched '/session/dfe5339f-c9cb-463f-846e-bada59d9e7b7/screenshot' to command name 'getScreenshot'
[debug] &amp#27;[38;5;112m[Chromedriver@b62a]&amp#27;[0m Proxying [GET /session/dfe5339f-c9cb-463f-846e-bada59d9e7b7/screenshot] to [GET http://127.0.0.1:57144/session/c4d42dedb114901b394d866fbdf813b0/screenshot] with no body
[debug] &amp#27;[38;5;112m[Chromedriver@b62a]&amp#27;[0m Got response with status 200: {"value":"iVBORw0KGgoAAAANSUhEUgAABaIAAAlaCAYAAADf/GT+AAAgAElEQVR4nOzde5AddZ3//9fn8+nuc5lbJncuclkQgQWR268oFFdAVrS8sSqKLupuCe563VJKQMVdtRRZ7666yuIq6MqWlwVRLEEgqIClKBBNBBQQ8tUIJCSZZDIz55zuz+f3R/c5cyYJ4Zy5ZibPB9WZSaa7P5/u046T13nn/TEhhKBZtHb91yRJo/WNGhp7WMO19Rqu/0XGRLImljWRjLEdnSuEoKBMIeRbOR5Uf/lA9ZT2UV/5aSpHi9WTrFA5WqzRxgY9tu0ubdp+n54YuS8/XkFS8/JN8auZ7ktGh0LwkoJC8DIyimxZsetRZMvqrxykZb1Ha1H1UPWW9teWkQe0Yfi32jzygLbX/6JGtl2pH1XmxySZ4hmyMqaz13P8WUoVQqbeZB8t7T1aiyqHaLB6qCRp5cD/N2PXDgAAAAAAACxknSW+AAAAAAAAAABMUjTbA+ZVr3k1cpDPt+Al+bwiVaaoVO7obK1q6HzzbVtojZLv19z8eOXtLiqiAxXRcyfkz4SCV5CRl5cPWesZGX8uwk7PT3PzIZNpvr9igkLo9PUME5+h4tzNZwcAAAAAAADA5M1+EK0iiC5CPx8y+ZDJSsVXNB4kPtW5dmin4ENDXlkRaBeBc2iGzfm+Xvl+Eq059jStsDl4SUbeNxRMKh/S4nX2rTcy1Aqg86+3b0Ymf4bCZFpzZMWzlLUC6fEnEwAAAAAAAMBkzGFFtG+rQM3kJVkZ5RFkhx1DivDQTwgP26tam/8VNbTBt4LGtj+V1AygTce12Jh+eeWxb1UgN984aL5mKiqUJ1REt17T9iDayhQ11R1XuIcw/kxqPISeWIkNAAAAAAAAYDJmPYhuViCPtz/Igz+F9rYYnQV/oRVEp60gOt+aVazjwWXz9/l+aTHKeEV0oCJ6zrXePCgWK/Q7VSe3VbAXbVa8MnmlEwLrIF+E0bbj13M8BM/Gn8vW5wT...
&amp#27;[38;5;0m[HTTP]&amp#27;[0m <-- GET /session/dfe5339f-c9cb-463f-846e-bada59d9e7b7/screenshot 200 503 ms - 121920 
]]></system-out>
    <system-err><![CDATA[SLF4J(W): No SLF4J providers were found.
SLF4J(W): Defaulting to no-operation (NOP) logger implementation
SLF4J(W): See https://www.slf4j.org/codes.html#noProviders for further details.
]]></system-err>
  </testcase>
  <testcase name="FillForm_ErrorValidation" classname="org.dandytech.E_Commerce_tc_1" time="15.472">
    <system-out><![CDATA[&amp#27;[38;5;0m[HTTP]&amp#27;[0m &amp#27;[37m-->&amp#27;[39m &amp#27;[37mDELETE&amp#27;[39m &amp#27;[37m/session/dfe5339f-c9cb-463f-846e-bada59d9e7b7&amp#27;[39m {}
[debug] &amp#27;[38;5;32m[AndroidUiautomator2Driver@756b]&amp#27;[0m Calling AppiumDriver.deleteSession() with args: ["dfe5339f-c9cb-463f-846e-bada59d9e7b7"]
[debug] &amp#27;[38;5;16m[AppiumDriver@d28a]&amp#27;[0m Event 'quitSessionRequested' logged at 1721637338584 (09:35:38 GMT+0100 (West Africa Standard Time))
&amp#27;[38;5;16m[AppiumDriver@d28a]&amp#27;[0m Removing session dfe5339f-c9cb-463f-846e-bada59d9e7b7 from our master session list
[debug] &amp#27;[38;5;32m[AndroidUiautomator2Driver@756b]&amp#27;[0m Deleting UiAutomator2 session
[debug] &amp#27;[38;5;32m[AndroidUiautomator2Driver@756b]&amp#27;[0m Stopping chromedriver for context WEBVIEW_com.androidsample.generalstore
[debug] &amp#27;[38;5;112m[Chromedriver@b62a]&amp#27;[0m Changed state to 'stopping'
[debug] &amp#27;[38;5;112m[Chromedriver@b62a]&amp#27;[0m Proxying [DELETE /] to [DELETE http://127.0.0.1:57144/session/c4d42dedb114901b394d866fbdf813b0] with no body
[debug] &amp#27;[38;5;112m[Chromedriver@b62a]&amp#27;[0m Got response with status 200: {"value":null}
[debug] &amp#27;[38;5;112m[Chromedriver@b62a]&amp#27;[0m Changed state to 'stopped'
[debug] &amp#27;[38;5;32m[AndroidUiautomator2Driver@756b]&amp#27;[0m Deleting UiAutomator2 server session
[debug] &amp#27;[38;5;32m[AndroidUiautomator2Driver@756b]&amp#27;[0m Matched '/' to command name 'deleteSession'
[debug] &amp#27;[38;5;32m[AndroidUiautomator2Driver@756b]&amp#27;[0m Proxying [DELETE /] to [DELETE http://127.0.0.1:8200/session/c58554df-ce34-4693-8bc8-74f386f9ff8d] with no body
[debug] &amp#27;[38;5;32m[AndroidUiautomator2Driver@756b]&amp#27;[0m Got response with status 200: {"sessionId":"c58554df-ce34-4693-8bc8-74f386f9ff8d","value":null}
[debug] &amp#27;[38;5;32m[AndroidUiautomator2Driver@756b]&amp#27;[0m [Instrumentation] io.appium.uiautomator2.server.test.AppiumUiAutomator2Server:
[debug] &amp#27;[38;5;32m[AndroidUiautomator2Driver@756b]&amp#27;[0m [Instrumentation] The process has exited with code null, signal SIGTERM
[debug] &amp#27;[38;5;48m[ADB]&amp#27;[0m Running '/Users/user/Library/Android/sdk/platform-tools/adb -P 5037 -s emulator-5554 shell dumpsys activity services io.appium.settings/.recorder.RecorderService'
[debug] &amp#27;[38;5;48m[ADB]&amp#27;[0m Running '/Users/user/Library/Android/sdk/platform-tools/adb -P 5037 -s emulator-5554 shell am force-stop com.androidsample.generalstore'
[debug] &amp#27;[38;5;80m[Logcat]&amp#27;[0m Stopping logcat capture
[debug] &amp#27;[38;5;48m[ADB]&amp#27;[0m Removing forwarded port socket connection: 8200 
[debug] &amp#27;[38;5;48m[ADB]&amp#27;[0m Running '/Users/user/Library/Android/sdk/platform-tools/adb -P 5037 -s emulator-5554 forward --remove tcp:8200'
&amp#27;[38;5;32m[AndroidUiautomator2Driver@756b]&amp#27;[0m Restoring hidden api policy to the device default configuration
[debug] &amp#27;[38;5;48m[ADB]&amp#27;[0m Running '/Users/user/Library/Android/sdk/platform-tools/adb -P 5037 -s emulator-5554 shell 'settings delete global hidden_api_policy_pre_p_apps;settings delete global hidden_api_policy_p_apps;settings delete global hidden_api_policy''
[debug] &amp#27;[38;5;16m[AppiumDriver@d28a]&amp#27;[0m Event 'quitSessionFinished' logged at 1721637339287 (09:35:39 GMT+0100 (West Africa Standard Time))
[debug] &amp#27;[38;5;16m[AppiumDriver@d28a]&amp#27;[0m Received response: null
[debug] &amp#27;[38;5;16m[AppiumDriver@d28a]&amp#27;[0m But deleting session, so not returning
[debug] &amp#27;[38;5;16m[AppiumDriver@d28a]&amp#27;[0m Responding to client with driver.deleteSession() result: null
&amp#27;[38;5;0m[HTTP]&amp#27;[0m <-- DELETE /session/dfe5339f-c9cb-463f-846e-bada59d9e7b7 200 706 ms - 14 
WARN Appium Appium encountered 2 warnings while validating drivers found in manifest /Users/user/.appium/node_modules/.cache/appium/extensions.yaml
WARN Appium Driver "uiautomator2" has 1 potential problem: 
WARN Appium   - Driver "uiautomator2" (package `appium-uiautomator2-driver`) may be incompatible with the current version of Appium (v2.0.1) due to its peer dependency on older Appium v^2.4.1. Please upgrade `appium-uiautomator2-driver` to v3.7.3 or newer.
WARN Appium Driver "xcuitest" has 1 potential problem: 
WARN Appium   - Driver "xcuitest" (package `appium-xcuitest-driver`) may be incompatible with the current version of Appium (v2.0.1) due to its peer dependency on older Appium v^2.5.4. Please upgrade `appium-xcuitest-driver` to v7.24.1 or newer.
&amp#27;[35m[Appium]&amp#27;[39m Welcome to Appium v2.0.1
&amp#27;[35m[Appium]&amp#27;[39m Attempting to load driver uiautomator2...
[debug] &amp#27;[35m[Appium]&amp#27;[39m Requiring driver at /Users/user/.appium/node_modules/appium-uiautomator2-driver
[Appium] Attempting to load driver xcuitest...
[debug] [Appium] Requiring driver at /Users/user/.appium/node_modules/appium-xcuitest-driver
[Appium] Appium REST http interface listener started on http://0.0.0.0:4723
[Appium] You can provide the following URLS in your client code to connect to this server:
[Appium] 	http://127.0.0.1:4723/ (only accessible from the same host)
[Appium] 	http://192.168.0.10:4723/
[Appium] 	http://192.168.2.1:4723/
[Appium] Available drivers:
[Appium]   - uiautomator2@3.7.1 (automationName 'UiAutomator2')
[Appium]   - xcuitest@7.23.0 (automationName 'XCUITest')
[Appium] No plugins have been installed. Use the "appium plugin" command to install the one(s) you want to use.
&amp#27;[38;5;0m[HTTP]&amp#27;[0m &amp#27;[37m-->&amp#27;[39m &amp#27;[37mGET&amp#27;[39m &amp#27;[37m/status&amp#27;[39m {}
[debug] &amp#27;[38;5;16m[AppiumDriver@6ef7]&amp#27;[0m Calling AppiumDriver.getStatus() with args: []
[debug] &amp#27;[38;5;16m[AppiumDriver@6ef7]&amp#27;[0m Responding to client with driver.getStatus() result: {"build":{"version":"2.0.1"}}
&amp#27;[38;5;0m[HTTP]&amp#27;[0m <-- GET /status 200 6 ms - 39 
[debug] &amp#27;[38;5;0m[HTTP]&amp#27;[0m Request idempotency key: af8fb96f-69ec-4bb9-8c14-5ccfab626733
&amp#27;[38;5;0m[HTTP]&amp#27;[0m &amp#27;[37m-->&amp#27;[39m &amp#27;[37mPOST&amp#27;[39m &amp#27;[37m/session&amp#27;[39m {"capabilities":{"firstMatch":[{"appium:chromedriverExecutable":"/Users/user/eclipse-workspace/AppiumFrameworkDesign//src//test//java//org//dandytech//testApps//chromedriver","appium:deviceName":"Nexus 6P API 33","platformName":"ANDROID","appium:automationName":"UIAutomator2","appium:app":"/Users/user/eclipse-workspace/AppiumFrameworkDesign//src//test//java//org//dandytech//testApps//General-Store.apk"}]}}
[debug] &amp#27;[38;5;16m[AppiumDriver@6ef7]&amp#27;[0m Calling AppiumDriver.createSession() with args: [null,null,{"firstMatch":[{"appium:chromedriverExecutable":"/Users/user/eclipse-workspace/AppiumFrameworkDesign//src//test//java//org//dandytech//testApps//chromedriver","appium:deviceName":"Nexus 6P API 33","platformName":"ANDROID","appium:automationName":"UIAutomator2","appium:app":"/Users/user/eclipse-workspace/AppiumFrameworkDesign//src//test//java//org//dandytech//testApps//General-Store.apk"}]}]
[debug] &amp#27;[38;5;16m[AppiumDriver@6ef7]&amp#27;[0m Event 'newSessionRequested' logged at 1721637351948 (09:35:51 GMT+0100 (West Africa Standard Time))
[Appium] Attempting to find matching driver for automationName 'UIAutomator2' and platformName 'ANDROID'
[Appium] The 'uiautomator2' driver was installed and matched caps.
[Appium] Will require it at /Users/user/.appium/node_modules/appium-uiautomator2-driver
[debug] [Appium] Requiring driver at /Users/user/.appium/node_modules/appium-uiautomator2-driver
&amp#27;[38;5;16m[AppiumDriver@6ef7]&amp#27;[0m Appium v2.0.1 creating new AndroidUiautomator2Driver (v3.7.1) session
&amp#27;[38;5;16m[AppiumDriver@6ef7]&amp#27;[0m Checking BaseDriver versions for Appium and AndroidUiautomator2Driver
&amp#27;[38;5;16m[AppiumDriver@6ef7]&amp#27;[0m Appium's BaseDriver version is 9.10.3
&amp#27;[38;5;16m[AppiumDriver@6ef7]&amp#27;[0m AndroidUiautomator2Driver's BaseDriver version is 9.10.3
[debug] &amp#27;[38;5;32m[AndroidUiautomator2Driver@8eb2]&amp#27;[0m 
[debug] &amp#27;[38;5;32m[AndroidUiautomator2Driver@8eb2]&amp#27;[0m Creating session with W3C capabilities: {
  "alwaysMatch": {
    "platformName": "ANDROID",
    "appium:chromedriverExecutable": "/Users/user/eclipse-workspace/AppiumFrameworkDesign//src//test//java//org//dandytech//testApps//chromedriver",
    "appium:deviceName": "Nexus 6P API 33",
    "appium:automationName": "UIAutomator2",
    "appium:app": "/Users/user/eclipse-workspace/AppiumFrameworkDesign//src//test//java//org//dandytech//testApps//General-Store.apk"
  },
  "firstMatch": [
    {}
  ]
}
&amp#27;[38;5;32m[AndroidUiautomator2Driver@8eb2]&amp#27;[0m Session created with session id: fdd6b90b-66eb-4e13-b236-0c4c89efa48d
&amp#27;[38;5;48m[ADB]&amp#27;[0m Found 2 'build-tools' folders under '/Users/user/Library/Android/sdk' (newest first):
&amp#27;[38;5;48m[ADB]&amp#27;[0m     /Users/user/Library/Android/sdk/build-tools/33.0.0
&amp#27;[38;5;48m[ADB]&amp#27;[0m     /Users/user/Library/Android/sdk/build-tools/30.0.3
&amp#27;[38;5;48m[ADB]&amp#27;[0m Using 'adb' from '/Users/user/Library/Android/sdk/platform-tools/adb'
[debug] &amp#27;[38;5;48m[ADB]&amp#27;[0m Running '/Users/user/Library/Android/sdk/platform-tools/adb -P 5037 start-server'
&amp#27;[38;5;32m[AndroidUiautomator2Driver@8eb2]&amp#27;[0m Retrieving device list
[debug] &amp#27;[38;5;48m[ADB]&amp#27;[0m Trying to find connected Android devices
[debug] &amp#27;[38;5;48m[ADB]&amp#27;[0m Getting connected devices
[debug] &amp#27;[38;5;48m[ADB]&amp#27;[0m Connected devices: [{"udid":"emulator-5554","state":"device"}]
&amp#27;[38;5;32m[AndroidUiautomator2Driver@8eb2]&amp#27;[0m Using device: emulator-5554
&amp#27;[38;5;48m[ADB]&amp#27;[0m Using 'adb' from '/Users/user/Library/Android/sdk/platform-tools/adb'
[debug] &amp#27;[38;5;48m[ADB]&amp#27;[0m Running '/Users/user/Library/Android/sdk/platform-tools/adb -P 5037 start-server'
[debug] &amp#27;[38;5;48m[ADB]&amp#27;[0m Setting device id to emulator-5554
&amp#27;[38;5;64m[BaseDriver]&amp#27;[0m Using local app '/Users/user/eclipse-workspace/AppiumFrameworkDesign//src//test//java//org//dandytech//testApps//General-Store.apk'
[debug] &amp#27;[38;5;32m[AndroidUiautomator2Driver@8eb2]&amp#27;[0m Checking whether app is actually present
[debug] &amp#27;[38;5;48m[ADB]&amp#27;[0m Running '/Users/user/Library/Android/sdk/platform-tools/adb -P 5037 -s emulator-5554 shell getprop ro.build.version.sdk'
[debug] &amp#27;[38;5;48m[ADB]&amp#27;[0m Current device property 'ro.build.version.sdk': 33
&amp#27;[38;5;48m[ADB]&amp#27;[0m Getting device platform version
[debug] &amp#27;[38;5;48m[ADB]&amp#27;[0m Running '/Users/user/Library/Android/sdk/platform-tools/adb -P 5037 -s emulator-5554 shell getprop ro.build.version.release'
[debug] &amp#27;[38;5;48m[ADB]&amp#27;[0m Current device property 'ro.build.version.release': 13
[debug] &amp#27;[38;5;48m[ADB]&amp#27;[0m Device API level: 33
&amp#27;[38;5;32m[AndroidUiautomator2Driver@8eb2]&amp#27;[0m Relaxing hidden api policy
[debug] &amp#27;[38;5;48m[ADB]&amp#27;[0m Running '/Users/user/Library/Android/sdk/platform-tools/adb -P 5037 -s emulator-5554 shell 'settings put global hidden_api_policy_pre_p_apps 1;settings put global hidden_api_policy_p_apps 1;settings put global hidden_api_policy 1''
[debug] &amp#27;[38;5;32m[AndroidUiautomator2Driver@8eb2]&amp#27;[0m Parsing package and activity from app manifest
[debug] &amp#27;[38;5;48m[ADB]&amp#27;[0m Running '/Users/user/Library/Android/sdk/platform-tools/adb -P 5037 -s emulator-5554 wait-for-device'
&amp#27;[38;5;48m[ADB]&amp#27;[0m Package name: 'com.androidsample.generalstore'
&amp#27;[38;5;48m[ADB]&amp#27;[0m Main activity name: 'com.androidsample.generalstore.SplashActivity'
[debug] &amp#27;[38;5;32m[AndroidUiautomator2Driver@8eb2]&amp#27;[0m Parsed package and activity are: com.androidsample.generalstore/com.androidsample.generalstore.SplashActivity
[debug] &amp#27;[38;5;48m[ADB]&amp#27;[0m Running '/Users/user/Library/Android/sdk/platform-tools/adb -P 5037 -s emulator-5554 shell echo ping'
[debug] &amp#27;[38;5;32m[AndroidUiautomator2Driver@8eb2]&amp#27;[0m Pushing settings apk to the device...
[debug] &amp#27;[38;5;48m[ADB]&amp#27;[0m Getting package info for 'io.appium.settings'
[debug] &amp#27;[38;5;48m[ADB]&amp#27;[0m Running '/Users/user/Library/Android/sdk/platform-tools/adb -P 5037 -s emulator-5554 shell dumpsys package io.appium.settings'
[debug] &amp#27;[38;5;48m[ADB]&amp#27;[0m The version name of the installed 'io.appium.settings' is greater or equal to the application version name ('5.12.4' >= '5.12.4')
[debug] &amp#27;[38;5;48m[ADB]&amp#27;[0m There is no need to install/upgrade '/Users/user/.appium/node_modules/appium-uiautomator2-driver/node_modules/io.appium.settings/apks/settings_apk-debug.apk'
[debug] &amp#27;[38;5;48m[ADB]&amp#27;[0m Running '/Users/user/Library/Android/sdk/platform-tools/adb -P 5037 -s emulator-5554 shell dumpsys activity services io.appium.settings'
[debug] &amp#27;[38;5;32m[AndroidUiautomator2Driver@8eb2]&amp#27;[0m io.appium.settings is already running. There is no need to reset its permissions.
[debug] &amp#27;[38;5;80m[Logcat]&amp#27;[0m Starting logs capture with command: /Users/user/Library/Android/sdk/platform-tools/adb -P 5037 -s emulator-5554 logcat -v threadtime
[debug] &amp#27;[38;5;32m[AndroidUiautomator2Driver@8eb2]&amp#27;[0m Forwarding UiAutomator2 Server port 6790 to local port 8200
[debug] &amp#27;[38;5;48m[ADB]&amp#27;[0m Forwarding system: 8200 to device: 6790
[debug] &amp#27;[38;5;48m[ADB]&amp#27;[0m Running '/Users/user/Library/Android/sdk/platform-tools/adb -P 5037 -s emulator-5554 forward tcp:8200 tcp:6790'
[debug] &amp#27;[38;5;48m[ADB]&amp#27;[0m Getting package info for 'io.appium.uiautomator2.server'
[debug] &amp#27;[38;5;48m[ADB]&amp#27;[0m Running '/Users/user/Library/Android/sdk/platform-tools/adb -P 5037 -s emulator-5554 shell dumpsys package io.appium.uiautomator2.server'
[debug] &amp#27;[38;5;48m[ADB]&amp#27;[0m Getting install status for io.appium.uiautomator2.server.test
[debug] &amp#27;[38;5;48m[ADB]&amp#27;[0m Checking app cert for /Users/user/eclipse-workspace/AppiumFrameworkDesign//src//test//java//org//dandytech//testApps//General-Store.apk
[debug] &amp#27;[38;5;48m[ADB]&amp#27;[0m Running '/Users/user/Library/Android/sdk/platform-tools/adb -P 5037 -s emulator-5554 shell cmd package list packages'
&amp#27;[38;5;48m[ADB]&amp#27;[0m Using 'apksigner.jar' from '/Users/user/Library/Android/sdk/build-tools/33.0.0/lib/apksigner.jar'
[debug] &amp#27;[38;5;48m[ADB]&amp#27;[0m Starting apksigner: /Library/Java/JavaVirtualMachines/jdk-19.jdk/Contents/Home/bin/java -Xmx1024M -Xss1m -jar /Users/user/Library/Android/sdk/build-tools/33.0.0/lib/apksigner.jar verify --print-certs /Users/user/eclipse-workspace/AppiumFrameworkDesign//src//test//java//org//dandytech//testApps//General-Store.apk
[debug] &amp#27;[38;5;48m[ADB]&amp#27;[0m 'io.appium.uiautomator2.server.test' is installed
[debug] &amp#27;[38;5;48m[ADB]&amp#27;[0m The version name of the installed 'io.appium.uiautomator2.server' is greater or equal to the application version name ('7.0.18' >= '7.0.18')
[debug] &amp#27;[38;5;32m[AndroidUiautomator2Driver@8eb2]&amp#27;[0m Server packages status: [{"installState":"sameVersionInstalled","appPath":"/Users/user/.appium/node_modules/appium-uiautomator2-driver/node_modules/appium-uiautomator2-server/apks/appium-uiautomator2-server-v7.0.18.apk","appId":"io.appium.uiautomator2.server"},{"installState":"sameVersionInstalled","appPath":"/Users/user/.appium/node_modules/appium-uiautomator2-driver/node_modules/appium-uiautomator2-server/apks/appium-uiautomator2-server-debug-androidTest.apk","appId":"io.appium.uiautomator2.server.test"}]
&amp#27;[38;5;32m[AndroidUiautomator2Driver@8eb2]&amp#27;[0m Server packages are not going to be (re)installed
[debug] &amp#27;[38;5;32m[AndroidUiautomator2Driver@8eb2]&amp#27;[0m Waiting up to 30000ms for services to be available
[debug] &amp#27;[38;5;48m[ADB]&amp#27;[0m Running '/Users/user/Library/Android/sdk/platform-tools/adb -P 5037 -s emulator-5554 shell pm list instrumentation'
[debug] &amp#27;[38;5;32m[AndroidUiautomator2Driver@8eb2]&amp#27;[0m Instrumentation target 'io.appium.uiautomator2.server.test/androidx.test.runner.AndroidJUnitRunner' is available
&amp#27;[38;5;48m[ADB]&amp#27;[0m Adding packages ["io.appium.settings","io.appium.uiautomator2.server","io.appium.uiautomator2.server.test"] to Doze whitelist
[debug] &amp#27;[38;5;48m[ADB]&amp#27;[0m Got the following command chunks to execute: [["dumpsys","deviceidle","whitelist","+io.appium.settings",";","dumpsys","deviceidle","whitelist","+io.appium.uiautomator2.server",";","dumpsys","deviceidle","whitelist","+io.appium.uiautomator2.server.test",";"]]
[debug] &amp#27;[38;5;48m[ADB]&amp#27;[0m Running '/Users/user/Library/Android/sdk/platform-tools/adb -P 5037 -s emulator-5554 shell dumpsys deviceidle whitelist +io.appium.settings ; dumpsys deviceidle whitelist +io.appium.uiautomator2.server ; dumpsys deviceidle whitelist +io.appium.uiautomator2.server.test ;'
[debug] &amp#27;[38;5;48m[ADB]&amp#27;[0m apksigner stdout: Signer #1 certificate DN: EMAILADDRESS=android@android.com, CN=Android, OU=Android, O=Android, L=Mountain View, ST=California, C=US
Signer #1 certificate SHA-256 digest: a40da80a59d170caa950cf15c18c454d47a39b26989d8b640ecd745ba71bf5dc
Signer #1 certificate SHA-1 digest: 61ed377e85d386a8dfee6b864bd85b0bfaa5af81
Signer #1 certificate MD5 digest: e89b158e4bcf988ebd09eb83f5378e87

[debug] &amp#27;[38;5;48m[ADB]&amp#27;[0m sha256 hash did match for 'General-Store.apk'
&amp#27;[38;5;48m[ADB]&amp#27;[0m '/Users/user/eclipse-workspace/AppiumFrameworkDesign//src//test//java//org//dandytech//testApps//General-Store.apk' is signed with the default certificate
[debug] &amp#27;[38;5;48m[ADB]&amp#27;[0m Getting package info for 'com.androidsample.generalstore'
[debug] &amp#27;[38;5;48m[ADB]&amp#27;[0m Running '/Users/user/Library/Android/sdk/platform-tools/adb -P 5037 -s emulator-5554 shell dumpsys package com.androidsample.generalstore'
[debug] &amp#27;[38;5;48m[ADB]&amp#27;[0m The version name of the installed 'com.androidsample.generalstore' is greater or equal to the application version name ('1.0.0' >= '1.0.0')
[debug] &amp#27;[38;5;48m[ADB]&amp#27;[0m There is no need to install/upgrade '/Users/user/eclipse-workspace/AppiumFrameworkDesign//src//test//java//org//dandytech//testApps//General-Store.apk'
&amp#27;[38;5;32m[AndroidUiautomator2Driver@8eb2]&amp#27;[0m Performing fast reset on 'com.androidsample.generalstore'
[debug] &amp#27;[38;5;48m[ADB]&amp#27;[0m Getting install status for com.androidsample.generalstore
[debug] &amp#27;[38;5;48m[ADB]&amp#27;[0m Running '/Users/user/Library/Android/sdk/platform-tools/adb -P 5037 -s emulator-5554 shell cmd package list packages'
[debug] &amp#27;[38;5;48m[ADB]&amp#27;[0m 'com.androidsample.generalstore' is installed
[debug] &amp#27;[38;5;48m[ADB]&amp#27;[0m Running '/Users/user/Library/Android/sdk/platform-tools/adb -P 5037 -s emulator-5554 shell am force-stop com.androidsample.generalstore'
[debug] &amp#27;[38;5;48m[ADB]&amp#27;[0m Running '/Users/user/Library/Android/sdk/platform-tools/adb -P 5037 -s emulator-5554 shell pm clear com.androidsample.generalstore'
[debug] &amp#27;[38;5;32m[AndroidUiautomator2Driver@8eb2]&amp#27;[0m Performed fast reset on the installed 'com.androidsample.generalstore' application (stop and clear)
[debug] &amp#27;[38;5;32m[AndroidUiautomator2Driver@8eb2]&amp#27;[0m Performing shallow cleanup of automation leftovers
[debug] &amp#27;[38;5;32m[AndroidUiautomator2Driver@8eb2]&amp#27;[0m No obsolete sessions have been detected (socket hang up)
[debug] &amp#27;[38;5;48m[ADB]&amp#27;[0m Running '/Users/user/Library/Android/sdk/platform-tools/adb -P 5037 -s emulator-5554 shell am force-stop io.appium.uiautomator2.server.test'
&amp#27;[38;5;32m[AndroidUiautomator2Driver@8eb2]&amp#27;[0m Starting UIAutomator2 server 7.0.18
&amp#27;[38;5;32m[AndroidUiautomator2Driver@8eb2]&amp#27;[0m Using UIAutomator2 server from '/Users/user/.appium/node_modules/appium-uiautomator2-driver/node_modules/appium-uiautomator2-server/apks/appium-uiautomator2-server-v7.0.18.apk' and test from '/Users/user/.appium/node_modules/appium-uiautomator2-driver/node_modules/appium-uiautomator2-server/apks/appium-uiautomator2-server-debug-androidTest.apk'
&amp#27;[38;5;32m[AndroidUiautomator2Driver@8eb2]&amp#27;[0m Waiting up to 30000ms for UiAutomator2 to be online...
[debug] &amp#27;[38;5;48m[ADB]&amp#27;[0m Creating ADB subprocess with args: ["-P","5037","-s","emulator-5554","shell","am","instrument","-w","-e","disableAnalytics","true","io.appium.uiautomator2.server.test/androidx.test.runner.AndroidJUnitRunner"]
[debug] &amp#27;[38;5;32m[AndroidUiautomator2Driver@8eb2]&amp#27;[0m Matched '/status' to command name 'getStatus'
[debug] &amp#27;[38;5;32m[AndroidUiautomator2Driver@8eb2]&amp#27;[0m Proxying [GET /status] to [GET http://127.0.0.1:8200/status] with no body
&amp#27;[38;5;32m[AndroidUiautomator2Driver@8eb2]&amp#27;[0m socket hang up
[debug] &amp#27;[38;5;32m[AndroidUiautomator2Driver@8eb2]&amp#27;[0m Matched '/status' to command name 'getStatus'
[debug] &amp#27;[38;5;32m[AndroidUiautomator2Driver@8eb2]&amp#27;[0m Proxying [GET /status] to [GET http://127.0.0.1:8200/status] with no body
&amp#27;[38;5;32m[AndroidUiautomator2Driver@8eb2]&amp#27;[0m socket hang up
[debug] &amp#27;[38;5;32m[AndroidUiautomator2Driver@8eb2]&amp#27;[0m [Instrumentation] 
[debug] &amp#27;[38;5;32m[AndroidUiautomator2Driver@8eb2]&amp#27;[0m Matched '/status' to command name 'getStatus'
[debug] &amp#27;[38;5;32m[AndroidUiautomator2Driver@8eb2]&amp#27;[0m Proxying [GET /status] to [GET http://127.0.0.1:8200/status] with no body
&amp#27;[38;5;32m[AndroidUiautomator2Driver@8eb2]&amp#27;[0m socket hang up
[debug] &amp#27;[38;5;32m[AndroidUiautomator2Driver@8eb2]&amp#27;[0m Matched '/status' to command name 'getStatus'
[debug] &amp#27;[38;5;32m[AndroidUiautomator2Driver@8eb2]&amp#27;[0m Proxying [GET /status] to [GET http://127.0.0.1:8200/status] with no body
[debug] &amp#27;[38;5;32m[AndroidUiautomator2Driver@8eb2]&amp#27;[0m Got response with status 200: {"sessionId":"None","value":{"message":"UiAutomator2 Server is ready to accept commands","ready":true}}
[debug] &amp#27;[38;5;32m[AndroidUiautomator2Driver@8eb2]&amp#27;[0m The initialization of the instrumentation process took 3155ms
[debug] &amp#27;[38;5;32m[AndroidUiautomator2Driver@8eb2]&amp#27;[0m Matched '/session' to command name 'createSession'
[debug] &amp#27;[38;5;32m[AndroidUiautomator2Driver@8eb2]&amp#27;[0m Proxying [POST /session] to [POST http://127.0.0.1:8200/session] with body: {"capabilities":{"firstMatch":[{"platformName":"ANDROID","chromedriverExecutable":"/Users/user/eclipse-workspace/AppiumFrameworkDesign//src//test//java//org//dandytech//testApps//chromedriver","deviceName":"emulator-5554","automationName":"UIAutomator2","app":"/Users/user/eclipse-workspace/AppiumFrameworkDesign//src//test//java//org//dandytech//testApps//General-Store.apk","platform":"LINUX","webStorageEnabled":false,"takesScreenshot":true,"javascriptEnabled":true,"databaseEnabled":false,"networkConnectionEnabled":true,"locationContextEnabled":false,"warnings":{},"desired":{"platformName":"ANDROID","chromedriverExecutable":"/Users/user/eclipse-workspace/AppiumFrameworkDesign//src//test//java//org//dandytech//testApps//chromedriver","deviceName":"Nexus 6P API 33","automationName":"UIAutomator2","app":"/Users/user/eclipse-workspace/AppiumFrameworkDesign//src//test//java//org//dandytech//testApps//General-Store.apk"},"deviceUDID":"emulator-5554","appPackage":"com.androidsample.generalstore"}],"alwaysMatch":{}}}
[debug] &amp#27;[38;5;32m[AndroidUiautomator2Driver@8eb2]&amp#27;[0m Got response with status 200: {"sessionId":"67f892fc-d9eb-4ecd-b40e-e46b96cfe87b","value":{"capabilities":{"firstMatch":[{"platformName":"ANDROID","chromedriverExecutable":"/Users/user/eclipse-workspace/AppiumFrameworkDesign//src//test//java//org//dandytech//testApps//chromedriver","deviceName":"emulator-5554","automationName":"UIAutomator2","app":"/Users/user/eclipse-workspace/AppiumFrameworkDesign//src//test//java//org//dandytech//testApps//General-Store.apk","platform":"LINUX","webStorageEnabled":false,"takesScreenshot":true,"javascriptEnabled":true,"databaseEnabled":false,"networkConnectionEnabled":true,"locationContextEnabled":false,"warnings":{},"desired":{"platformName":"ANDROID","chromedriverExecutable":"/Users/user/eclipse-workspace/AppiumFrameworkDesign//src//test//java//org//dandytech//testApps//chromedriver","deviceName":"Nexus 6P API 33","automationName":"UIAutomator2","app":"/Users/user/eclipse-workspace/AppiumFrameworkDesign//src//test//java//org//dandytech//testApps//General-Store.apk"},"deviceUDID":"emulator-5554","app...
&amp#27;[38;5;32m[AndroidUiautomator2Driver@8eb2]&amp#27;[0m Determined the downstream protocol as 'W3C'
[debug] &amp#27;[38;5;32m[AndroidUiautomator2Driver@8eb2]&amp#27;[0m Proxying [GET /appium/device/pixel_ratio] to [GET http://127.0.0.1:8200/session/67f892fc-d9eb-4ecd-b40e-e46b96cfe87b/appium/device/pixel_ratio] with no body
[debug] &amp#27;[38;5;32m[AndroidUiautomator2Driver@8eb2]&amp#27;[0m Matched '/appium/device/system_bars' to command name 'getSystemBars'
[debug] &amp#27;[38;5;32m[AndroidUiautomator2Driver@8eb2]&amp#27;[0m Proxying [GET /appium/device/system_bars] to [GET http://127.0.0.1:8200/session/67f892fc-d9eb-4ecd-b40e-e46b96cfe87b/appium/device/system_bars] with no body
[debug] &amp#27;[38;5;32m[AndroidUiautomator2Driver@8eb2]&amp#27;[0m Matched '/window/current/size' to command name 'getWindowSize'
[debug] &amp#27;[38;5;32m[AndroidUiautomator2Driver@8eb2]&amp#27;[0m Proxying [GET /window/current/size] to [GET http://127.0.0.1:8200/session/67f892fc-d9eb-4ecd-b40e-e46b96cfe87b/window/current/size] with no body
[debug] &amp#27;[38;5;32m[AndroidUiautomator2Driver@8eb2]&amp#27;[0m Proxying [GET /appium/device/info] to [GET http://127.0.0.1:8200/session/67f892fc-d9eb-4ecd-b40e-e46b96cfe87b/appium/device/info] with no body
[debug] &amp#27;[38;5;48m[ADB]&amp#27;[0m Running '/Users/user/Library/Android/sdk/platform-tools/adb -P 5037 -s emulator-5554 shell dumpsys window'
[debug] &amp#27;[38;5;48m[ADB]&amp#27;[0m Running '/Users/user/Library/Android/sdk/platform-tools/adb -P 5037 -s emulator-5554 shell dumpsys power'
[debug] &amp#27;[38;5;32m[AndroidUiautomator2Driver@8eb2]&amp#27;[0m Got response with status 200: {"sessionId":"67f892fc-d9eb-4ecd-b40e-e46b96cfe87b","value":3.5}
[debug] &amp#27;[38;5;32m[AndroidUiautomator2Driver@8eb2]&amp#27;[0m Got response with status 200: {"sessionId":"67f892fc-d9eb-4ecd-b40e-e46b96cfe87b","value":{"statusBar":84}}
[debug] &amp#27;[38;5;32m[AndroidUiautomator2Driver@8eb2]&amp#27;[0m Got response with status 200: {"sessionId":"67f892fc-d9eb-4ecd-b40e-e46b96cfe87b","value":{"height":2560,"width":1440}}
[debug] &amp#27;[38;5;32m[AndroidUiautomator2Driver@8eb2]&amp#27;[0m Got response with status 200: {"sessionId":"67f892fc-d9eb-4ecd-b40e-e46b96cfe87b","value":{"androidId":"2971f550e3e739a1","apiVersion":"33","bluetooth":{"state":"ON"},"brand":"google","carrierName":"T-Mobile","displayDensity":560,"locale":"en_US","manufacturer":"Google","model":"sdk_gphone64_x86_64","networks":[{"capabilities":{"SSID":null,"linkDownBandwidthKbps":30000,"linkUpstreamBandwidthKbps":12000,"networkCapabilities":"NET_CAPABILITY_NOT_METERED,NET_CAPABILITY_INTERNET,NET_CAPABILITY_NOT_RESTRICTED,NET_CAPABILITY_TRUSTED,NET_CAPABILITY_NOT_VPN,NET_CAPABILITY_NOT_ROAMING,NET_CAPABILITY_FOREGROUND,NET_CAPABILITY_NOT_CONGESTED,NET_CAPABILITY_NOT_SUSPENDED","signalStrength":-50,"transportTypes":"TRANSPORT_WIFI"},"detailedState":"CONNECTED","extraInfo":"","isAvailable":true,"isConnected":true,"isFailover":false,"isRoaming":false,"state":"CONNECTED","subtype":-1,"subtypeName":"","type":1,"typeName":"WIFI"}],"platformVersion":"13","realDisplaySize":"1440x2560","timeZone":"Africa/Lagos"}}
&amp#27;[38;5;32m[AndroidUiautomator2Driver@8eb2]&amp#27;[0m Screen already unlocked, doing nothing
&amp#27;[38;5;32m[AndroidUiautomator2Driver@8eb2]&amp#27;[0m Starting 'com.androidsample.generalstore/com.androidsample.generalstore.SplashActivity and waiting for 'com.androidsample.generalstore/com.androidsample.generalstore.SplashActivity'
[debug] &amp#27;[38;5;48m[ADB]&amp#27;[0m Running '/Users/user/Library/Android/sdk/platform-tools/adb -P 5037 -s emulator-5554 shell am start -W -n com.androidsample.generalstore/com.androidsample.generalstore.SplashActivity -S -a android.intent.action.MAIN -c android.intent.category.LAUNCHER -f 0x10200000'
[debug] &amp#27;[38;5;48m[ADB]&amp#27;[0m Waiting up to 20000ms for activity matching pkg: 'com.androidsample.generalstore' and activity: 'com.androidsample.generalstore.SplashActivity' to be focused
[debug] &amp#27;[38;5;48m[ADB]&amp#27;[0m Possible activities, to be checked: 'com.androidsample.generalstore.SplashActivity', 'com.androidsample.generalstore.com.androidsample.generalstore.SplashActivity'
[debug] &amp#27;[38;5;48m[ADB]&amp#27;[0m Getting focused package and activity
[debug] &amp#27;[38;5;48m[ADB]&amp#27;[0m Running '/Users/user/Library/Android/sdk/platform-tools/adb -P 5037 -s emulator-5554 shell dumpsys window displays'
[debug] &amp#27;[38;5;48m[ADB]&amp#27;[0m Found package: 'com.androidsample.generalstore' and fully qualified activity name : 'com.androidsample.generalstore.SplashActivity'
&amp#27;[38;5;16m[AppiumDriver@6ef7]&amp#27;[0m New AndroidUiautomator2Driver session created successfully, session fdd6b90b-66eb-4e13-b236-0c4c89efa48d added to master session list
[debug] &amp#27;[38;5;16m[AppiumDriver@6ef7]&amp#27;[0m Event 'newSessionStarted' logged at 1721637358710 (09:35:58 GMT+0100 (West Africa Standard Time))
[debug] &amp#27;[38;5;32m[AndroidUiautomator2Driver@8eb2]&amp#27;[0m Cached the protocol value 'W3C' for the new session fdd6b90b-66eb-4e13-b236-0c4c89efa48d
[debug] &amp#27;[38;5;32m[AndroidUiautomator2Driver@8eb2]&amp#27;[0m Responding to client with driver.createSession() result: {"capabilities":{"platformName":"ANDROID","chromedriverExecutable":"/Users/user/eclipse-workspace/AppiumFrameworkDesign//src//test//java//org//dandytech//testApps//chromedriver","deviceName":"emulator-5554","automationName":"UIAutomator2","app":"/Users/user/eclipse-workspace/AppiumFrameworkDesign//src//test//java//org//dandytech//testApps//General-Store.apk","platform":"LINUX","webStorageEnabled":false,"takesScreenshot":true,"javascriptEnabled":true,"databaseEnabled":false,"networkConnectionEnabled":true,"locationContextEnabled":false,"warnings":{},"desired":{"platformName":"ANDROID","chromedriverExecutable":"/Users/user/eclipse-workspace/AppiumFrameworkDesign//src//test//java//org//dandytech//testApps//chromedriver","deviceName":"Nexus 6P API 33","automationName":"UIAutomator2","app":"/Users/user/eclipse-workspace/AppiumFrameworkDesign//src//test//java//org//dandytech//testApps//General-Store.apk"},"deviceUDID":"emulator-5554","appPackage":"com.androidsample.generalstore","pixelRatio":"3.5","statBarHeight...
&amp#27;[38;5;0m[HTTP]&amp#27;[0m <-- POST /session 200 6765 ms - 1316 
&amp#27;[38;5;0m[HTTP]&amp#27;[0m &amp#27;[37m-->&amp#27;[39m &amp#27;[37mPOST&amp#27;[39m &amp#27;[37m/session/fdd6b90b-66eb-4e13-b236-0c4c89efa48d/timeouts&amp#27;[39m {"implicit":10000}
[debug] &amp#27;[38;5;32m[AndroidUiautomator2Driver@8eb2]&amp#27;[0m Calling AppiumDriver.timeouts() with args: [null,null,null,null,10000,"fdd6b90b-66eb-4e13-b236-0c4c89efa48d"]
[debug] &amp#27;[38;5;32m[AndroidUiautomator2Driver@8eb2]&amp#27;[0m W3C timeout argument: {"implicit":10000}}
[debug] &amp#27;[38;5;32m[AndroidUiautomator2Driver@8eb2]&amp#27;[0m Set implicit wait to 10000ms
[debug] &amp#27;[38;5;32m[AndroidUiautomator2Driver@8eb2]&amp#27;[0m Responding to client with driver.timeouts() result: null
&amp#27;[38;5;0m[HTTP]&amp#27;[0m <-- POST /session/fdd6b90b-66eb-4e13-b236-0c4c89efa48d/timeouts 200 9 ms - 14 
&amp#27;[38;5;0m[HTTP]&amp#27;[0m &amp#27;[37m-->&amp#27;[39m &amp#27;[37mPOST&amp#27;[39m &amp#27;[37m/session/fdd6b90b-66eb-4e13-b236-0c4c89efa48d/execute/sync&amp#27;[39m {"args":[],"script":"mobile: hideKeyboard"}
[debug] &amp#27;[38;5;32m[AndroidUiautomator2Driver@8eb2]&amp#27;[0m Calling AppiumDriver.execute() with args: ["mobile: hideKeyboard",[],"fdd6b90b-66eb-4e13-b236-0c4c89efa48d"]
&amp#27;[38;5;32m[AndroidUiautomator2Driver@8eb2]&amp#27;[0m Executing native command 'mobile: hideKeyboard'
[debug] &amp#27;[38;5;48m[ADB]&amp#27;[0m Running '/Users/user/Library/Android/sdk/platform-tools/adb -P 5037 -s emulator-5554 shell dumpsys input_method'
&amp#27;[38;5;48m[ADB]&amp#27;[0m Keyboard has no UI; no closing necessary
[debug] &amp#27;[38;5;32m[AndroidUiautomator2Driver@8eb2]&amp#27;[0m Responding to client with driver.execute() result: false
&amp#27;[38;5;0m[HTTP]&amp#27;[0m <-- POST /session/fdd6b90b-66eb-4e13-b236-0c4c89efa48d/execute/sync 200 466 ms - 15 
&amp#27;[38;5;0m[HTTP]&amp#27;[0m &amp#27;[37m-->&amp#27;[39m &amp#27;[37mPOST&amp#27;[39m &amp#27;[37m/session/fdd6b90b-66eb-4e13-b236-0c4c89efa48d/element&amp#27;[39m {"using":"xpath","value":"//android.widget.RadioButton[@text='Female']"}
[debug] &amp#27;[38;5;32m[AndroidUiautomator2Driver@8eb2]&amp#27;[0m Calling AppiumDriver.findElement() with args: ["xpath","//android.widget.RadioButton[@text='Female']","fdd6b90b-66eb-4e13-b236-0c4c89efa48d"]
[debug] &amp#27;[38;5;32m[AndroidUiautomator2Driver@8eb2]&amp#27;[0m Valid locator strategies for this request: xpath, id, class name, accessibility id, css selector, -android uiautomator
[debug] &amp#27;[38;5;32m[AndroidUiautomator2Driver@8eb2]&amp#27;[0m Waiting up to 10000 ms for condition
[debug] &amp#27;[38;5;32m[AndroidUiautomator2Driver@8eb2]&amp#27;[0m Matched '/element' to command name 'findElement'
[debug] &amp#27;[38;5;32m[AndroidUiautomator2Driver@8eb2]&amp#27;[0m Proxying [POST /element] to [POST http://127.0.0.1:8200/session/67f892fc-d9eb-4ecd-b40e-e46b96cfe87b/element] with body: {"strategy":"xpath","selector":"//android.widget.RadioButton[@text='Female']","context":"","multiple":false}
&amp#27;[38;5;32m[AndroidUiautomator2Driver@8eb2]&amp#27;[0m Got response with status 404: {"sessionId":"67f892fc-d9eb-4ecd-b40e-e46b96cfe87b","value":{"error":"no such element","message":"An element could not be located on the page using the given search parameters","stacktrace":"io.appium.uiautomator2.common.exceptions.ElementNotFoundException: An element could not be located on the page using the given search parameters\n\tat io.appium.uiautomator2.utils.ElementLocationHelpers.findElement(ElementLocationHelpers.java:156)\n\tat io.appium.uiautomator2.handler.FindElement.safeHandle(FindElement.java:60)\n\tat io.appium.uiautomator2.handler.request.SafeRequestHandler.handle(SafeRequestHandler.java:59)\n\tat io.appium.uiautomator2.server.AppiumServlet.handleRequest(AppiumServlet.java:259)\n\tat io.appium.uiautomator2.server.AppiumServlet.handleHttpRequest(AppiumServlet.java:253)\n\tat io.appium.uiautomator2.http.ServerHandler.channelRead(ServerHandler.java:77)\n\tat io.netty.channel.AbstractChannelHandlerContext.invokeChannelRead(AbstractChannelHandlerContext.java:366)\n\tat io.netty.channel.Abstr...
[debug] &amp#27;[38;5;96m[W3C]&amp#27;[0m Matched W3C error code 'no such element' to NoSuchElementError
[debug] &amp#27;[38;5;32m[AndroidUiautomator2Driver@8eb2]&amp#27;[0m Waited for 515 ms so far
[debug] &amp#27;[38;5;32m[AndroidUiautomator2Driver@8eb2]&amp#27;[0m Matched '/element' to command name 'findElement'
[debug] &amp#27;[38;5;32m[AndroidUiautomator2Driver@8eb2]&amp#27;[0m Proxying [POST /element] to [POST http://127.0.0.1:8200/session/67f892fc-d9eb-4ecd-b40e-e46b96cfe87b/element] with body: {"strategy":"xpath","selector":"//android.widget.RadioButton[@text='Female']","context":"","multiple":false}
&amp#27;[38;5;32m[AndroidUiautomator2Driver@8eb2]&amp#27;[0m Got response with status 404: {"sessionId":"67f892fc-d9eb-4ecd-b40e-e46b96cfe87b","value":{"error":"no such element","message":"An element could not be located on the page using the given search parameters","stacktrace":"io.appium.uiautomator2.common.exceptions.ElementNotFoundException: An element could not be located on the page using the given search parameters\n\tat io.appium.uiautomator2.utils.ElementLocationHelpers.findElement(ElementLocationHelpers.java:156)\n\tat io.appium.uiautomator2.handler.FindElement.safeHandle(FindElement.java:60)\n\tat io.appium.uiautomator2.handler.request.SafeRequestHandler.handle(SafeRequestHandler.java:59)\n\tat io.appium.uiautomator2.server.AppiumServlet.handleRequest(AppiumServlet.java:259)\n\tat io.appium.uiautomator2.server.AppiumServlet.handleHttpRequest(AppiumServlet.java:253)\n\tat io.appium.uiautomator2.http.ServerHandler.channelRead(ServerHandler.java:77)\n\tat io.netty.channel.AbstractChannelHandlerContext.invokeChannelRead(AbstractChannelHandlerContext.java:366)\n\tat io.netty.channel.Abstr...
[debug] &amp#27;[38;5;96m[W3C]&amp#27;[0m Matched W3C error code 'no such element' to NoSuchElementError
[debug] &amp#27;[38;5;32m[AndroidUiautomator2Driver@8eb2]&amp#27;[0m Waited for 1059 ms so far
[debug] &amp#27;[38;5;32m[AndroidUiautomator2Driver@8eb2]&amp#27;[0m Matched '/element' to command name 'findElement'
[debug] &amp#27;[38;5;32m[AndroidUiautomator2Driver@8eb2]&amp#27;[0m Proxying [POST /element] to [POST http://127.0.0.1:8200/session/67f892fc-d9eb-4ecd-b40e-e46b96cfe87b/element] with body: {"strategy":"xpath","selector":"//android.widget.RadioButton[@text='Female']","context":"","multiple":false}
&amp#27;[38;5;32m[AndroidUiautomator2Driver@8eb2]&amp#27;[0m Got response with status 404: {"sessionId":"67f892fc-d9eb-4ecd-b40e-e46b96cfe87b","value":{"error":"no such element","message":"An element could not be located on the page using the given search parameters","stacktrace":"io.appium.uiautomator2.common.exceptions.ElementNotFoundException: An element could not be located on the page using the given search parameters\n\tat io.appium.uiautomator2.utils.ElementLocationHelpers.findElement(ElementLocationHelpers.java:156)\n\tat io.appium.uiautomator2.handler.FindElement.safeHandle(FindElement.java:60)\n\tat io.appium.uiautomator2.handler.request.SafeRequestHandler.handle(SafeRequestHandler.java:59)\n\tat io.appium.uiautomator2.server.AppiumServlet.handleRequest(AppiumServlet.java:259)\n\tat io.appium.uiautomator2.server.AppiumServlet.handleHttpRequest(AppiumServlet.java:253)\n\tat io.appium.uiautomator2.http.ServerHandler.channelRead(ServerHandler.java:77)\n\tat io.netty.channel.AbstractChannelHandlerContext.invokeChannelRead(AbstractChannelHandlerContext.java:366)\n\tat io.netty.channel.Abstr...
[debug] &amp#27;[38;5;96m[W3C]&amp#27;[0m Matched W3C error code 'no such element' to NoSuchElementError
[debug] &amp#27;[38;5;32m[AndroidUiautomator2Driver@8eb2]&amp#27;[0m Waited for 1612 ms so far
[debug] &amp#27;[38;5;32m[AndroidUiautomator2Driver@8eb2]&amp#27;[0m Matched '/element' to command name 'findElement'
[debug] &amp#27;[38;5;32m[AndroidUiautomator2Driver@8eb2]&amp#27;[0m Proxying [POST /element] to [POST http://127.0.0.1:8200/session/67f892fc-d9eb-4ecd-b40e-e46b96cfe87b/element] with body: {"strategy":"xpath","selector":"//android.widget.RadioButton[@text='Female']","context":"","multiple":false}
&amp#27;[38;5;32m[AndroidUiautomator2Driver@8eb2]&amp#27;[0m Got response with status 404: {"sessionId":"67f892fc-d9eb-4ecd-b40e-e46b96cfe87b","value":{"error":"no such element","message":"An element could not be located on the page using the given search parameters","stacktrace":"io.appium.uiautomator2.common.exceptions.ElementNotFoundException: An element could not be located on the page using the given search parameters\n\tat io.appium.uiautomator2.utils.ElementLocationHelpers.findElement(ElementLocationHelpers.java:156)\n\tat io.appium.uiautomator2.handler.FindElement.safeHandle(FindElement.java:60)\n\tat io.appium.uiautomator2.handler.request.SafeRequestHandler.handle(SafeRequestHandler.java:59)\n\tat io.appium.uiautomator2.server.AppiumServlet.handleRequest(AppiumServlet.java:259)\n\tat io.appium.uiautomator2.server.AppiumServlet.handleHttpRequest(AppiumServlet.java:253)\n\tat io.appium.uiautomator2.http.ServerHandler.channelRead(ServerHandler.java:77)\n\tat io.netty.channel.AbstractChannelHandlerContext.invokeChannelRead(AbstractChannelHandlerContext.java:366)\n\tat io.netty.channel.Abstr...
[debug] &amp#27;[38;5;96m[W3C]&amp#27;[0m Matched W3C error code 'no such element' to NoSuchElementError
[debug] &amp#27;[38;5;32m[AndroidUiautomator2Driver@8eb2]&amp#27;[0m Waited for 2339 ms so far
[debug] &amp#27;[38;5;32m[AndroidUiautomator2Driver@8eb2]&amp#27;[0m Matched '/element' to command name 'findElement'
[debug] &amp#27;[38;5;32m[AndroidUiautomator2Driver@8eb2]&amp#27;[0m Proxying [POST /element] to [POST http://127.0.0.1:8200/session/67f892fc-d9eb-4ecd-b40e-e46b96cfe87b/element] with body: {"strategy":"xpath","selector":"//android.widget.RadioButton[@text='Female']","context":"","multiple":false}
[debug] &amp#27;[38;5;32m[AndroidUiautomator2Driver@8eb2]&amp#27;[0m Got response with status 200: {"sessionId":"67f892fc-d9eb-4ecd-b40e-e46b96cfe87b","value":{"ELEMENT":"00000000-0000-0309-ffff-ffff00000020","element-6066-11e4-a52e-4f735466cecf":"00000000-0000-0309-ffff-ffff00000020"}}
[debug] &amp#27;[38;5;32m[AndroidUiautomator2Driver@8eb2]&amp#27;[0m Responding to client with driver.findElement() result: {"element-6066-11e4-a52e-4f735466cecf":"00000000-0000-0309-ffff-ffff00000020","ELEMENT":"00000000-0000-0309-ffff-ffff00000020"}
&amp#27;[38;5;0m[HTTP]&amp#27;[0m <-- POST /session/fdd6b90b-66eb-4e13-b236-0c4c89efa48d/element 200 3289 ms - 137 
&amp#27;[38;5;0m[HTTP]&amp#27;[0m &amp#27;[37m-->&amp#27;[39m &amp#27;[37mPOST&amp#27;[39m &amp#27;[37m/session/fdd6b90b-66eb-4e13-b236-0c4c89efa48d/element/00000000-0000-0309-ffff-ffff00000020/click&amp#27;[39m {"id":"00000000-0000-0309-ffff-ffff00000020"}
[debug] &amp#27;[38;5;32m[AndroidUiautomator2Driver@8eb2]&amp#27;[0m Calling AppiumDriver.click() with args: ["00000000-0000-0309-ffff-ffff00000020","fdd6b90b-66eb-4e13-b236-0c4c89efa48d"]
[debug] &amp#27;[38;5;32m[AndroidUiautomator2Driver@8eb2]&amp#27;[0m Matched '/element/00000000-0000-0309-ffff-ffff00000020/click' to command name 'click'
[debug] &amp#27;[38;5;32m[AndroidUiautomator2Driver@8eb2]&amp#27;[0m Proxying [POST /element/00000000-0000-0309-ffff-ffff00000020/click] to [POST http://127.0.0.1:8200/session/67f892fc-d9eb-4ecd-b40e-e46b96cfe87b/element/00000000-0000-0309-ffff-ffff00000020/click] with body: {"element":"00000000-0000-0309-ffff-ffff00000020"}
[debug] &amp#27;[38;5;32m[AndroidUiautomator2Driver@8eb2]&amp#27;[0m Got response with status 200: {"sessionId":"67f892fc-d9eb-4ecd-b40e-e46b96cfe87b","value":null}
[debug] &amp#27;[38;5;32m[AndroidUiautomator2Driver@8eb2]&amp#27;[0m Responding to client with driver.click() result: null
&amp#27;[38;5;0m[HTTP]&amp#27;[0m <-- POST /session/fdd6b90b-66eb-4e13-b236-0c4c89efa48d/element/00000000-0000-0309-ffff-ffff00000020/click 200 565 ms - 14 
&amp#27;[38;5;0m[HTTP]&amp#27;[0m &amp#27;[37m-->&amp#27;[39m &amp#27;[37mPOST&amp#27;[39m &amp#27;[37m/session/fdd6b90b-66eb-4e13-b236-0c4c89efa48d/element&amp#27;[39m {"using":"id","value":"com.androidsample.generalstore:id/spinnerCountry"}
[debug] &amp#27;[38;5;32m[AndroidUiautomator2Driver@8eb2]&amp#27;[0m Calling AppiumDriver.findElement() with args: ["id","com.androidsample.generalstore:id/spinnerCountry","fdd6b90b-66eb-4e13-b236-0c4c89efa48d"]
[debug] &amp#27;[38;5;32m[AndroidUiautomator2Driver@8eb2]&amp#27;[0m Valid locator strategies for this request: xpath, id, class name, accessibility id, css selector, -android uiautomator
[debug] &amp#27;[38;5;32m[AndroidUiautomator2Driver@8eb2]&amp#27;[0m Waiting up to 10000 ms for condition
[debug] &amp#27;[38;5;32m[AndroidUiautomator2Driver@8eb2]&amp#27;[0m Matched '/element' to command name 'findElement'
[debug] &amp#27;[38;5;32m[AndroidUiautomator2Driver@8eb2]&amp#27;[0m Proxying [POST /element] to [POST http://127.0.0.1:8200/session/67f892fc-d9eb-4ecd-b40e-e46b96cfe87b/element] with body: {"strategy":"id","selector":"com.androidsample.generalstore:id/spinnerCountry","context":"","multiple":false}
[debug] &amp#27;[38;5;32m[AndroidUiautomator2Driver@8eb2]&amp#27;[0m Got response with status 200: {"sessionId":"67f892fc-d9eb-4ecd-b40e-e46b96cfe87b","value":{"ELEMENT":"00000000-0000-0309-ffff-ffff0000001a","element-6066-11e4-a52e-4f735466cecf":"00000000-0000-0309-ffff-ffff0000001a"}}
[debug] &amp#27;[38;5;32m[AndroidUiautomator2Driver@8eb2]&amp#27;[0m Responding to client with driver.findElement() result: {"element-6066-11e4-a52e-4f735466cecf":"00000000-0000-0309-ffff-ffff0000001a","ELEMENT":"00000000-0000-0309-ffff-ffff0000001a"}
&amp#27;[38;5;0m[HTTP]&amp#27;[0m <-- POST /session/fdd6b90b-66eb-4e13-b236-0c4c89efa48d/element 200 881 ms - 137 
&amp#27;[38;5;0m[HTTP]&amp#27;[0m &amp#27;[37m-->&amp#27;[39m &amp#27;[37mPOST&amp#27;[39m &amp#27;[37m/session/fdd6b90b-66eb-4e13-b236-0c4c89efa48d/element/00000000-0000-0309-ffff-ffff0000001a/click&amp#27;[39m {"id":"00000000-0000-0309-ffff-ffff0000001a"}
[debug] &amp#27;[38;5;32m[AndroidUiautomator2Driver@8eb2]&amp#27;[0m Calling AppiumDriver.click() with args: ["00000000-0000-0309-ffff-ffff0000001a","fdd6b90b-66eb-4e13-b236-0c4c89efa48d"]
[debug] &amp#27;[38;5;32m[AndroidUiautomator2Driver@8eb2]&amp#27;[0m Matched '/element/00000000-0000-0309-ffff-ffff0000001a/click' to command name 'click'
[debug] &amp#27;[38;5;32m[AndroidUiautomator2Driver@8eb2]&amp#27;[0m Proxying [POST /element/00000000-0000-0309-ffff-ffff0000001a/click] to [POST http://127.0.0.1:8200/session/67f892fc-d9eb-4ecd-b40e-e46b96cfe87b/element/00000000-0000-0309-ffff-ffff0000001a/click] with body: {"element":"00000000-0000-0309-ffff-ffff0000001a"}
[debug] &amp#27;[38;5;32m[AndroidUiautomator2Driver@8eb2]&amp#27;[0m Got response with status 200: {"sessionId":"67f892fc-d9eb-4ecd-b40e-e46b96cfe87b","value":null}
[debug] &amp#27;[38;5;32m[AndroidUiautomator2Driver@8eb2]&amp#27;[0m Responding to client with driver.click() result: null
&amp#27;[38;5;0m[HTTP]&amp#27;[0m <-- POST /session/fdd6b90b-66eb-4e13-b236-0c4c89efa48d/element/00000000-0000-0309-ffff-ffff0000001a/click 200 80 ms - 14 
&amp#27;[38;5;0m[HTTP]&amp#27;[0m &amp#27;[37m-->&amp#27;[39m &amp#27;[37mPOST&amp#27;[39m &amp#27;[37m/session/fdd6b90b-66eb-4e13-b236-0c4c89efa48d/element&amp#27;[39m {"using":"-android uiautomator","value":"new UiScrollable(new UiSelector()).scrollIntoView(text(\"Aruba\"))"}
[debug] &amp#27;[38;5;32m[AndroidUiautomator2Driver@8eb2]&amp#27;[0m Calling AppiumDriver.findElement() with args: ["-android uiautomator","new UiScrollable(new UiSelector()).scrollIntoView(text(\"Aruba\"))","fdd6b90b-66eb-4e13-b236-0c4c89efa48d"]
[debug] &amp#27;[38;5;32m[AndroidUiautomator2Driver@8eb2]&amp#27;[0m Valid locator strategies for this request: xpath, id, class name, accessibility id, css selector, -android uiautomator
[debug] &amp#27;[38;5;32m[AndroidUiautomator2Driver@8eb2]&amp#27;[0m Waiting up to 10000 ms for condition
[debug] &amp#27;[38;5;32m[AndroidUiautomator2Driver@8eb2]&amp#27;[0m Matched '/element' to command name 'findElement'
[debug] &amp#27;[38;5;32m[AndroidUiautomator2Driver@8eb2]&amp#27;[0m Proxying [POST /element] to [POST http://127.0.0.1:8200/session/67f892fc-d9eb-4ecd-b40e-e46b96cfe87b/element] with body: {"strategy":"-android uiautomator","selector":"new UiScrollable(new UiSelector()).scrollIntoView(text(\"Aruba\"))","context":"","multiple":false}
[debug] &amp#27;[38;5;32m[AndroidUiautomator2Driver@8eb2]&amp#27;[0m Got response with status 200: {"sessionId":"67f892fc-d9eb-4ecd-b40e-e46b96cfe87b","value":{"ELEMENT":"00000000-0000-030a-ffff-ffff0000002b","element-6066-11e4-a52e-4f735466cecf":"00000000-0000-030a-ffff-ffff0000002b"}}
[debug] &amp#27;[38;5;32m[AndroidUiautomator2Driver@8eb2]&amp#27;[0m Responding to client with driver.findElement() result: {"element-6066-11e4-a52e-4f735466cecf":"00000000-0000-030a-ffff-ffff0000002b","ELEMENT":"00000000-0000-030a-ffff-ffff0000002b"}
&amp#27;[38;5;0m[HTTP]&amp#27;[0m <-- POST /session/fdd6b90b-66eb-4e13-b236-0c4c89efa48d/element 200 5295 ms - 137 
&amp#27;[38;5;0m[HTTP]&amp#27;[0m &amp#27;[37m-->&amp#27;[39m &amp#27;[37mPOST&amp#27;[39m &amp#27;[37m/session/fdd6b90b-66eb-4e13-b236-0c4c89efa48d/element&amp#27;[39m {"using":"xpath","value":"//android.widget.TextView[@text='Aruba']"}
[debug] &amp#27;[38;5;32m[AndroidUiautomator2Driver@8eb2]&amp#27;[0m Calling AppiumDriver.findElement() with args: ["xpath","//android.widget.TextView[@text='Aruba']","fdd6b90b-66eb-4e13-b236-0c4c89efa48d"]
[debug] &amp#27;[38;5;32m[AndroidUiautomator2Driver@8eb2]&amp#27;[0m Valid locator strategies for this request: xpath, id, class name, accessibility id, css selector, -android uiautomator
[debug] &amp#27;[38;5;32m[AndroidUiautomator2Driver@8eb2]&amp#27;[0m Waiting up to 10000 ms for condition
[debug] &amp#27;[38;5;32m[AndroidUiautomator2Driver@8eb2]&amp#27;[0m Matched '/element' to command name 'findElement'
[debug] &amp#27;[38;5;32m[AndroidUiautomator2Driver@8eb2]&amp#27;[0m Proxying [POST /element] to [POST http://127.0.0.1:8200/session/67f892fc-d9eb-4ecd-b40e-e46b96cfe87b/element] with body: {"strategy":"xpath","selector":"//android.widget.TextView[@text='Aruba']","context":"","multiple":false}
[debug] &amp#27;[38;5;32m[AndroidUiautomator2Driver@8eb2]&amp#27;[0m Got response with status 200: {"sessionId":"67f892fc-d9eb-4ecd-b40e-e46b96cfe87b","value":{"ELEMENT":"00000000-0000-030a-ffff-ffff0000002b","element-6066-11e4-a52e-4f735466cecf":"00000000-0000-030a-ffff-ffff0000002b"}}
[debug] &amp#27;[38;5;32m[AndroidUiautomator2Driver@8eb2]&amp#27;[0m Responding to client with driver.findElement() result: {"element-6066-11e4-a52e-4f735466cecf":"00000000-0000-030a-ffff-ffff0000002b","ELEMENT":"00000000-0000-030a-ffff-ffff0000002b"}
&amp#27;[38;5;0m[HTTP]&amp#27;[0m <-- POST /session/fdd6b90b-66eb-4e13-b236-0c4c89efa48d/element 200 123 ms - 137 
&amp#27;[38;5;0m[HTTP]&amp#27;[0m &amp#27;[37m-->&amp#27;[39m &amp#27;[37mGET&amp#27;[39m &amp#27;[37m/session/fdd6b90b-66eb-4e13-b236-0c4c89efa48d/element/00000000-0000-030a-ffff-ffff0000002b/text&amp#27;[39m {}
&amp#27;[38;5;32m[AndroidUiautomator2Driver@8eb2]&amp#27;[0m Driver proxy active, passing request on via HTTP proxy
[debug] &amp#27;[38;5;32m[AndroidUiautomator2Driver@8eb2]&amp#27;[0m Matched '/session/fdd6b90b-66eb-4e13-b236-0c4c89efa48d/element/00000000-0000-030a-ffff-ffff0000002b/text' to command name 'getText'
[debug] &amp#27;[38;5;32m[AndroidUiautomator2Driver@8eb2]&amp#27;[0m Proxying [GET /session/fdd6b90b-66eb-4e13-b236-0c4c89efa48d/element/00000000-0000-030a-ffff-ffff0000002b/text] to [GET http://127.0.0.1:8200/session/67f892fc-d9eb-4ecd-b40e-e46b96cfe87b/element/00000000-0000-030a-ffff-ffff0000002b/text] with no body
[debug] &amp#27;[38;5;32m[AndroidUiautomator2Driver@8eb2]&amp#27;[0m Got response with status 200: {"sessionId":"67f892fc-d9eb-4ecd-b40e-e46b96cfe87b","value":"Aruba"}
&amp#27;[38;5;32m[AndroidUiautomator2Driver@8eb2]&amp#27;[0m Replacing sessionId 67f892fc-d9eb-4ecd-b40e-e46b96cfe87b with fdd6b90b-66eb-4e13-b236-0c4c89efa48d
&amp#27;[38;5;0m[HTTP]&amp#27;[0m <-- GET /session/fdd6b90b-66eb-4e13-b236-0c4c89efa48d/element/00000000-0000-030a-ffff-ffff0000002b/text 200 19 ms - 68 
Aruba
&amp#27;[38;5;0m[HTTP]&amp#27;[0m &amp#27;[37m-->&amp#27;[39m &amp#27;[37mPOST&amp#27;[39m &amp#27;[37m/session/fdd6b90b-66eb-4e13-b236-0c4c89efa48d/element/00000000-0000-030a-ffff-ffff0000002b/click&amp#27;[39m {"id":"00000000-0000-030a-ffff-ffff0000002b"}
[debug] &amp#27;[38;5;32m[AndroidUiautomator2Driver@8eb2]&amp#27;[0m Calling AppiumDriver.click() with args: ["00000000-0000-030a-ffff-ffff0000002b","fdd6b90b-66eb-4e13-b236-0c4c89efa48d"]
[debug] &amp#27;[38;5;32m[AndroidUiautomator2Driver@8eb2]&amp#27;[0m Matched '/element/00000000-0000-030a-ffff-ffff0000002b/click' to command name 'click'
[debug] &amp#27;[38;5;32m[AndroidUiautomator2Driver@8eb2]&amp#27;[0m Proxying [POST /element/00000000-0000-030a-ffff-ffff0000002b/click] to [POST http://127.0.0.1:8200/session/67f892fc-d9eb-4ecd-b40e-e46b96cfe87b/element/00000000-0000-030a-ffff-ffff0000002b/click] with body: {"element":"00000000-0000-030a-ffff-ffff0000002b"}
[debug] &amp#27;[38;5;32m[AndroidUiautomator2Driver@8eb2]&amp#27;[0m Got response with status 200: {"sessionId":"67f892fc-d9eb-4ecd-b40e-e46b96cfe87b","value":null}
[debug] &amp#27;[38;5;32m[AndroidUiautomator2Driver@8eb2]&amp#27;[0m Responding to client with driver.click() result: null
&amp#27;[38;5;0m[HTTP]&amp#27;[0m <-- POST /session/fdd6b90b-66eb-4e13-b236-0c4c89efa48d/element/00000000-0000-030a-ffff-ffff0000002b/click 200 787 ms - 14 
&amp#27;[38;5;0m[HTTP]&amp#27;[0m &amp#27;[37m-->&amp#27;[39m &amp#27;[37mPOST&amp#27;[39m &amp#27;[37m/session/fdd6b90b-66eb-4e13-b236-0c4c89efa48d/element&amp#27;[39m {"using":"id","value":"com.androidsample.generalstore:id/btnLetsShop"}
[debug] &amp#27;[38;5;32m[AndroidUiautomator2Driver@8eb2]&amp#27;[0m Calling AppiumDriver.findElement() with args: ["id","com.androidsample.generalstore:id/btnLetsShop","fdd6b90b-66eb-4e13-b236-0c4c89efa48d"]
[debug] &amp#27;[38;5;32m[AndroidUiautomator2Driver@8eb2]&amp#27;[0m Valid locator strategies for this request: xpath, id, class name, accessibility id, css selector, -android uiautomator
[debug] &amp#27;[38;5;32m[AndroidUiautomator2Driver@8eb2]&amp#27;[0m Waiting up to 10000 ms for condition
[debug] &amp#27;[38;5;32m[AndroidUiautomator2Driver@8eb2]&amp#27;[0m Matched '/element' to command name 'findElement'
[debug] &amp#27;[38;5;32m[AndroidUiautomator2Driver@8eb2]&amp#27;[0m Proxying [POST /element] to [POST http://127.0.0.1:8200/session/67f892fc-d9eb-4ecd-b40e-e46b96cfe87b/element] with body: {"strategy":"id","selector":"com.androidsample.generalstore:id/btnLetsShop","context":"","multiple":false}
[debug] &amp#27;[38;5;32m[AndroidUiautomator2Driver@8eb2]&amp#27;[0m Got response with status 200: {"sessionId":"67f892fc-d9eb-4ecd-b40e-e46b96cfe87b","value":{"ELEMENT":"00000000-0000-0309-ffff-ffff00000021","element-6066-11e4-a52e-4f735466cecf":"00000000-0000-0309-ffff-ffff00000021"}}
[debug] &amp#27;[38;5;32m[AndroidUiautomator2Driver@8eb2]&amp#27;[0m Responding to client with driver.findElement() result: {"element-6066-11e4-a52e-4f735466cecf":"00000000-0000-0309-ffff-ffff00000021","ELEMENT":"00000000-0000-0309-ffff-ffff00000021"}
&amp#27;[38;5;0m[HTTP]&amp#27;[0m <-- POST /session/fdd6b90b-66eb-4e13-b236-0c4c89efa48d/element 200 37 ms - 137 
&amp#27;[38;5;0m[HTTP]&amp#27;[0m &amp#27;[37m-->&amp#27;[39m &amp#27;[37mPOST&amp#27;[39m &amp#27;[37m/session/fdd6b90b-66eb-4e13-b236-0c4c89efa48d/element/00000000-0000-0309-ffff-ffff00000021/click&amp#27;[39m {"id":"00000000-0000-0309-ffff-ffff00000021"}
[debug] &amp#27;[38;5;32m[AndroidUiautomator2Driver@8eb2]&amp#27;[0m Calling AppiumDriver.click() with args: ["00000000-0000-0309-ffff-ffff00000021","fdd6b90b-66eb-4e13-b236-0c4c89efa48d"]
[debug] &amp#27;[38;5;32m[AndroidUiautomator2Driver@8eb2]&amp#27;[0m Matched '/element/00000000-0000-0309-ffff-ffff00000021/click' to command name 'click'
[debug] &amp#27;[38;5;32m[AndroidUiautomator2Driver@8eb2]&amp#27;[0m Proxying [POST /element/00000000-0000-0309-ffff-ffff00000021/click] to [POST http://127.0.0.1:8200/session/67f892fc-d9eb-4ecd-b40e-e46b96cfe87b/element/00000000-0000-0309-ffff-ffff00000021/click] with body: {"element":"00000000-0000-0309-ffff-ffff00000021"}
[debug] &amp#27;[38;5;32m[AndroidUiautomator2Driver@8eb2]&amp#27;[0m Got response with status 200: {"sessionId":"67f892fc-d9eb-4ecd-b40e-e46b96cfe87b","value":null}
[debug] &amp#27;[38;5;32m[AndroidUiautomator2Driver@8eb2]&amp#27;[0m Responding to client with driver.click() result: null
&amp#27;[38;5;0m[HTTP]&amp#27;[0m <-- POST /session/fdd6b90b-66eb-4e13-b236-0c4c89efa48d/element/00000000-0000-0309-ffff-ffff00000021/click 200 74 ms - 14 
&amp#27;[38;5;0m[HTTP]&amp#27;[0m &amp#27;[37m-->&amp#27;[39m &amp#27;[37mPOST&amp#27;[39m &amp#27;[37m/session/fdd6b90b-66eb-4e13-b236-0c4c89efa48d/element&amp#27;[39m {"using":"xpath","value":"//android.widget.Toast[1]"}
[debug] &amp#27;[38;5;32m[AndroidUiautomator2Driver@8eb2]&amp#27;[0m Calling AppiumDriver.findElement() with args: ["xpath","//android.widget.Toast[1]","fdd6b90b-66eb-4e13-b236-0c4c89efa48d"]
[debug] &amp#27;[38;5;32m[AndroidUiautomator2Driver@8eb2]&amp#27;[0m Valid locator strategies for this request: xpath, id, class name, accessibility id, css selector, -android uiautomator
[debug] &amp#27;[38;5;32m[AndroidUiautomator2Driver@8eb2]&amp#27;[0m Waiting up to 10000 ms for condition
[debug] &amp#27;[38;5;32m[AndroidUiautomator2Driver@8eb2]&amp#27;[0m Matched '/element' to command name 'findElement'
[debug] &amp#27;[38;5;32m[AndroidUiautomator2Driver@8eb2]&amp#27;[0m Proxying [POST /element] to [POST http://127.0.0.1:8200/session/67f892fc-d9eb-4ecd-b40e-e46b96cfe87b/element] with body: {"strategy":"xpath","selector":"//android.widget.Toast[1]","context":"","multiple":false}
[debug] &amp#27;[38;5;32m[AndroidUiautomator2Driver@8eb2]&amp#27;[0m Got response with status 200: {"sessionId":"67f892fc-d9eb-4ecd-b40e-e46b96cfe87b","value":{"ELEMENT":"63d7c7c5-1dfd-4b9a-b80d-f304cb251e29","element-6066-11e4-a52e-4f735466cecf":"63d7c7c5-1dfd-4b9a-b80d-f304cb251e29"}}
[debug] &amp#27;[38;5;32m[AndroidUiautomator2Driver@8eb2]&amp#27;[0m Responding to client with driver.findElement() result: {"element-6066-11e4-a52e-4f735466cecf":"63d7c7c5-1dfd-4b9a-b80d-f304cb251e29","ELEMENT":"63d7c7c5-1dfd-4b9a-b80d-f304cb251e29"}
&amp#27;[38;5;0m[HTTP]&amp#27;[0m <-- POST /session/fdd6b90b-66eb-4e13-b236-0c4c89efa48d/element 200 283 ms - 137 
&amp#27;[38;5;0m[HTTP]&amp#27;[0m &amp#27;[37m-->&amp#27;[39m &amp#27;[37mGET&amp#27;[39m &amp#27;[37m/session/fdd6b90b-66eb-4e13-b236-0c4c89efa48d/element/63d7c7c5-1dfd-4b9a-b80d-f304cb251e29/attribute/text&amp#27;[39m {}
[debug] &amp#27;[38;5;32m[AndroidUiautomator2Driver@8eb2]&amp#27;[0m Calling AppiumDriver.getAttribute() with args: ["text","63d7c7c5-1dfd-4b9a-b80d-f304cb251e29","fdd6b90b-66eb-4e13-b236-0c4c89efa48d"]
[debug] &amp#27;[38;5;32m[AndroidUiautomator2Driver@8eb2]&amp#27;[0m Matched '/element/63d7c7c5-1dfd-4b9a-b80d-f304cb251e29/attribute/text' to command name 'getAttribute'
[debug] &amp#27;[38;5;32m[AndroidUiautomator2Driver@8eb2]&amp#27;[0m Proxying [GET /element/63d7c7c5-1dfd-4b9a-b80d-f304cb251e29/attribute/text] to [GET http://127.0.0.1:8200/session/67f892fc-d9eb-4ecd-b40e-e46b96cfe87b/element/63d7c7c5-1dfd-4b9a-b80d-f304cb251e29/attribute/text] with no body
[debug] &amp#27;[38;5;32m[AndroidUiautomator2Driver@8eb2]&amp#27;[0m Got response with status 200: {"sessionId":"67f892fc-d9eb-4ecd-b40e-e46b96cfe87b","value":"Please enter your name"}
[debug] &amp#27;[38;5;32m[AndroidUiautomator2Driver@8eb2]&amp#27;[0m Responding to client with driver.getAttribute() result: "Please enter your name"
&amp#27;[38;5;0m[HTTP]&amp#27;[0m <-- GET /session/fdd6b90b-66eb-4e13-b236-0c4c89efa48d/element/63d7c7c5-1dfd-4b9a-b80d-f304cb251e29/attribute/text 200 489 ms - 34 
]]></system-out>
  </testcase>
  <testcase name="FillForm_PositiveFlow" classname="org.dandytech.E_Commerce_tc_1" time="15.393">
    <system-out><![CDATA[&amp#27;[38;5;0m[HTTP]&amp#27;[0m &amp#27;[37m-->&amp#27;[39m &amp#27;[37mPOST&amp#27;[39m &amp#27;[37m/session/fdd6b90b-66eb-4e13-b236-0c4c89efa48d/element&amp#27;[39m {"using":"id","value":"com.androidsample.generalstore:id/nameField"}
[debug] &amp#27;[38;5;32m[AndroidUiautomator2Driver@8eb2]&amp#27;[0m Calling AppiumDriver.findElement() with args: ["id","com.androidsample.generalstore:id/nameField","fdd6b90b-66eb-4e13-b236-0c4c89efa48d"]
[debug] &amp#27;[38;5;32m[AndroidUiautomator2Driver@8eb2]&amp#27;[0m Valid locator strategies for this request: xpath, id, class name, accessibility id, css selector, -android uiautomator
[debug] &amp#27;[38;5;32m[AndroidUiautomator2Driver@8eb2]&amp#27;[0m Waiting up to 10000 ms for condition
[debug] &amp#27;[38;5;32m[AndroidUiautomator2Driver@8eb2]&amp#27;[0m Matched '/element' to command name 'findElement'
[debug] &amp#27;[38;5;32m[AndroidUiautomator2Driver@8eb2]&amp#27;[0m Proxying [POST /element] to [POST http://127.0.0.1:8200/session/67f892fc-d9eb-4ecd-b40e-e46b96cfe87b/element] with body: {"strategy":"id","selector":"com.androidsample.generalstore:id/nameField","context":"","multiple":false}
[debug] &amp#27;[38;5;32m[AndroidUiautomator2Driver@8eb2]&amp#27;[0m Got response with status 200: {"sessionId":"67f892fc-d9eb-4ecd-b40e-e46b96cfe87b","value":{"ELEMENT":"00000000-0000-0309-ffff-ffff0000001c","element-6066-11e4-a52e-4f735466cecf":"00000000-0000-0309-ffff-ffff0000001c"}}
[debug] &amp#27;[38;5;32m[AndroidUiautomator2Driver@8eb2]&amp#27;[0m Responding to client with driver.findElement() result: {"element-6066-11e4-a52e-4f735466cecf":"00000000-0000-0309-ffff-ffff0000001c","ELEMENT":"00000000-0000-0309-ffff-ffff0000001c"}
&amp#27;[38;5;0m[HTTP]&amp#27;[0m <-- POST /session/fdd6b90b-66eb-4e13-b236-0c4c89efa48d/element 200 28 ms - 137 
&amp#27;[38;5;0m[HTTP]&amp#27;[0m &amp#27;[37m-->&amp#27;[39m &amp#27;[37mPOST&amp#27;[39m &amp#27;[37m/session/fdd6b90b-66eb-4e13-b236-0c4c89efa48d/element/00000000-0000-0309-ffff-ffff0000001c/value&amp#27;[39m {"id":"00000000-0000-0309-ffff-ffff0000001c","value":["M","a","r","y"," ","K","a","t","e"],"text":"Mary Kate"}
[debug] &amp#27;[38;5;32m[AndroidUiautomator2Driver@8eb2]&amp#27;[0m Calling AppiumDriver.setValue() with args: [["M","a","r","y"," ","K","a","t","e"],"00000000-0000-0309-ffff-ffff0000001c","fdd6b90b-66eb-4e13-b236-0c4c89efa48d"]
[debug] &amp#27;[38;5;32m[AndroidUiautomator2Driver@8eb2]&amp#27;[0m Matched '/element/00000000-0000-0309-ffff-ffff0000001c/value' to command name 'setValue'
[debug] &amp#27;[38;5;32m[AndroidUiautomator2Driver@8eb2]&amp#27;[0m Added 'value' property ["M","a","r","y"," ","K","a","t","e"] to 'setValue' request body
[debug] &amp#27;[38;5;32m[AndroidUiautomator2Driver@8eb2]&amp#27;[0m Proxying [POST /element/00000000-0000-0309-ffff-ffff0000001c/value] to [POST http://127.0.0.1:8200/session/67f892fc-d9eb-4ecd-b40e-e46b96cfe87b/element/00000000-0000-0309-ffff-ffff0000001c/value] with body: {"elementId":"00000000-0000-0309-ffff-ffff0000001c","text":"Mary Kate","replace":false,"value":["M","a","r","y"," ","K","a","t","e"]}
[debug] &amp#27;[38;5;32m[AndroidUiautomator2Driver@8eb2]&amp#27;[0m Got response with status 200: {"sessionId":"67f892fc-d9eb-4ecd-b40e-e46b96cfe87b","value":null}
[debug] &amp#27;[38;5;32m[AndroidUiautomator2Driver@8eb2]&amp#27;[0m Responding to client with driver.setValue() result: null
&amp#27;[38;5;0m[HTTP]&amp#27;[0m <-- POST /session/fdd6b90b-66eb-4e13-b236-0c4c89efa48d/element/00000000-0000-0309-ffff-ffff0000001c/value 200 549 ms - 14 
&amp#27;[38;5;0m[HTTP]&amp#27;[0m &amp#27;[37m-->&amp#27;[39m &amp#27;[37mPOST&amp#27;[39m &amp#27;[37m/session/fdd6b90b-66eb-4e13-b236-0c4c89efa48d/execute/sync&amp#27;[39m {"args":[],"script":"mobile: hideKeyboard"}
[debug] &amp#27;[38;5;32m[AndroidUiautomator2Driver@8eb2]&amp#27;[0m Calling AppiumDriver.execute() with args: ["mobile: hideKeyboard",[],"fdd6b90b-66eb-4e13-b236-0c4c89efa48d"]
&amp#27;[38;5;32m[AndroidUiautomator2Driver@8eb2]&amp#27;[0m Executing native command 'mobile: hideKeyboard'
[debug] &amp#27;[38;5;48m[ADB]&amp#27;[0m Running '/Users/user/Library/Android/sdk/platform-tools/adb -P 5037 -s emulator-5554 shell dumpsys input_method'
&amp#27;[38;5;48m[ADB]&amp#27;[0m Keyboard has no UI; no closing necessary
[debug] &amp#27;[38;5;32m[AndroidUiautomator2Driver@8eb2]&amp#27;[0m Responding to client with driver.execute() result: false
&amp#27;[38;5;0m[HTTP]&amp#27;[0m <-- POST /session/fdd6b90b-66eb-4e13-b236-0c4c89efa48d/execute/sync 200 236 ms - 15 
&amp#27;[38;5;0m[HTTP]&amp#27;[0m &amp#27;[37m-->&amp#27;[39m &amp#27;[37mPOST&amp#27;[39m &amp#27;[37m/session/fdd6b90b-66eb-4e13-b236-0c4c89efa48d/element&amp#27;[39m {"using":"xpath","value":"//android.widget.RadioButton[@text='Female']"}
[debug] &amp#27;[38;5;32m[AndroidUiautomator2Driver@8eb2]&amp#27;[0m Calling AppiumDriver.findElement() with args: ["xpath","//android.widget.RadioButton[@text='Female']","fdd6b90b-66eb-4e13-b236-0c4c89efa48d"]
[debug] &amp#27;[38;5;32m[AndroidUiautomator2Driver@8eb2]&amp#27;[0m Valid locator strategies for this request: xpath, id, class name, accessibility id, css selector, -android uiautomator
[debug] &amp#27;[38;5;32m[AndroidUiautomator2Driver@8eb2]&amp#27;[0m Waiting up to 10000 ms for condition
[debug] &amp#27;[38;5;32m[AndroidUiautomator2Driver@8eb2]&amp#27;[0m Matched '/element' to command name 'findElement'
[debug] &amp#27;[38;5;32m[AndroidUiautomator2Driver@8eb2]&amp#27;[0m Proxying [POST /element] to [POST http://127.0.0.1:8200/session/67f892fc-d9eb-4ecd-b40e-e46b96cfe87b/element] with body: {"strategy":"xpath","selector":"//android.widget.RadioButton[@text='Female']","context":"","multiple":false}
[debug] &amp#27;[38;5;32m[AndroidUiautomator2Driver@8eb2]&amp#27;[0m Got response with status 200: {"sessionId":"67f892fc-d9eb-4ecd-b40e-e46b96cfe87b","value":{"ELEMENT":"00000000-0000-0309-ffff-ffff00000020","element-6066-11e4-a52e-4f735466cecf":"00000000-0000-0309-ffff-ffff00000020"}}
[debug] &amp#27;[38;5;32m[AndroidUiautomator2Driver@8eb2]&amp#27;[0m Responding to client with driver.findElement() result: {"element-6066-11e4-a52e-4f735466cecf":"00000000-0000-0309-ffff-ffff00000020","ELEMENT":"00000000-0000-0309-ffff-ffff00000020"}
&amp#27;[38;5;0m[HTTP]&amp#27;[0m <-- POST /session/fdd6b90b-66eb-4e13-b236-0c4c89efa48d/element 200 299 ms - 137 
&amp#27;[38;5;0m[HTTP]&amp#27;[0m &amp#27;[37m-->&amp#27;[39m &amp#27;[37mPOST&amp#27;[39m &amp#27;[37m/session/fdd6b90b-66eb-4e13-b236-0c4c89efa48d/element/00000000-0000-0309-ffff-ffff00000020/click&amp#27;[39m {"id":"00000000-0000-0309-ffff-ffff00000020"}
[debug] &amp#27;[38;5;32m[AndroidUiautomator2Driver@8eb2]&amp#27;[0m Calling AppiumDriver.click() with args: ["00000000-0000-0309-ffff-ffff00000020","fdd6b90b-66eb-4e13-b236-0c4c89efa48d"]
[debug] &amp#27;[38;5;32m[AndroidUiautomator2Driver@8eb2]&amp#27;[0m Matched '/element/00000000-0000-0309-ffff-ffff00000020/click' to command name 'click'
[debug] &amp#27;[38;5;32m[AndroidUiautomator2Driver@8eb2]&amp#27;[0m Proxying [POST /element/00000000-0000-0309-ffff-ffff00000020/click] to [POST http://127.0.0.1:8200/session/67f892fc-d9eb-4ecd-b40e-e46b96cfe87b/element/00000000-0000-0309-ffff-ffff00000020/click] with body: {"element":"00000000-0000-0309-ffff-ffff00000020"}
[debug] &amp#27;[38;5;32m[AndroidUiautomator2Driver@8eb2]&amp#27;[0m Got response with status 200: {"sessionId":"67f892fc-d9eb-4ecd-b40e-e46b96cfe87b","value":null}
[debug] &amp#27;[38;5;32m[AndroidUiautomator2Driver@8eb2]&amp#27;[0m Responding to client with driver.click() result: null
&amp#27;[38;5;0m[HTTP]&amp#27;[0m <-- POST /session/fdd6b90b-66eb-4e13-b236-0c4c89efa48d/element/00000000-0000-0309-ffff-ffff00000020/click 200 81 ms - 14 
&amp#27;[38;5;0m[HTTP]&amp#27;[0m &amp#27;[37m-->&amp#27;[39m &amp#27;[37mPOST&amp#27;[39m &amp#27;[37m/session/fdd6b90b-66eb-4e13-b236-0c4c89efa48d/element&amp#27;[39m {"using":"id","value":"com.androidsample.generalstore:id/spinnerCountry"}
[debug] &amp#27;[38;5;32m[AndroidUiautomator2Driver@8eb2]&amp#27;[0m Calling AppiumDriver.findElement() with args: ["id","com.androidsample.generalstore:id/spinnerCountry","fdd6b90b-66eb-4e13-b236-0c4c89efa48d"]
[debug] &amp#27;[38;5;32m[AndroidUiautomator2Driver@8eb2]&amp#27;[0m Valid locator strategies for this request: xpath, id, class name, accessibility id, css selector, -android uiautomator
[debug] &amp#27;[38;5;32m[AndroidUiautomator2Driver@8eb2]&amp#27;[0m Waiting up to 10000 ms for condition
[debug] &amp#27;[38;5;32m[AndroidUiautomator2Driver@8eb2]&amp#27;[0m Matched '/element' to command name 'findElement'
[debug] &amp#27;[38;5;32m[AndroidUiautomator2Driver@8eb2]&amp#27;[0m Proxying [POST /element] to [POST http://127.0.0.1:8200/session/67f892fc-d9eb-4ecd-b40e-e46b96cfe87b/element] with body: {"strategy":"id","selector":"com.androidsample.generalstore:id/spinnerCountry","context":"","multiple":false}
[debug] &amp#27;[38;5;32m[AndroidUiautomator2Driver@8eb2]&amp#27;[0m Got response with status 200: {"sessionId":"67f892fc-d9eb-4ecd-b40e-e46b96cfe87b","value":{"ELEMENT":"00000000-0000-0309-ffff-ffff0000001a","element-6066-11e4-a52e-4f735466cecf":"00000000-0000-0309-ffff-ffff0000001a"}}
[debug] &amp#27;[38;5;32m[AndroidUiautomator2Driver@8eb2]&amp#27;[0m Responding to client with driver.findElement() result: {"element-6066-11e4-a52e-4f735466cecf":"00000000-0000-0309-ffff-ffff0000001a","ELEMENT":"00000000-0000-0309-ffff-ffff0000001a"}
&amp#27;[38;5;0m[HTTP]&amp#27;[0m <-- POST /session/fdd6b90b-66eb-4e13-b236-0c4c89efa48d/element 200 539 ms - 137 
&amp#27;[38;5;0m[HTTP]&amp#27;[0m &amp#27;[37m-->&amp#27;[39m &amp#27;[37mPOST&amp#27;[39m &amp#27;[37m/session/fdd6b90b-66eb-4e13-b236-0c4c89efa48d/element/00000000-0000-0309-ffff-ffff0000001a/click&amp#27;[39m {"id":"00000000-0000-0309-ffff-ffff0000001a"}
[debug] &amp#27;[38;5;32m[AndroidUiautomator2Driver@8eb2]&amp#27;[0m Calling AppiumDriver.click() with args: ["00000000-0000-0309-ffff-ffff0000001a","fdd6b90b-66eb-4e13-b236-0c4c89efa48d"]
[debug] &amp#27;[38;5;32m[AndroidUiautomator2Driver@8eb2]&amp#27;[0m Matched '/element/00000000-0000-0309-ffff-ffff0000001a/click' to command name 'click'
[debug] &amp#27;[38;5;32m[AndroidUiautomator2Driver@8eb2]&amp#27;[0m Proxying [POST /element/00000000-0000-0309-ffff-ffff0000001a/click] to [POST http://127.0.0.1:8200/session/67f892fc-d9eb-4ecd-b40e-e46b96cfe87b/element/00000000-0000-0309-ffff-ffff0000001a/click] with body: {"element":"00000000-0000-0309-ffff-ffff0000001a"}
[debug] &amp#27;[38;5;32m[AndroidUiautomator2Driver@8eb2]&amp#27;[0m Got response with status 200: {"sessionId":"67f892fc-d9eb-4ecd-b40e-e46b96cfe87b","value":null}
[debug] &amp#27;[38;5;32m[AndroidUiautomator2Driver@8eb2]&amp#27;[0m Responding to client with driver.click() result: null
&amp#27;[38;5;0m[HTTP]&amp#27;[0m <-- POST /session/fdd6b90b-66eb-4e13-b236-0c4c89efa48d/element/00000000-0000-0309-ffff-ffff0000001a/click 200 98 ms - 14 
&amp#27;[38;5;0m[HTTP]&amp#27;[0m &amp#27;[37m-->&amp#27;[39m &amp#27;[37mPOST&amp#27;[39m &amp#27;[37m/session/fdd6b90b-66eb-4e13-b236-0c4c89efa48d/element&amp#27;[39m {"using":"-android uiautomator","value":"new UiScrollable(new UiSelector()).scrollIntoView(text(\"Aruba\"))"}
[debug] &amp#27;[38;5;32m[AndroidUiautomator2Driver@8eb2]&amp#27;[0m Calling AppiumDriver.findElement() with args: ["-android uiautomator","new UiScrollable(new UiSelector()).scrollIntoView(text(\"Aruba\"))","fdd6b90b-66eb-4e13-b236-0c4c89efa48d"]
[debug] &amp#27;[38;5;32m[AndroidUiautomator2Driver@8eb2]&amp#27;[0m Valid locator strategies for this request: xpath, id, class name, accessibility id, css selector, -android uiautomator
[debug] &amp#27;[38;5;32m[AndroidUiautomator2Driver@8eb2]&amp#27;[0m Waiting up to 10000 ms for condition
[debug] &amp#27;[38;5;32m[AndroidUiautomator2Driver@8eb2]&amp#27;[0m Matched '/element' to command name 'findElement'
[debug] &amp#27;[38;5;32m[AndroidUiautomator2Driver@8eb2]&amp#27;[0m Proxying [POST /element] to [POST http://127.0.0.1:8200/session/67f892fc-d9eb-4ecd-b40e-e46b96cfe87b/element] with body: {"strategy":"-android uiautomator","selector":"new UiScrollable(new UiSelector()).scrollIntoView(text(\"Aruba\"))","context":"","multiple":false}
[debug] &amp#27;[38;5;32m[AndroidUiautomator2Driver@8eb2]&amp#27;[0m Got response with status 200: {"sessionId":"67f892fc-d9eb-4ecd-b40e-e46b96cfe87b","value":{"ELEMENT":"00000000-0000-030c-ffff-ffff00000039","element-6066-11e4-a52e-4f735466cecf":"00000000-0000-030c-ffff-ffff00000039"}}
[debug] &amp#27;[38;5;32m[AndroidUiautomator2Driver@8eb2]&amp#27;[0m Responding to client with driver.findElement() result: {"element-6066-11e4-a52e-4f735466cecf":"00000000-0000-030c-ffff-ffff00000039","ELEMENT":"00000000-0000-030c-ffff-ffff00000039"}
&amp#27;[38;5;0m[HTTP]&amp#27;[0m <-- POST /session/fdd6b90b-66eb-4e13-b236-0c4c89efa48d/element 200 1108 ms - 137 
&amp#27;[38;5;0m[HTTP]&amp#27;[0m &amp#27;[37m-->&amp#27;[39m &amp#27;[37mPOST&amp#27;[39m &amp#27;[37m/session/fdd6b90b-66eb-4e13-b236-0c4c89efa48d/element&amp#27;[39m {"using":"xpath","value":"//android.widget.TextView[@text='Aruba']"}
[debug] &amp#27;[38;5;32m[AndroidUiautomator2Driver@8eb2]&amp#27;[0m Calling AppiumDriver.findElement() with args: ["xpath","//android.widget.TextView[@text='Aruba']","fdd6b90b-66eb-4e13-b236-0c4c89efa48d"]
[debug] &amp#27;[38;5;32m[AndroidUiautomator2Driver@8eb2]&amp#27;[0m Valid locator strategies for this request: xpath, id, class name, accessibility id, css selector, -android uiautomator
[debug] &amp#27;[38;5;32m[AndroidUiautomator2Driver@8eb2]&amp#27;[0m Waiting up to 10000 ms for condition
[debug] &amp#27;[38;5;32m[AndroidUiautomator2Driver@8eb2]&amp#27;[0m Matched '/element' to command name 'findElement'
[debug] &amp#27;[38;5;32m[AndroidUiautomator2Driver@8eb2]&amp#27;[0m Proxying [POST /element] to [POST http://127.0.0.1:8200/session/67f892fc-d9eb-4ecd-b40e-e46b96cfe87b/element] with body: {"strategy":"xpath","selector":"//android.widget.TextView[@text='Aruba']","context":"","multiple":false}
[debug] &amp#27;[38;5;32m[AndroidUiautomator2Driver@8eb2]&amp#27;[0m Got response with status 200: {"sessionId":"67f892fc-d9eb-4ecd-b40e-e46b96cfe87b","value":{"ELEMENT":"00000000-0000-030c-ffff-ffff00000039","element-6066-11e4-a52e-4f735466cecf":"00000000-0000-030c-ffff-ffff00000039"}}
[debug] &amp#27;[38;5;32m[AndroidUiautomator2Driver@8eb2]&amp#27;[0m Responding to client with driver.findElement() result: {"element-6066-11e4-a52e-4f735466cecf":"00000000-0000-030c-ffff-ffff00000039","ELEMENT":"00000000-0000-030c-ffff-ffff00000039"}
&amp#27;[38;5;0m[HTTP]&amp#27;[0m <-- POST /session/fdd6b90b-66eb-4e13-b236-0c4c89efa48d/element 200 133 ms - 137 
&amp#27;[38;5;0m[HTTP]&amp#27;[0m &amp#27;[37m-->&amp#27;[39m &amp#27;[37mGET&amp#27;[39m &amp#27;[37m/session/fdd6b90b-66eb-4e13-b236-0c4c89efa48d/element/00000000-0000-030c-ffff-ffff00000039/text&amp#27;[39m {}
&amp#27;[38;5;32m[AndroidUiautomator2Driver@8eb2]&amp#27;[0m Driver proxy active, passing request on via HTTP proxy
[debug] &amp#27;[38;5;32m[AndroidUiautomator2Driver@8eb2]&amp#27;[0m Matched '/session/fdd6b90b-66eb-4e13-b236-0c4c89efa48d/element/00000000-0000-030c-ffff-ffff00000039/text' to command name 'getText'
[debug] &amp#27;[38;5;32m[AndroidUiautomator2Driver@8eb2]&amp#27;[0m Proxying [GET /session/fdd6b90b-66eb-4e13-b236-0c4c89efa48d/element/00000000-0000-030c-ffff-ffff00000039/text] to [GET http://127.0.0.1:8200/session/67f892fc-d9eb-4ecd-b40e-e46b96cfe87b/element/00000000-0000-030c-ffff-ffff00000039/text] with no body
[debug] &amp#27;[38;5;32m[AndroidUiautomator2Driver@8eb2]&amp#27;[0m Got response with status 200: {"sessionId":"67f892fc-d9eb-4ecd-b40e-e46b96cfe87b","value":"Aruba"}
&amp#27;[38;5;32m[AndroidUiautomator2Driver@8eb2]&amp#27;[0m Replacing sessionId 67f892fc-d9eb-4ecd-b40e-e46b96cfe87b with fdd6b90b-66eb-4e13-b236-0c4c89efa48d
&amp#27;[38;5;0m[HTTP]&amp#27;[0m <-- GET /session/fdd6b90b-66eb-4e13-b236-0c4c89efa48d/element/00000000-0000-030c-ffff-ffff00000039/text 200 32 ms - 68 
Aruba
&amp#27;[38;5;0m[HTTP]&amp#27;[0m &amp#27;[37m-->&amp#27;[39m &amp#27;[37mPOST&amp#27;[39m &amp#27;[37m/session/fdd6b90b-66eb-4e13-b236-0c4c89efa48d/element/00000000-0000-030c-ffff-ffff00000039/click&amp#27;[39m {"id":"00000000-0000-030c-ffff-ffff00000039"}
[debug] &amp#27;[38;5;32m[AndroidUiautomator2Driver@8eb2]&amp#27;[0m Calling AppiumDriver.click() with args: ["00000000-0000-030c-ffff-ffff00000039","fdd6b90b-66eb-4e13-b236-0c4c89efa48d"]
[debug] &amp#27;[38;5;32m[AndroidUiautomator2Driver@8eb2]&amp#27;[0m Matched '/element/00000000-0000-030c-ffff-ffff00000039/click' to command name 'click'
[debug] &amp#27;[38;5;32m[AndroidUiautomator2Driver@8eb2]&amp#27;[0m Proxying [POST /element/00000000-0000-030c-ffff-ffff00000039/click] to [POST http://127.0.0.1:8200/session/67f892fc-d9eb-4ecd-b40e-e46b96cfe87b/element/00000000-0000-030c-ffff-ffff00000039/click] with body: {"element":"00000000-0000-030c-ffff-ffff00000039"}
[debug] &amp#27;[38;5;32m[AndroidUiautomator2Driver@8eb2]&amp#27;[0m Got response with status 200: {"sessionId":"67f892fc-d9eb-4ecd-b40e-e46b96cfe87b","value":null}
[debug] &amp#27;[38;5;32m[AndroidUiautomator2Driver@8eb2]&amp#27;[0m Responding to client with driver.click() result: null
&amp#27;[38;5;0m[HTTP]&amp#27;[0m <-- POST /session/fdd6b90b-66eb-4e13-b236-0c4c89efa48d/element/00000000-0000-030c-ffff-ffff00000039/click 200 983 ms - 14 
&amp#27;[38;5;0m[HTTP]&amp#27;[0m &amp#27;[37m-->&amp#27;[39m &amp#27;[37mPOST&amp#27;[39m &amp#27;[37m/session/fdd6b90b-66eb-4e13-b236-0c4c89efa48d/element&amp#27;[39m {"using":"id","value":"com.androidsample.generalstore:id/btnLetsShop"}
[debug] &amp#27;[38;5;32m[AndroidUiautomator2Driver@8eb2]&amp#27;[0m Calling AppiumDriver.findElement() with args: ["id","com.androidsample.generalstore:id/btnLetsShop","fdd6b90b-66eb-4e13-b236-0c4c89efa48d"]
[debug] &amp#27;[38;5;32m[AndroidUiautomator2Driver@8eb2]&amp#27;[0m Valid locator strategies for this request: xpath, id, class name, accessibility id, css selector, -android uiautomator
[debug] &amp#27;[38;5;32m[AndroidUiautomator2Driver@8eb2]&amp#27;[0m Waiting up to 10000 ms for condition
[debug] &amp#27;[38;5;32m[AndroidUiautomator2Driver@8eb2]&amp#27;[0m Matched '/element' to command name 'findElement'
[debug] &amp#27;[38;5;32m[AndroidUiautomator2Driver@8eb2]&amp#27;[0m Proxying [POST /element] to [POST http://127.0.0.1:8200/session/67f892fc-d9eb-4ecd-b40e-e46b96cfe87b/element] with body: {"strategy":"id","selector":"com.androidsample.generalstore:id/btnLetsShop","context":"","multiple":false}
[debug] &amp#27;[38;5;32m[AndroidUiautomator2Driver@8eb2]&amp#27;[0m Got response with status 200: {"sessionId":"67f892fc-d9eb-4ecd-b40e-e46b96cfe87b","value":{"ELEMENT":"00000000-0000-0309-ffff-ffff00000021","element-6066-11e4-a52e-4f735466cecf":"00000000-0000-0309-ffff-ffff00000021"}}
[debug] &amp#27;[38;5;32m[AndroidUiautomator2Driver@8eb2]&amp#27;[0m Responding to client with driver.findElement() result: {"element-6066-11e4-a52e-4f735466cecf":"00000000-0000-0309-ffff-ffff00000021","ELEMENT":"00000000-0000-0309-ffff-ffff00000021"}
&amp#27;[38;5;0m[HTTP]&amp#27;[0m <-- POST /session/fdd6b90b-66eb-4e13-b236-0c4c89efa48d/element 200 99 ms - 137 
&amp#27;[38;5;0m[HTTP]&amp#27;[0m &amp#27;[37m-->&amp#27;[39m &amp#27;[37mPOST&amp#27;[39m &amp#27;[37m/session/fdd6b90b-66eb-4e13-b236-0c4c89efa48d/element/00000000-0000-0309-ffff-ffff00000021/click&amp#27;[39m {"id":"00000000-0000-0309-ffff-ffff00000021"}
[debug] &amp#27;[38;5;32m[AndroidUiautomator2Driver@8eb2]&amp#27;[0m Calling AppiumDriver.click() with args: ["00000000-0000-0309-ffff-ffff00000021","fdd6b90b-66eb-4e13-b236-0c4c89efa48d"]
[debug] &amp#27;[38;5;32m[AndroidUiautomator2Driver@8eb2]&amp#27;[0m Matched '/element/00000000-0000-0309-ffff-ffff00000021/click' to command name 'click'
[debug] &amp#27;[38;5;32m[AndroidUiautomator2Driver@8eb2]&amp#27;[0m Proxying [POST /element/00000000-0000-0309-ffff-ffff00000021/click] to [POST http://127.0.0.1:8200/session/67f892fc-d9eb-4ecd-b40e-e46b96cfe87b/element/00000000-0000-0309-ffff-ffff00000021/click] with body: {"element":"00000000-0000-0309-ffff-ffff00000021"}
[debug] &amp#27;[38;5;32m[AndroidUiautomator2Driver@8eb2]&amp#27;[0m Got response with status 200: {"sessionId":"67f892fc-d9eb-4ecd-b40e-e46b96cfe87b","value":null}
[debug] &amp#27;[38;5;32m[AndroidUiautomator2Driver@8eb2]&amp#27;[0m Responding to client with driver.click() result: null
&amp#27;[38;5;0m[HTTP]&amp#27;[0m <-- POST /session/fdd6b90b-66eb-4e13-b236-0c4c89efa48d/element/00000000-0000-0309-ffff-ffff00000021/click 200 90 ms - 14 
&amp#27;[38;5;0m[HTTP]&amp#27;[0m &amp#27;[37m-->&amp#27;[39m &amp#27;[37mPOST&amp#27;[39m &amp#27;[37m/session/fdd6b90b-66eb-4e13-b236-0c4c89efa48d/elements&amp#27;[39m {"using":"xpath","value":"//android.widget.Toast[1]"}
[debug] &amp#27;[38;5;32m[AndroidUiautomator2Driver@8eb2]&amp#27;[0m Calling AppiumDriver.findElements() with args: ["xpath","//android.widget.Toast[1]","fdd6b90b-66eb-4e13-b236-0c4c89efa48d"]
[debug] &amp#27;[38;5;32m[AndroidUiautomator2Driver@8eb2]&amp#27;[0m Valid locator strategies for this request: xpath, id, class name, accessibility id, css selector, -android uiautomator
[debug] &amp#27;[38;5;32m[AndroidUiautomator2Driver@8eb2]&amp#27;[0m Waiting up to 10000 ms for condition
[debug] &amp#27;[38;5;32m[AndroidUiautomator2Driver@8eb2]&amp#27;[0m Matched '/elements' to command name 'findElements'
[debug] &amp#27;[38;5;32m[AndroidUiautomator2Driver@8eb2]&amp#27;[0m Proxying [POST /elements] to [POST http://127.0.0.1:8200/session/67f892fc-d9eb-4ecd-b40e-e46b96cfe87b/elements] with body: {"strategy":"xpath","selector":"//android.widget.Toast[1]","context":"","multiple":true}
[debug] &amp#27;[38;5;32m[AndroidUiautomator2Driver@8eb2]&amp#27;[0m Got response with status 200: {"sessionId":"67f892fc-d9eb-4ecd-b40e-e46b96cfe87b","value":[]}
[debug] &amp#27;[38;5;32m[AndroidUiautomator2Driver@8eb2]&amp#27;[0m Waited for 1401 ms so far
[debug] &amp#27;[38;5;32m[AndroidUiautomator2Driver@8eb2]&amp#27;[0m Matched '/elements' to command name 'findElements'
[debug] &amp#27;[38;5;32m[AndroidUiautomator2Driver@8eb2]&amp#27;[0m Proxying [POST /elements] to [POST http://127.0.0.1:8200/session/67f892fc-d9eb-4ecd-b40e-e46b96cfe87b/elements] with body: {"strategy":"xpath","selector":"//android.widget.Toast[1]","context":"","multiple":true}
[debug] &amp#27;[38;5;32m[AndroidUiautomator2Driver@8eb2]&amp#27;[0m Got response with status 200: {"sessionId":"67f892fc-d9eb-4ecd-b40e-e46b96cfe87b","value":[]}
[debug] &amp#27;[38;5;32m[AndroidUiautomator2Driver@8eb2]&amp#27;[0m Waited for 2439 ms so far
[debug] &amp#27;[38;5;32m[AndroidUiautomator2Driver@8eb2]&amp#27;[0m Matched '/elements' to command name 'findElements'
[debug] &amp#27;[38;5;32m[AndroidUiautomator2Driver@8eb2]&amp#27;[0m Proxying [POST /elements] to [POST http://127.0.0.1:8200/session/67f892fc-d9eb-4ecd-b40e-e46b96cfe87b/elements] with body: {"strategy":"xpath","selector":"//android.widget.Toast[1]","context":"","multiple":true}
[debug] &amp#27;[38;5;32m[AndroidUiautomator2Driver@8eb2]&amp#27;[0m Got response with status 200: {"sessionId":"67f892fc-d9eb-4ecd-b40e-e46b96cfe87b","value":[]}
[debug] &amp#27;[38;5;32m[AndroidUiautomator2Driver@8eb2]&amp#27;[0m Waited for 2993 ms so far
[debug] &amp#27;[38;5;32m[AndroidUiautomator2Driver@8eb2]&amp#27;[0m Matched '/elements' to command name 'findElements'
[debug] &amp#27;[38;5;32m[AndroidUiautomator2Driver@8eb2]&amp#27;[0m Proxying [POST /elements] to [POST http://127.0.0.1:8200/session/67f892fc-d9eb-4ecd-b40e-e46b96cfe87b/elements] with body: {"strategy":"xpath","selector":"//android.widget.Toast[1]","context":"","multiple":true}
[debug] &amp#27;[38;5;32m[AndroidUiautomator2Driver@8eb2]&amp#27;[0m Got response with status 200: {"sessionId":"67f892fc-d9eb-4ecd-b40e-e46b96cfe87b","value":[]}
[debug] &amp#27;[38;5;32m[AndroidUiautomator2Driver@8eb2]&amp#27;[0m Waited for 3556 ms so far
[debug] &amp#27;[38;5;32m[AndroidUiautomator2Driver@8eb2]&amp#27;[0m Matched '/elements' to command name 'findElements'
[debug] &amp#27;[38;5;32m[AndroidUiautomator2Driver@8eb2]&amp#27;[0m Proxying [POST /elements] to [POST http://127.0.0.1:8200/session/67f892fc-d9eb-4ecd-b40e-e46b96cfe87b/elements] with body: {"strategy":"xpath","selector":"//android.widget.Toast[1]","context":"","multiple":true}
[debug] &amp#27;[38;5;32m[AndroidUiautomator2Driver@8eb2]&amp#27;[0m Got response with status 200: {"sessionId":"67f892fc-d9eb-4ecd-b40e-e46b96cfe87b","value":[]}
[debug] &amp#27;[38;5;32m[AndroidUiautomator2Driver@8eb2]&amp#27;[0m Waited for 4134 ms so far
[debug] &amp#27;[38;5;32m[AndroidUiautomator2Driver@8eb2]&amp#27;[0m Matched '/elements' to command name 'findElements'
[debug] &amp#27;[38;5;32m[AndroidUiautomator2Driver@8eb2]&amp#27;[0m Proxying [POST /elements] to [POST http://127.0.0.1:8200/session/67f892fc-d9eb-4ecd-b40e-e46b96cfe87b/elements] with body: {"strategy":"xpath","selector":"//android.widget.Toast[1]","context":"","multiple":true}
[debug] &amp#27;[38;5;32m[AndroidUiautomator2Driver@8eb2]&amp#27;[0m Got response with status 200: {"sessionId":"67f892fc-d9eb-4ecd-b40e-e46b96cfe87b","value":[]}
[debug] &amp#27;[38;5;32m[AndroidUiautomator2Driver@8eb2]&amp#27;[0m Waited for 4707 ms so far
[debug] &amp#27;[38;5;32m[AndroidUiautomator2Driver@8eb2]&amp#27;[0m Matched '/elements' to command name 'findElements'
[debug] &amp#27;[38;5;32m[AndroidUiautomator2Driver@8eb2]&amp#27;[0m Proxying [POST /elements] to [POST http://127.0.0.1:8200/session/67f892fc-d9eb-4ecd-b40e-e46b96cfe87b/elements] with body: {"strategy":"xpath","selector":"//android.widget.Toast[1]","context":"","multiple":true}
[debug] &amp#27;[38;5;32m[AndroidUiautomator2Driver@8eb2]&amp#27;[0m Got response with status 200: {"sessionId":"67f892fc-d9eb-4ecd-b40e-e46b96cfe87b","value":[]}
[debug] &amp#27;[38;5;32m[AndroidUiautomator2Driver@8eb2]&amp#27;[0m Waited for 5274 ms so far
[debug] &amp#27;[38;5;32m[AndroidUiautomator2Driver@8eb2]&amp#27;[0m Matched '/elements' to command name 'findElements'
[debug] &amp#27;[38;5;32m[AndroidUiautomator2Driver@8eb2]&amp#27;[0m Proxying [POST /elements] to [POST http://127.0.0.1:8200/session/67f892fc-d9eb-4ecd-b40e-e46b96cfe87b/elements] with body: {"strategy":"xpath","selector":"//android.widget.Toast[1]","context":"","multiple":true}
[debug] &amp#27;[38;5;32m[AndroidUiautomator2Driver@8eb2]&amp#27;[0m Got response with status 200: {"sessionId":"67f892fc-d9eb-4ecd-b40e-e46b96cfe87b","value":[]}
[debug] &amp#27;[38;5;32m[AndroidUiautomator2Driver@8eb2]&amp#27;[0m Waited for 5859 ms so far
[debug] &amp#27;[38;5;32m[AndroidUiautomator2Driver@8eb2]&amp#27;[0m Matched '/elements' to command name 'findElements'
[debug] &amp#27;[38;5;32m[AndroidUiautomator2Driver@8eb2]&amp#27;[0m Proxying [POST /elements] to [POST http://127.0.0.1:8200/session/67f892fc-d9eb-4ecd-b40e-e46b96cfe87b/elements] with body: {"strategy":"xpath","selector":"//android.widget.Toast[1]","context":"","multiple":true}
[debug] &amp#27;[38;5;32m[AndroidUiautomator2Driver@8eb2]&amp#27;[0m Got response with status 200: {"sessionId":"67f892fc-d9eb-4ecd-b40e-e46b96cfe87b","value":[]}
[debug] &amp#27;[38;5;32m[AndroidUiautomator2Driver@8eb2]&amp#27;[0m Waited for 6420 ms so far
[debug] &amp#27;[38;5;32m[AndroidUiautomator2Driver@8eb2]&amp#27;[0m Matched '/elements' to command name 'findElements'
[debug] &amp#27;[38;5;32m[AndroidUiautomator2Driver@8eb2]&amp#27;[0m Proxying [POST /elements] to [POST http://127.0.0.1:8200/session/67f892fc-d9eb-4ecd-b40e-e46b96cfe87b/elements] with body: {"strategy":"xpath","selector":"//android.widget.Toast[1]","context":"","multiple":true}
[debug] &amp#27;[38;5;32m[AndroidUiautomator2Driver@8eb2]&amp#27;[0m Got response with status 200: {"sessionId":"67f892fc-d9eb-4ecd-b40e-e46b96cfe87b","value":[]}
[debug] &amp#27;[38;5;32m[AndroidUiautomator2Driver@8eb2]&amp#27;[0m Waited for 6981 ms so far
[debug] &amp#27;[38;5;32m[AndroidUiautomator2Driver@8eb2]&amp#27;[0m Matched '/elements' to command name 'findElements'
[debug] &amp#27;[38;5;32m[AndroidUiautomator2Driver@8eb2]&amp#27;[0m Proxying [POST /elements] to [POST http://127.0.0.1:8200/session/67f892fc-d9eb-4ecd-b40e-e46b96cfe87b/elements] with body: {"strategy":"xpath","selector":"//android.widget.Toast[1]","context":"","multiple":true}
[debug] &amp#27;[38;5;32m[AndroidUiautomator2Driver@8eb2]&amp#27;[0m Got response with status 200: {"sessionId":"67f892fc-d9eb-4ecd-b40e-e46b96cfe87b","value":[]}
[debug] &amp#27;[38;5;32m[AndroidUiautomator2Driver@8eb2]&amp#27;[0m Waited for 7542 ms so far
[debug] &amp#27;[38;5;32m[AndroidUiautomator2Driver@8eb2]&amp#27;[0m Matched '/elements' to command name 'findElements'
[debug] &amp#27;[38;5;32m[AndroidUiautomator2Driver@8eb2]&amp#27;[0m Proxying [POST /elements] to [POST http://127.0.0.1:8200/session/67f892fc-d9eb-4ecd-b40e-e46b96cfe87b/elements] with body: {"strategy":"xpath","selector":"//android.widget.Toast[1]","context":"","multiple":true}
[debug] &amp#27;[38;5;32m[AndroidUiautomator2Driver@8eb2]&amp#27;[0m Got response with status 200: {"sessionId":"67f892fc-d9eb-4ecd-b40e-e46b96cfe87b","value":[]}
[debug] &amp#27;[38;5;32m[AndroidUiautomator2Driver@8eb2]&amp#27;[0m Waited for 8103 ms so far
[debug] &amp#27;[38;5;32m[AndroidUiautomator2Driver@8eb2]&amp#27;[0m Matched '/elements' to command name 'findElements'
[debug] &amp#27;[38;5;32m[AndroidUiautomator2Driver@8eb2]&amp#27;[0m Proxying [POST /elements] to [POST http://127.0.0.1:8200/session/67f892fc-d9eb-4ecd-b40e-e46b96cfe87b/elements] with body: {"strategy":"xpath","selector":"//android.widget.Toast[1]","context":"","multiple":true}
[debug] &amp#27;[38;5;32m[AndroidUiautomator2Driver@8eb2]&amp#27;[0m Got response with status 200: {"sessionId":"67f892fc-d9eb-4ecd-b40e-e46b96cfe87b","value":[]}
[debug] &amp#27;[38;5;32m[AndroidUiautomator2Driver@8eb2]&amp#27;[0m Waited for 8668 ms so far
[debug] &amp#27;[38;5;32m[AndroidUiautomator2Driver@8eb2]&amp#27;[0m Matched '/elements' to command name 'findElements'
[debug] &amp#27;[38;5;32m[AndroidUiautomator2Driver@8eb2]&amp#27;[0m Proxying [POST /elements] to [POST http://127.0.0.1:8200/session/67f892fc-d9eb-4ecd-b40e-e46b96cfe87b/elements] with body: {"strategy":"xpath","selector":"//android.widget.Toast[1]","context":"","multiple":true}
[debug] &amp#27;[38;5;32m[AndroidUiautomator2Driver@8eb2]&amp#27;[0m Got response with status 200: {"sessionId":"67f892fc-d9eb-4ecd-b40e-e46b96cfe87b","value":[]}
[debug] &amp#27;[38;5;32m[AndroidUiautomator2Driver@8eb2]&amp#27;[0m Waited for 9230 ms so far
[debug] &amp#27;[38;5;32m[AndroidUiautomator2Driver@8eb2]&amp#27;[0m Matched '/elements' to command name 'findElements'
[debug] &amp#27;[38;5;32m[AndroidUiautomator2Driver@8eb2]&amp#27;[0m Proxying [POST /elements] to [POST http://127.0.0.1:8200/session/67f892fc-d9eb-4ecd-b40e-e46b96cfe87b/elements] with body: {"strategy":"xpath","selector":"//android.widget.Toast[1]","context":"","multiple":true}
[debug] &amp#27;[38;5;32m[AndroidUiautomator2Driver@8eb2]&amp#27;[0m Got response with status 200: {"sessionId":"67f892fc-d9eb-4ecd-b40e-e46b96cfe87b","value":[]}
[debug] &amp#27;[38;5;32m[AndroidUiautomator2Driver@8eb2]&amp#27;[0m Waited for 9789 ms so far
[debug] &amp#27;[38;5;32m[AndroidUiautomator2Driver@8eb2]&amp#27;[0m Matched '/elements' to command name 'findElements'
[debug] &amp#27;[38;5;32m[AndroidUiautomator2Driver@8eb2]&amp#27;[0m Proxying [POST /elements] to [POST http://127.0.0.1:8200/session/67f892fc-d9eb-4ecd-b40e-e46b96cfe87b/elements] with body: {"strategy":"xpath","selector":"//android.widget.Toast[1]","context":"","multiple":true}
[debug] &amp#27;[38;5;32m[AndroidUiautomator2Driver@8eb2]&amp#27;[0m Got response with status 200: {"sessionId":"67f892fc-d9eb-4ecd-b40e-e46b96cfe87b","value":[]}
[debug] &amp#27;[38;5;32m[AndroidUiautomator2Driver@8eb2]&amp#27;[0m Responding to client with driver.findElements() result: []
&amp#27;[38;5;0m[HTTP]&amp#27;[0m <-- POST /session/fdd6b90b-66eb-4e13-b236-0c4c89efa48d/elements 200 10058 ms - 12 
]]></system-out>
  </testcase>
  <testcase name="IOSBasicsTest" classname="org.dandytech.IOSBasics" time="10.177">
    <system-out><![CDATA[&amp#27;[38;5;0m[HTTP]&amp#27;[0m &amp#27;[37m-->&amp#27;[39m &amp#27;[37mDELETE&amp#27;[39m &amp#27;[37m/session/fdd6b90b-66eb-4e13-b236-0c4c89efa48d&amp#27;[39m {}
[debug] &amp#27;[38;5;32m[AndroidUiautomator2Driver@8eb2]&amp#27;[0m Calling AppiumDriver.deleteSession() with args: ["fdd6b90b-66eb-4e13-b236-0c4c89efa48d"]
[debug] &amp#27;[38;5;16m[AppiumDriver@6ef7]&amp#27;[0m Event 'quitSessionRequested' logged at 1721637389612 (09:36:29 GMT+0100 (West Africa Standard Time))
&amp#27;[38;5;16m[AppiumDriver@6ef7]&amp#27;[0m Removing session fdd6b90b-66eb-4e13-b236-0c4c89efa48d from our master session list
[debug] &amp#27;[38;5;32m[AndroidUiautomator2Driver@8eb2]&amp#27;[0m Deleting UiAutomator2 session
[debug] &amp#27;[38;5;32m[AndroidUiautomator2Driver@8eb2]&amp#27;[0m Deleting UiAutomator2 server session
[debug] &amp#27;[38;5;32m[AndroidUiautomator2Driver@8eb2]&amp#27;[0m Matched '/' to command name 'deleteSession'
[debug] &amp#27;[38;5;32m[AndroidUiautomator2Driver@8eb2]&amp#27;[0m Proxying [DELETE /] to [DELETE http://127.0.0.1:8200/session/67f892fc-d9eb-4ecd-b40e-e46b96cfe87b] with no body
[debug] &amp#27;[38;5;32m[AndroidUiautomator2Driver@8eb2]&amp#27;[0m Got response with status 200: {"sessionId":"67f892fc-d9eb-4ecd-b40e-e46b96cfe87b","value":null}
[debug] &amp#27;[38;5;32m[AndroidUiautomator2Driver@8eb2]&amp#27;[0m [Instrumentation] io.appium.uiautomator2.server.test.AppiumUiAutomator2Server:
[debug] &amp#27;[38;5;32m[AndroidUiautomator2Driver@8eb2]&amp#27;[0m [Instrumentation] The process has exited with code null, signal SIGTERM
[debug] &amp#27;[38;5;48m[ADB]&amp#27;[0m Running '/Users/user/Library/Android/sdk/platform-tools/adb -P 5037 -s emulator-5554 shell dumpsys activity services io.appium.settings/.recorder.RecorderService'
[debug] &amp#27;[38;5;48m[ADB]&amp#27;[0m Running '/Users/user/Library/Android/sdk/platform-tools/adb -P 5037 -s emulator-5554 shell am force-stop com.androidsample.generalstore'
[debug] &amp#27;[38;5;80m[Logcat]&amp#27;[0m Stopping logcat capture
[debug] &amp#27;[38;5;48m[ADB]&amp#27;[0m Removing forwarded port socket connection: 8200 
[debug] &amp#27;[38;5;48m[ADB]&amp#27;[0m Running '/Users/user/Library/Android/sdk/platform-tools/adb -P 5037 -s emulator-5554 forward --remove tcp:8200'
&amp#27;[38;5;32m[AndroidUiautomator2Driver@8eb2]&amp#27;[0m Restoring hidden api policy to the device default configuration
[debug] &amp#27;[38;5;48m[ADB]&amp#27;[0m Running '/Users/user/Library/Android/sdk/platform-tools/adb -P 5037 -s emulator-5554 shell 'settings delete global hidden_api_policy_pre_p_apps;settings delete global hidden_api_policy_p_apps;settings delete global hidden_api_policy''
[debug] &amp#27;[38;5;16m[AppiumDriver@6ef7]&amp#27;[0m Event 'quitSessionFinished' logged at 1721637390345 (09:36:30 GMT+0100 (West Africa Standard Time))
[debug] &amp#27;[38;5;16m[AppiumDriver@6ef7]&amp#27;[0m Received response: null
[debug] &amp#27;[38;5;16m[AppiumDriver@6ef7]&amp#27;[0m But deleting session, so not returning
[debug] &amp#27;[38;5;16m[AppiumDriver@6ef7]&amp#27;[0m Responding to client with driver.deleteSession() result: null
&amp#27;[38;5;0m[HTTP]&amp#27;[0m <-- DELETE /session/fdd6b90b-66eb-4e13-b236-0c4c89efa48d 200 736 ms - 14 
WARN Appium Appium encountered 2 warnings while validating drivers found in manifest /Users/user/.appium/node_modules/.cache/appium/extensions.yaml
WARN Appium Driver "uiautomator2" has 1 potential problem: 
WARN Appium   - Driver "uiautomator2" (package `appium-uiautomator2-driver`) may be incompatible with the current version of Appium (v2.0.1) due to its peer dependency on older Appium v^2.4.1. Please upgrade `appium-uiautomator2-driver` to v3.7.3 or newer.
WARN Appium Driver "xcuitest" has 1 potential problem: 
WARN Appium   - Driver "xcuitest" (package `appium-xcuitest-driver`) may be incompatible with the current version of Appium (v2.0.1) due to its peer dependency on older Appium v^2.5.4. Please upgrade `appium-xcuitest-driver` to v7.24.1 or newer.
&amp#27;[35m[Appium]&amp#27;[39m Welcome to Appium v2.0.1
&amp#27;[35m[Appium]&amp#27;[39m Attempting to load driver uiautomator2...
[debug] &amp#27;[35m[Appium]&amp#27;[39m Requiring driver at /Users/user/.appium/node_modules/appium-uiautomator2-driver
[Appium] Attempting to load driver xcuitest...
[debug] [Appium] Requiring driver at /Users/user/.appium/node_modules/appium-xcuitest-driver
[Appium] Appium REST http interface listener started on http://0.0.0.0:4723
[Appium] You can provide the following URLS in your client code to connect to this server:
[Appium] 	http://127.0.0.1:4723/ (only accessible from the same host)
[Appium] 	http://192.168.0.10:4723/
[Appium] 	http://192.168.2.1:4723/
[Appium] Available drivers:
[Appium]   - uiautomator2@3.7.1 (automationName 'UiAutomator2')
[Appium]   - xcuitest@7.23.0 (automationName 'XCUITest')
[Appium] No plugins have been installed. Use the "appium plugin" command to install the one(s) you want to use.
&amp#27;[38;5;0m[HTTP]&amp#27;[0m &amp#27;[37m-->&amp#27;[39m &amp#27;[37mGET&amp#27;[39m &amp#27;[37m/status&amp#27;[39m {}
[debug] &amp#27;[38;5;16m[AppiumDriver@9722]&amp#27;[0m Calling AppiumDriver.getStatus() with args: []
[debug] &amp#27;[38;5;16m[AppiumDriver@9722]&amp#27;[0m Responding to client with driver.getStatus() result: {"build":{"version":"2.0.1"}}
&amp#27;[38;5;0m[HTTP]&amp#27;[0m <-- GET /status 200 8 ms - 39 
[debug] &amp#27;[38;5;0m[HTTP]&amp#27;[0m Request idempotency key: 25cd681e-6883-4a57-bd12-8ab51a3dd131
&amp#27;[38;5;0m[HTTP]&amp#27;[0m &amp#27;[37m-->&amp#27;[39m &amp#27;[37mPOST&amp#27;[39m &amp#27;[37m/session&amp#27;[39m {"capabilities":{"firstMatch":[{"appium:wdaLaunchTimeout":20000,"appium:deviceName":"iPhone 14","platformName":"IOS","appium:automationName":"XCuiTest","appium:app":"/Users/user/eclipse-workspace/AppiumFrameworkDesign//src/test//java//org//dandytech//testApps//UIKitCatalog.app","appium:platformVersion":"16.2"}]}}
[debug] &amp#27;[38;5;16m[AppiumDriver@9722]&amp#27;[0m Calling AppiumDriver.createSession() with args: [null,null,{"firstMatch":[{"appium:wdaLaunchTimeout":20000,"appium:deviceName":"iPhone 14","platformName":"IOS","appium:automationName":"XCuiTest","appium:app":"/Users/user/eclipse-workspace/AppiumFrameworkDesign//src/test//java//org//dandytech//testApps//UIKitCatalog.app","appium:platformVersion":"16.2"}]}]
[debug] &amp#27;[38;5;16m[AppiumDriver@9722]&amp#27;[0m Event 'newSessionRequested' logged at 1721637403267 (09:36:43 GMT+0100 (West Africa Standard Time))
[Appium] Attempting to find matching driver for automationName 'XCuiTest' and platformName 'IOS'
[Appium] The 'xcuitest' driver was installed and matched caps.
[Appium] Will require it at /Users/user/.appium/node_modules/appium-xcuitest-driver
[debug] [Appium] Requiring driver at /Users/user/.appium/node_modules/appium-xcuitest-driver
&amp#27;[38;5;16m[AppiumDriver@9722]&amp#27;[0m Appium v2.0.1 creating new XCUITestDriver (v7.23.0) session
&amp#27;[38;5;16m[AppiumDriver@9722]&amp#27;[0m Checking BaseDriver versions for Appium and XCUITestDriver
&amp#27;[38;5;16m[AppiumDriver@9722]&amp#27;[0m Appium's BaseDriver version is 9.10.3
&amp#27;[38;5;16m[AppiumDriver@9722]&amp#27;[0m XCUITestDriver's BaseDriver version is 9.10.3
[debug] &amp#27;[38;5;32m[XCUITestDriver@c19b]&amp#27;[0m 
[debug] &amp#27;[38;5;32m[XCUITestDriver@c19b]&amp#27;[0m Creating session with W3C capabilities: {
  "alwaysMatch": {
    "platformName": "IOS",
    "appium:wdaLaunchTimeout": 20000,
    "appium:deviceName": "iPhone 14",
    "appium:automationName": "XCuiTest",
    "appium:app": "/Users/user/eclipse-workspace/AppiumFrameworkDesign//src/test//java//org//dandytech//testApps//UIKitCatalog.app",
    "appium:platformVersion": "16.2"
  },
  "firstMatch": [
    {}
  ]
}
&amp#27;[38;5;32m[XCUITestDriver@c19b]&amp#27;[0m Session created with session id: cd4a3e3d-09ca-4d4a-a856-a78ca81d9676
[debug] &amp#27;[38;5;48m[XCUITest]&amp#27;[0m Current user: 'user'
&amp#27;[38;5;32m[XCUITestDriver@c19b]&amp#27;[0m No real device udid has been provided in capabilities. Will select a matching simulator to run the test.
&amp#27;[38;5;32m[XCUITestDriver@c19b]&amp#27;[0m iOS SDK Version set to '16.2'
[debug] &amp#27;[38;5;32m[XCUITestDriver@c19b]&amp#27;[0m Looking for an existing Simulator with platformName: iOS, platformVersion: 16.2, deviceName: iPhone 14
&amp#27;[38;5;32m[XCUITestDriver@c19b]&amp#27;[0m Constructing iOS simulator for Xcode version 14.2 with udid '5C063285-8637-45A9-A51B-5A31FB51D6E4'
&amp#27;[38;5;32m[XCUITestDriver@c19b]&amp#27;[0m Determining device to run tests on: udid: '5C063285-8637-45A9-A51B-5A31FB51D6E4', real device: false
[debug] &amp#27;[38;5;32m[XCUITestDriver@c19b]&amp#27;[0m Event 'xcodeDetailsRetrieved' logged at 1721637404102 (09:36:44 GMT+0100 (West Africa Standard Time))
&amp#27;[38;5;64m[BaseDriver]&amp#27;[0m Using local app '/Users/user/eclipse-workspace/AppiumFrameworkDesign//src/test//java//org//dandytech//testApps//UIKitCatalog.app'
[debug] &amp#27;[38;5;32m[XCUITestDriver@c19b]&amp#27;[0m Caching the manifest for com.example.apple-samplecode.UICatalog app from a file source using the key 'e9d324ea0aa2f341a82de0b10e85ceb5cf604202'
[debug] &amp#27;[38;5;32m[XCUITestDriver@c19b]&amp#27;[0m Event 'appConfigured' logged at 1721637404119 (09:36:44 GMT+0100 (West Africa Standard Time))
[debug] &amp#27;[38;5;48m[XCUITest]&amp#27;[0m Checking whether app '/Users/user/eclipse-workspace/AppiumFrameworkDesign//src/test//java//org//dandytech//testApps//UIKitCatalog.app' is actually present on file system
[debug] &amp#27;[38;5;48m[XCUITest]&amp#27;[0m App is present
[debug] &amp#27;[38;5;32m[XCUITestDriver@c19b]&amp#27;[0m CFBundleIdentifier: "com.example.apple-samplecode.UICatalog"
[debug] &amp#27;[38;5;32m[XCUITestDriver@c19b]&amp#27;[0m Event 'resetStarted' logged at 1721637404121 (09:36:44 GMT+0100 (West Africa Standard Time))
[debug] &amp#27;[38;5;80m[simctl]&amp#27;[0m Error running 'terminate': An error was encountered processing the command (domain=NSPOSIXErrorDomain, code=3):
The operation couldn’t be completed. found nothing to terminate
found nothing to terminate
&amp#27;[38;5;32m[XCUITestDriver@c19b]&amp#27;[0m Reset: failed to terminate Simulator application with id "com.example.apple-samplecode.UICatalog"
&amp#27;[38;5;32m[XCUITestDriver@c19b]&amp#27;[0m Not scrubbing third party app in anticipation of uninstall
[debug] &amp#27;[38;5;32m[XCUITestDriver@c19b]&amp#27;[0m Event 'resetComplete' logged at 1721637404373 (09:36:44 GMT+0100 (West Africa Standard Time))
&amp#27;[38;5;32m[XCUITestDriver@c19b]&amp#27;[0m Using WDA path: '/Users/user/.appium/node_modules/appium-xcuitest-driver/node_modules/appium-webdriveragent'
&amp#27;[38;5;32m[XCUITestDriver@c19b]&amp#27;[0m Using WDA agent: '/Users/user/.appium/node_modules/appium-xcuitest-driver/node_modules/appium-webdriveragent/WebDriverAgent.xcodeproj'
[debug] &amp#27;[38;5;32m[XCUITestDriver@c19b]&amp#27;[0m Starting log capture for iOS Simulator with udid '5C063285-8637-45A9-A51B-5A31FB51D6E4' using simctl
[debug] &amp#27;[38;5;32m[XCUITestDriver@c19b]&amp#27;[0m Event 'logCaptureStarted' logged at 1721637404916 (09:36:44 GMT+0100 (West Africa Standard Time))
&amp#27;[38;5;32m[XCUITestDriver@c19b]&amp#27;[0m Setting up simulator
[debug] &amp#27;[38;5;32m[XCUITestDriver@c19b]&amp#27;[0m Setting preferences of 5C063285-8637-45A9-A51B-5A31FB51D6E4 Simulator to {"ConnectHardwareKeyboard":false}
[debug] &amp#27;[38;5;32m[XCUITestDriver@c19b]&amp#27;[0m Setting common Simulator preferences to {"RotateWindowWhenSignaledByGuest":true,"StartLastDeviceOnLaunch":false,"DetachOnWindowClose":false,"AttachBootedOnStart":true,"ConnectHardwareKeyboard":false,"PasteboardAutomaticSync":false}
[debug] &amp#27;[38;5;32m[XCUITestDriver@c19b]&amp#27;[0m Updated 5C063285-8637-45A9-A51B-5A31FB51D6E4 Simulator preferences at '/Users/user/Library/Preferences/com.apple.iphonesimulator.plist' with {"RotateWindowWhenSignaledByGuest":true,"StartLastDeviceOnLaunch":false,"DetachOnWindowClose":false,"AttachBootedOnStart":true,"ConnectHardwareKeyboard":false,"PasteboardAutomaticSync":false,"DevicePreferences":{"5C063285-8637-45A9-A51B-5A31FB51D6E4":{"SimulatorExternalDisplay":2114,"ConnectHardwareKeyboard":false,"SimulatorWindowOrientation":"Portrait","SimulatorWindowGeometry":{"0DDD4F1E-638D-41FF-AAF2-CC1F5A169C2C":{"WindowCenter":"{836.5, 556.5}","WindowScale":0.9842342342342343}},"SimulatorWindowRotationAngle":0,"ChromeTint":""}}}
[debug] &amp#27;[38;5;32m[XCUITestDriver@c19b]&amp#27;[0m Got Simulator UI client PID: 31688
&amp#27;[38;5;32m[XCUITestDriver@c19b]&amp#27;[0m Both Simulator with UDID '5C063285-8637-45A9-A51B-5A31FB51D6E4' and the UI client are currently running
[debug] &amp#27;[38;5;32m[XCUITestDriver@c19b]&amp#27;[0m Event 'simStarted' logged at 1721637405807 (09:36:45 GMT+0100 (West Africa Standard Time))
[debug] &amp#27;[38;5;32m[XCUITestDriver@c19b]&amp#27;[0m Verifying application platform
[debug] &amp#27;[38;5;32m[XCUITestDriver@c19b]&amp#27;[0m CFBundleSupportedPlatforms: ["iPhoneSimulator"]
[debug] &amp#27;[38;5;32m[XCUITestDriver@c19b]&amp#27;[0m CFBundleExecutable: "UIKitCatalog"
[debug] &amp#27;[38;5;32m[XCUITestDriver@c19b]&amp#27;[0m /Users/user/eclipse-workspace/AppiumFrameworkDesign/src/test/java/org/dandytech/testApps/UIKitCatalog.app/UIKitCatalog: Mach-O 64-bit executable x86_64
&amp#27;[38;5;32m[XCUITestDriver@c19b]&amp#27;[0m App 'com.example.apple-samplecode.UICatalog' is already installed
[debug] &amp#27;[38;5;32m[XCUITestDriver@c19b]&amp#27;[0m Reset requested. Removing app with id 'com.example.apple-samplecode.UICatalog' from the device
[debug] &amp#27;[38;5;32m[XCUITestDriver@c19b]&amp#27;[0m Installing '/Users/user/eclipse-workspace/AppiumFrameworkDesign//src/test//java//org//dandytech//testApps//UIKitCatalog.app' on Simulator with UUID '5C063285-8637-45A9-A51B-5A31FB51D6E4'...
&amp#27;[38;5;32m[XCUITestDriver@c19b]&amp#27;[0m The app has been successfully installed in 2831ms
[debug] &amp#27;[38;5;32m[XCUITestDriver@c19b]&amp#27;[0m Event 'appInstalled' logged at 1721637410645 (09:36:50 GMT+0100 (West Africa Standard Time))
[debug] &amp#27;[38;5;32m[XCUITestDriver@c19b]&amp#27;[0m No obsolete cached processes from previous WDA sessions listening on port 8100 have been found
&amp#27;[38;5;96m[DevCon Factory]&amp#27;[0m Requesting connection for device 5C063285-8637-45A9-A51B-5A31FB51D6E4 on local port 8100
[debug] &amp#27;[38;5;96m[DevCon Factory]&amp#27;[0m Cached connections count: 0
&amp#27;[38;5;96m[DevCon Factory]&amp#27;[0m Successfully requested the connection for 5C063285-8637-45A9-A51B-5A31FB51D6E4:8100
[debug] &amp#27;[38;5;32m[XCUITestDriver@c19b]&amp#27;[0m Starting WebDriverAgent initialization with the synchronization key 'XCUITestDriver'
[debug] &amp#27;[38;5;112m[WD Proxy]&amp#27;[0m Matched '/status' to command name 'getStatus'
[debug] &amp#27;[38;5;112m[WD Proxy]&amp#27;[0m Proxying [GET /status] to [GET http://127.0.0.1:8100/status] with no body
&amp#27;[38;5;112m[WD Proxy]&amp#27;[0m connect ECONNREFUSED 127.0.0.1:8100
[debug] &amp#27;[38;5;32m[XCUITestDriver@c19b]&amp#27;[0m WDA is not listening at 'http://127.0.0.1:8100/'. Original error:: An unknown server-side error occurred while processing the command. Original error: Could not proxy command to the remote server. Original error: connect ECONNREFUSED 127.0.0.1:8100
[debug] &amp#27;[38;5;32m[XCUITestDriver@c19b]&amp#27;[0m WDA is currently not running. There is nothing to cache
[debug] &amp#27;[38;5;32m[XCUITestDriver@c19b]&amp#27;[0m Trying to start WebDriverAgent 2 times with 10000ms interval
[debug] &amp#27;[38;5;32m[XCUITestDriver@c19b]&amp#27;[0m These values can be customized by changing wdaStartupRetries/wdaStartupRetryInterval capabilities
[debug] &amp#27;[38;5;32m[XCUITestDriver@c19b]&amp#27;[0m Event 'wdaStartAttempted' logged at 1721637411189 (09:36:51 GMT+0100 (West Africa Standard Time))
&amp#27;[38;5;32m[XCUITestDriver@c19b]&amp#27;[0m Launching WebDriverAgent on the device
&amp#27;[38;5;32m[XCUITestDriver@c19b]&amp#27;[0m There is no need to perform the project cleanup. A fresh install has been detected
[debug] &amp#27;[38;5;128m[WebDriverAgent]&amp#27;[0m Killing running processes 'xcodebuild.*5C063285-8637-45A9-A51B-5A31FB51D6E4, 5C063285-8637-45A9-A51B-5A31FB51D6E4.*XCTRunner, xctest.*5C063285-8637-45A9-A51B-5A31FB51D6E4' for the device 5C063285-8637-45A9-A51B-5A31FB51D6E4...
[debug] &amp#27;[38;5;128m[WebDriverAgent]&amp#27;[0m 'pgrep -if xctest.*5C063285-8637-45A9-A51B-5A31FB51D6E4' didn't detect any matching processes. Return code: 1
[debug] &amp#27;[38;5;128m[WebDriverAgent]&amp#27;[0m 'pgrep -if 5C063285-8637-45A9-A51B-5A31FB51D6E4.*XCTRunner' didn't detect any matching processes. Return code: 1
[debug] &amp#27;[38;5;128m[WebDriverAgent]&amp#27;[0m 'pgrep -if xcodebuild.*5C063285-8637-45A9-A51B-5A31FB51D6E4' didn't detect any matching processes. Return code: 1
[debug] &amp#27;[38;5;32m[XCUITestDriver@c19b]&amp#27;[0m Beginning test with command 'xcodebuild build-for-testing test-without-building -project /Users/user/.appium/node_modules/appium-xcuitest-driver/node_modules/appium-webdriveragent/WebDriverAgent.xcodeproj -scheme WebDriverAgentRunner -destination id=5C063285-8637-45A9-A51B-5A31FB51D6E4 IPHONEOS_DEPLOYMENT_TARGET=16.2 GCC_TREAT_WARNINGS_AS_ERRORS=0 COMPILER_INDEX_STORE_ENABLE=NO' in directory '/Users/user/.appium/node_modules/appium-xcuitest-driver/node_modules/appium-webdriveragent'
[debug] &amp#27;[38;5;32m[XCUITestDriver@c19b]&amp#27;[0m Output from xcodebuild will only be logged if any errors are present there. To change this, use 'showXcodeLog' desired capability
[debug] &amp#27;[38;5;32m[XCUITestDriver@c19b]&amp#27;[0m Waiting up to 20000ms for WebDriverAgent to start
[debug] &amp#27;[38;5;32m[XCUITestDriver@c19b]&amp#27;[0m Matched '/status' to command name 'getStatus'
[debug] &amp#27;[38;5;32m[XCUITestDriver@c19b]&amp#27;[0m Proxying [GET /status] to [GET http://127.0.0.1:8100/status] with no body
&amp#27;[38;5;32m[XCUITestDriver@c19b]&amp#27;[0m connect ECONNREFUSED 127.0.0.1:8100
[debug] &amp#27;[38;5;32m[XCUITestDriver@c19b]&amp#27;[0m Matched '/status' to command name 'getStatus'
[debug] &amp#27;[38;5;32m[XCUITestDriver@c19b]&amp#27;[0m Proxying [GET /status] to [GET http://127.0.0.1:8100/status] with no body
&amp#27;[38;5;32m[XCUITestDriver@c19b]&amp#27;[0m connect ECONNREFUSED 127.0.0.1:8100
[debug] &amp#27;[38;5;32m[XCUITestDriver@c19b]&amp#27;[0m Matched '/status' to command name 'getStatus'
[debug] &amp#27;[38;5;32m[XCUITestDriver@c19b]&amp#27;[0m Proxying [GET /status] to [GET http://127.0.0.1:8100/status] with no body
&amp#27;[38;5;32m[XCUITestDriver@c19b]&amp#27;[0m connect ECONNREFUSED 127.0.0.1:8100
[debug] &amp#27;[38;5;32m[XCUITestDriver@c19b]&amp#27;[0m Matched '/status' to command name 'getStatus'
[debug] &amp#27;[38;5;32m[XCUITestDriver@c19b]&amp#27;[0m Proxying [GET /status] to [GET http://127.0.0.1:8100/status] with no body
&amp#27;[38;5;32m[XCUITestDriver@c19b]&amp#27;[0m connect ECONNREFUSED 127.0.0.1:8100
[debug] &amp#27;[38;5;32m[XCUITestDriver@c19b]&amp#27;[0m Matched '/status' to command name 'getStatus'
[debug] &amp#27;[38;5;32m[XCUITestDriver@c19b]&amp#27;[0m Proxying [GET /status] to [GET http://127.0.0.1:8100/status] with no body
&amp#27;[38;5;32m[XCUITestDriver@c19b]&amp#27;[0m connect ECONNREFUSED 127.0.0.1:8100
[debug] &amp#27;[38;5;32m[XCUITestDriver@c19b]&amp#27;[0m Matched '/status' to command name 'getStatus'
[debug] &amp#27;[38;5;32m[XCUITestDriver@c19b]&amp#27;[0m Proxying [GET /status] to [GET http://127.0.0.1:8100/status] with no body
&amp#27;[38;5;32m[XCUITestDriver@c19b]&amp#27;[0m connect ECONNREFUSED 127.0.0.1:8100
[debug] &amp#27;[38;5;32m[XCUITestDriver@c19b]&amp#27;[0m Matched '/status' to command name 'getStatus'
[debug] &amp#27;[38;5;32m[XCUITestDriver@c19b]&amp#27;[0m Proxying [GET /status] to [GET http://127.0.0.1:8100/status] with no body
&amp#27;[38;5;32m[XCUITestDriver@c19b]&amp#27;[0m connect ECONNREFUSED 127.0.0.1:8100
[debug] &amp#27;[38;5;32m[XCUITestDriver@c19b]&amp#27;[0m Matched '/status' to command name 'getStatus'
[debug] &amp#27;[38;5;32m[XCUITestDriver@c19b]&amp#27;[0m Proxying [GET /status] to [GET http://127.0.0.1:8100/status] with no body
&amp#27;[38;5;32m[XCUITestDriver@c19b]&amp#27;[0m connect ECONNREFUSED 127.0.0.1:8100
[debug] &amp#27;[38;5;32m[XCUITestDriver@c19b]&amp#27;[0m Matched '/status' to command name 'getStatus'
[debug] &amp#27;[38;5;32m[XCUITestDriver@c19b]&amp#27;[0m Proxying [GET /status] to [GET http://127.0.0.1:8100/status] with no body
&amp#27;[38;5;32m[XCUITestDriver@c19b]&amp#27;[0m connect ECONNREFUSED 127.0.0.1:8100
[debug] &amp#27;[38;5;32m[XCUITestDriver@c19b]&amp#27;[0m Parsed BUILD_DIR configuration value: '/Users/user/Library/Developer/Xcode/DerivedData/WebDriverAgent-grkfbrzvpmnylxeyutthrhtnztqz/Build/Products'
[debug] &amp#27;[38;5;32m[XCUITestDriver@c19b]&amp#27;[0m Got derived data root: '/Users/user/Library/Developer/Xcode/DerivedData/WebDriverAgent-grkfbrzvpmnylxeyutthrhtnztqz'
[debug] &amp#27;[38;5;32m[XCUITestDriver@c19b]&amp#27;[0m Matched '/status' to command name 'getStatus'
[debug] &amp#27;[38;5;32m[XCUITestDriver@c19b]&amp#27;[0m Proxying [GET /status] to [GET http://127.0.0.1:8100/status] with no body
&amp#27;[38;5;32m[XCUITestDriver@c19b]&amp#27;[0m connect ECONNREFUSED 127.0.0.1:8100
[debug] &amp#27;[38;5;32m[XCUITestDriver@c19b]&amp#27;[0m Matched '/status' to command name 'getStatus'
[debug] &amp#27;[38;5;32m[XCUITestDriver@c19b]&amp#27;[0m Proxying [GET /status] to [GET http://127.0.0.1:8100/status] with no body
&amp#27;[38;5;32m[XCUITestDriver@c19b]&amp#27;[0m connect ECONNREFUSED 127.0.0.1:8100
[debug] &amp#27;[38;5;32m[XCUITestDriver@c19b]&amp#27;[0m Matched '/status' to command name 'getStatus'
[debug] &amp#27;[38;5;32m[XCUITestDriver@c19b]&amp#27;[0m Proxying [GET /status] to [GET http://127.0.0.1:8100/status] with no body
&amp#27;[38;5;32m[XCUITestDriver@c19b]&amp#27;[0m connect ECONNREFUSED 127.0.0.1:8100
[debug] &amp#27;[38;5;32m[XCUITestDriver@c19b]&amp#27;[0m Matched '/status' to command name 'getStatus'
[debug] &amp#27;[38;5;32m[XCUITestDriver@c19b]&amp#27;[0m Proxying [GET /status] to [GET http://127.0.0.1:8100/status] with no body
&amp#27;[38;5;32m[XCUITestDriver@c19b]&amp#27;[0m connect ECONNREFUSED 127.0.0.1:8100
[debug] &amp#27;[38;5;32m[XCUITestDriver@c19b]&amp#27;[0m Matched '/status' to command name 'getStatus'
[debug] &amp#27;[38;5;32m[XCUITestDriver@c19b]&amp#27;[0m Proxying [GET /status] to [GET http://127.0.0.1:8100/status] with no body
&amp#27;[38;5;32m[XCUITestDriver@c19b]&amp#27;[0m connect ECONNREFUSED 127.0.0.1:8100
[debug] &amp#27;[38;5;32m[XCUITestDriver@c19b]&amp#27;[0m Matched '/status' to command name 'getStatus'
[debug] &amp#27;[38;5;32m[XCUITestDriver@c19b]&amp#27;[0m Proxying [GET /status] to [GET http://127.0.0.1:8100/status] with no body
&amp#27;[38;5;32m[XCUITestDriver@c19b]&amp#27;[0m connect ECONNREFUSED 127.0.0.1:8100
[debug] &amp#27;[38;5;32m[XCUITestDriver@c19b]&amp#27;[0m Matched '/status' to command name 'getStatus'
[debug] &amp#27;[38;5;32m[XCUITestDriver@c19b]&amp#27;[0m Proxying [GET /status] to [GET http://127.0.0.1:8100/status] with no body
&amp#27;[38;5;32m[XCUITestDriver@c19b]&amp#27;[0m connect ECONNREFUSED 127.0.0.1:8100
[debug] &amp#27;[38;5;32m[XCUITestDriver@c19b]&amp#27;[0m Matched '/status' to command name 'getStatus'
[debug] &amp#27;[38;5;32m[XCUITestDriver@c19b]&amp#27;[0m Proxying [GET /status] to [GET http://127.0.0.1:8100/status] with no body
&amp#27;[38;5;32m[XCUITestDriver@c19b]&amp#27;[0m connect ECONNREFUSED 127.0.0.1:8100
[debug] &amp#27;[38;5;32m[XCUITestDriver@c19b]&amp#27;[0m Matched '/status' to command name 'getStatus'
[debug] &amp#27;[38;5;32m[XCUITestDriver@c19b]&amp#27;[0m Proxying [GET /status] to [GET http://127.0.0.1:8100/status] with no body
&amp#27;[38;5;32m[XCUITestDriver@c19b]&amp#27;[0m connect ECONNREFUSED 127.0.0.1:8100
[debug] &amp#27;[38;5;32m[XCUITestDriver@c19b]&amp#27;[0m Matched '/status' to command name 'getStatus'
[debug] &amp#27;[38;5;32m[XCUITestDriver@c19b]&amp#27;[0m Proxying [GET /status] to [GET http://127.0.0.1:8100/status] with no body
&amp#27;[38;5;32m[XCUITestDriver@c19b]&amp#27;[0m connect ECONNREFUSED 127.0.0.1:8100
[debug] &amp#27;[38;5;32m[XCUITestDriver@c19b]&amp#27;[0m Matched '/status' to command name 'getStatus'
[debug] &amp#27;[38;5;32m[XCUITestDriver@c19b]&amp#27;[0m Proxying [GET /status] to [GET http://127.0.0.1:8100/status] with no body
&amp#27;[38;5;32m[XCUITestDriver@c19b]&amp#27;[0m connect ECONNREFUSED 127.0.0.1:8100
[debug] &amp#27;[38;5;32m[XCUITestDriver@c19b]&amp#27;[0m Matched '/status' to command name 'getStatus'
[debug] &amp#27;[38;5;32m[XCUITestDriver@c19b]&amp#27;[0m Proxying [GET /status] to [GET http://127.0.0.1:8100/status] with no body
&amp#27;[38;5;32m[XCUITestDriver@c19b]&amp#27;[0m connect ECONNREFUSED 127.0.0.1:8100
[debug] &amp#27;[38;5;32m[XCUITestDriver@c19b]&amp#27;[0m Matched '/status' to command name 'getStatus'
[debug] &amp#27;[38;5;32m[XCUITestDriver@c19b]&amp#27;[0m Proxying [GET /status] to [GET http://127.0.0.1:8100/status] with no body
&amp#27;[38;5;32m[XCUITestDriver@c19b]&amp#27;[0m connect ECONNREFUSED 127.0.0.1:8100
[debug] &amp#27;[38;5;32m[XCUITestDriver@c19b]&amp#27;[0m Matched '/status' to command name 'getStatus'
[debug] &amp#27;[38;5;32m[XCUITestDriver@c19b]&amp#27;[0m Proxying [GET /status] to [GET http://127.0.0.1:8100/status] with no body
[debug] &amp#27;[38;5;32m[XCUITestDriver@c19b]&amp#27;[0m Got response with status 200: {"value":{"build":{"upgradedAt":"1720462103272","version":"8.7.6","time":"Jul 17 2024 19:07:19","productBundleIdentifier":"com.facebook.WebDriverAgentRunner"},"os":{"testmanagerdVersion":28,"name":"iOS","sdkVersion":"16.1","version":"16.2"},"device":"iphone","ios":{"simulatorVersion":"16.2","ip":"192.168.0.10"},"message":"WebDriverAgent is ready to accept commands","state":"success","ready":true},"sessionId":null}
[debug] &amp#27;[38;5;32m[XCUITestDriver@c19b]&amp#27;[0m WebDriverAgent information:
[debug] &amp#27;[38;5;32m[XCUITestDriver@c19b]&amp#27;[0m {
  "build": {
    "upgradedAt": "1720462103272",
    "version": "8.7.6",
    "time": "Jul 17 2024 19:07:19",
    "productBundleIdentifier": "com.facebook.WebDriverAgentRunner"
  },
  "os": {
    "testmanagerdVersion": 28,
    "name": "iOS",
    "sdkVersion": "16.1",
    "version": "16.2"
  },
  "device": "iphone",
  "ios": {
    "simulatorVersion": "16.2",
    "ip": "192.168.0.10"
  },
  "message": "WebDriverAgent is ready to accept commands",
  "state": "success",
  "ready": true
}
[debug] &amp#27;[38;5;32m[XCUITestDriver@c19b]&amp#27;[0m WebDriverAgent successfully started after 23492ms
[debug] &amp#27;[38;5;32m[XCUITestDriver@c19b]&amp#27;[0m Event 'wdaSessionAttempted' logged at 1721637434895 (09:37:14 GMT+0100 (West Africa Standard Time))
[debug] &amp#27;[38;5;32m[XCUITestDriver@c19b]&amp#27;[0m Sending createSession command to WDA
[debug] &amp#27;[38;5;32m[XCUITestDriver@c19b]&amp#27;[0m Matched '/session' to command name 'createSession'
[debug] &amp#27;[38;5;32m[XCUITestDriver@c19b]&amp#27;[0m Proxying [POST /session] to [POST http://127.0.0.1:8100/session] with body: {"capabilities":{"firstMatch":[{"bundleId":"com.example.apple-samplecode.UICatalog","arguments":[],"environment":{},"eventloopIdleDelaySec":0,"shouldWaitForQuiescence":true,"shouldUseTestManagerForVisibilityDetection":false,"maxTypingFrequency":60,"shouldUseSingletonTestManager":true,"shouldTerminateApp":true,"forceAppLaunch":true,"useNativeCachingStrategy":true,"forceSimulatorSoftwareKeyboardPresence":true}],"alwaysMatch":{}}}
[debug] &amp#27;[38;5;32m[XCUITestDriver@c19b]&amp#27;[0m Got response with status 200: {"value":{"sessionId":"0CB8DFF6-8046-4B09-B118-589ABD5DD86B","capabilities":{"sdkVersion":"16.2","device":"iphone"}},"sessionId":"0CB8DFF6-8046-4B09-B118-589ABD5DD86B"}
&amp#27;[38;5;32m[XCUITestDriver@c19b]&amp#27;[0m Determined the downstream protocol as 'W3C'
&amp#27;[38;5;32m[XCUITestDriver@c19b]&amp#27;[0m WDA session startup took 2417ms
[debug] &amp#27;[38;5;32m[XCUITestDriver@c19b]&amp#27;[0m Event 'wdaSessionStarted' logged at 1721637437312 (09:37:17 GMT+0100 (West Africa Standard Time))
[debug] &amp#27;[38;5;32m[XCUITestDriver@c19b]&amp#27;[0m Event 'wdaStarted' logged at 1721637437313 (09:37:17 GMT+0100 (West Africa Standard Time))
[debug] &amp#27;[38;5;64m[BaseDriver]&amp#27;[0m The value of 'elementResponseAttributes' setting did not change. Skipping the update for it
[debug] &amp#27;[38;5;64m[BaseDriver]&amp#27;[0m The value of 'shouldUseCompactResponses' setting did not change. Skipping the update for it
&amp#27;[38;5;16m[AppiumDriver@9722]&amp#27;[0m New XCUITestDriver session created successfully, session cd4a3e3d-09ca-4d4a-a856-a78ca81d9676 added to master session list
[debug] &amp#27;[38;5;16m[AppiumDriver@9722]&amp#27;[0m Event 'newSessionStarted' logged at 1721637437315 (09:37:17 GMT+0100 (West Africa Standard Time))
[debug] &amp#27;[38;5;32m[XCUITestDriver@c19b]&amp#27;[0m Cached the protocol value 'W3C' for the new session cd4a3e3d-09ca-4d4a-a856-a78ca81d9676
[debug] &amp#27;[38;5;32m[XCUITestDriver@c19b]&amp#27;[0m Responding to client with driver.createSession() result: {"capabilities":{"webStorageEnabled":false,"locationContextEnabled":false,"browserName":"","platform":"MAC","javascriptEnabled":true,"databaseEnabled":false,"takesScreenshot":true,"networkConnectionEnabled":false,"platformName":"IOS","wdaLaunchTimeout":20000,"deviceName":"iPhone 14","automationName":"XCuiTest","app":"/Users/user/eclipse-workspace/AppiumFrameworkDesign//src/test//java//org//dandytech//testApps//UIKitCatalog.app","platformVersion":"16.2","udid":"5C063285-8637-45A9-A51B-5A31FB51D6E4"}}
&amp#27;[38;5;0m[HTTP]&amp#27;[0m <-- POST /session 200 34050 ms - 565 
&amp#27;[38;5;0m[HTTP]&amp#27;[0m &amp#27;[37m-->&amp#27;[39m &amp#27;[37mPOST&amp#27;[39m &amp#27;[37m/session/cd4a3e3d-09ca-4d4a-a856-a78ca81d9676/timeouts&amp#27;[39m {"implicit":10000}
[debug] &amp#27;[38;5;32m[XCUITestDriver@c19b]&amp#27;[0m Calling AppiumDriver.timeouts() with args: [null,null,null,null,10000,"cd4a3e3d-09ca-4d4a-a856-a78ca81d9676"]
[debug] &amp#27;[38;5;32m[XCUITestDriver@c19b]&amp#27;[0m Executing command 'timeouts'
[debug] &amp#27;[38;5;32m[XCUITestDriver@c19b]&amp#27;[0m W3C timeout argument: {"implicit":10000}}
[debug] &amp#27;[38;5;32m[XCUITestDriver@c19b]&amp#27;[0m Set implicit wait to 10000ms
[debug] &amp#27;[38;5;32m[XCUITestDriver@c19b]&amp#27;[0m Responding to client with driver.timeouts() result: null
&amp#27;[38;5;0m[HTTP]&amp#27;[0m <-- POST /session/cd4a3e3d-09ca-4d4a-a856-a78ca81d9676/timeouts 200 3 ms - 14 
&amp#27;[38;5;0m[HTTP]&amp#27;[0m &amp#27;[37m-->&amp#27;[39m &amp#27;[37mGET&amp#27;[39m &amp#27;[37m/session/cd4a3e3d-09ca-4d4a-a856-a78ca81d9676/context&amp#27;[39m {}
[debug] &amp#27;[38;5;32m[XCUITestDriver@c19b]&amp#27;[0m Calling AppiumDriver.getCurrentContext() with args: ["cd4a3e3d-09ca-4d4a-a856-a78ca81d9676"]
[debug] &amp#27;[38;5;32m[XCUITestDriver@c19b]&amp#27;[0m Executing command 'getCurrentContext'
[debug] &amp#27;[38;5;32m[XCUITestDriver@c19b]&amp#27;[0m Responding to client with driver.getCurrentContext() result: "NATIVE_APP"
&amp#27;[38;5;0m[HTTP]&amp#27;[0m <-- GET /session/cd4a3e3d-09ca-4d4a-a856-a78ca81d9676/context 200 5 ms - 22 
&amp#27;[38;5;0m[HTTP]&amp#27;[0m &amp#27;[37m-->&amp#27;[39m &amp#27;[37mPOST&amp#27;[39m &amp#27;[37m/session/cd4a3e3d-09ca-4d4a-a856-a78ca81d9676/element&amp#27;[39m {"using":"accessibility id","value":"Alert Views"}
[debug] &amp#27;[38;5;32m[XCUITestDriver@c19b]&amp#27;[0m Calling AppiumDriver.findElement() with args: ["accessibility id","Alert Views","cd4a3e3d-09ca-4d4a-a856-a78ca81d9676"]
[debug] &amp#27;[38;5;32m[XCUITestDriver@c19b]&amp#27;[0m Executing command 'findElement'
[debug] &amp#27;[38;5;32m[XCUITestDriver@c19b]&amp#27;[0m Valid locator strategies for this request: xpath, id, name, class name, -ios predicate string, -ios class chain, accessibility id, css selector
[debug] &amp#27;[38;5;32m[XCUITestDriver@c19b]&amp#27;[0m Waiting up to 10000 ms for condition
[debug] &amp#27;[38;5;32m[XCUITestDriver@c19b]&amp#27;[0m Matched '/element' to command name 'findElement'
[debug] &amp#27;[38;5;32m[XCUITestDriver@c19b]&amp#27;[0m Proxying [POST /element] to [POST http://127.0.0.1:8100/session/0CB8DFF6-8046-4B09-B118-589ABD5DD86B/element] with body: {"using":"accessibility id","value":"Alert Views"}
[debug] &amp#27;[38;5;32m[XCUITestDriver@c19b]&amp#27;[0m Got response with status 200: {"value":{"ELEMENT":"29000000-0000-0000-C27E-000000000000","element-6066-11e4-a52e-4f735466cecf":"29000000-0000-0000-C27E-000000000000"},"sessionId":"0CB8DFF6-8046-4B09-B118-589ABD5DD86B"}
[debug] &amp#27;[38;5;32m[XCUITestDriver@c19b]&amp#27;[0m Responding to client with driver.findElement() result: {"element-6066-11e4-a52e-4f735466cecf":"29000000-0000-0000-C27E-000000000000","ELEMENT":"29000000-0000-0000-C27E-000000000000"}
&amp#27;[38;5;0m[HTTP]&amp#27;[0m <-- POST /session/cd4a3e3d-09ca-4d4a-a856-a78ca81d9676/element 200 521 ms - 137 
&amp#27;[38;5;0m[HTTP]&amp#27;[0m &amp#27;[37m-->&amp#27;[39m &amp#27;[37mPOST&amp#27;[39m &amp#27;[37m/session/cd4a3e3d-09ca-4d4a-a856-a78ca81d9676/element/29000000-0000-0000-C27E-000000000000/click&amp#27;[39m {"id":"29000000-0000-0000-C27E-000000000000"}
&amp#27;[38;5;32m[XCUITestDriver@c19b]&amp#27;[0m Driver proxy active, passing request on via HTTP proxy
[debug] &amp#27;[38;5;32m[XCUITestDriver@c19b]&amp#27;[0m Executing command 'proxyReqRes'
[debug] &amp#27;[38;5;32m[XCUITestDriver@c19b]&amp#27;[0m Matched '/session/cd4a3e3d-09ca-4d4a-a856-a78ca81d9676/element/29000000-0000-0000-C27E-000000000000/click' to command name 'click'
[debug] &amp#27;[38;5;32m[XCUITestDriver@c19b]&amp#27;[0m Proxying [POST /session/cd4a3e3d-09ca-4d4a-a856-a78ca81d9676/element/29000000-0000-0000-C27E-000000000000/click] to [POST http://127.0.0.1:8100/session/0CB8DFF6-8046-4B09-B118-589ABD5DD86B/element/29000000-0000-0000-C27E-000000000000/click] with body: {"id":"29000000-0000-0000-C27E-000000000000"}
[debug] &amp#27;[38;5;32m[XCUITestDriver@c19b]&amp#27;[0m Got response with status 200: {"value":null,"sessionId":"0CB8DFF6-8046-4B09-B118-589ABD5DD86B"}
&amp#27;[38;5;32m[XCUITestDriver@c19b]&amp#27;[0m Replacing sessionId 0CB8DFF6-8046-4B09-B118-589ABD5DD86B with cd4a3e3d-09ca-4d4a-a856-a78ca81d9676
&amp#27;[38;5;0m[HTTP]&amp#27;[0m <-- POST /session/cd4a3e3d-09ca-4d4a-a856-a78ca81d9676/element/29000000-0000-0000-C27E-000000000000/click 200 1296 ms - 65 
&amp#27;[38;5;0m[HTTP]&amp#27;[0m &amp#27;[37m-->&amp#27;[39m &amp#27;[37mGET&amp#27;[39m &amp#27;[37m/session/cd4a3e3d-09ca-4d4a-a856-a78ca81d9676/context&amp#27;[39m {}
[debug] &amp#27;[38;5;32m[XCUITestDriver@c19b]&amp#27;[0m Calling AppiumDriver.getCurrentContext() with args: ["cd4a3e3d-09ca-4d4a-a856-a78ca81d9676"]
[debug] &amp#27;[38;5;32m[XCUITestDriver@c19b]&amp#27;[0m Executing command 'getCurrentContext'
[debug] &amp#27;[38;5;32m[XCUITestDriver@c19b]&amp#27;[0m Responding to client with driver.getCurrentContext() result: "NATIVE_APP"
&amp#27;[38;5;0m[HTTP]&amp#27;[0m <-- GET /session/cd4a3e3d-09ca-4d4a-a856-a78ca81d9676/context 200 4 ms - 22 
&amp#27;[38;5;0m[HTTP]&amp#27;[0m &amp#27;[37m-->&amp#27;[39m &amp#27;[37mPOST&amp#27;[39m &amp#27;[37m/session/cd4a3e3d-09ca-4d4a-a856-a78ca81d9676/element&amp#27;[39m {"using":"-ios class chain","value":"**/XCUIElementTypeStaticText[`label == 'Text Entry'`]"}
[debug] &amp#27;[38;5;32m[XCUITestDriver@c19b]&amp#27;[0m Calling AppiumDriver.findElement() with args: ["-ios class chain","**/XCUIElementTypeStaticText[`label == 'Text Entry'`]","cd4a3e3d-09ca-4d4a-a856-a78ca81d9676"]
[debug] &amp#27;[38;5;32m[XCUITestDriver@c19b]&amp#27;[0m Executing command 'findElement'
[debug] &amp#27;[38;5;32m[XCUITestDriver@c19b]&amp#27;[0m Valid locator strategies for this request: xpath, id, name, class name, -ios predicate string, -ios class chain, accessibility id, css selector
[debug] &amp#27;[38;5;32m[XCUITestDriver@c19b]&amp#27;[0m Waiting up to 10000 ms for condition
[debug] &amp#27;[38;5;32m[XCUITestDriver@c19b]&amp#27;[0m Matched '/element' to command name 'findElement'
[debug] &amp#27;[38;5;32m[XCUITestDriver@c19b]&amp#27;[0m Proxying [POST /element] to [POST http://127.0.0.1:8100/session/0CB8DFF6-8046-4B09-B118-589ABD5DD86B/element] with body: {"using":"class chain","value":"**/XCUIElementTypeStaticText[`label == 'Text Entry'`]"}
[debug] &amp#27;[38;5;32m[XCUITestDriver@c19b]&amp#27;[0m Got response with status 200: {"value":{"ELEMENT":"BB000000-0000-0000-C27E-000000000000","element-6066-11e4-a52e-4f735466cecf":"BB000000-0000-0000-C27E-000000000000"},"sessionId":"0CB8DFF6-8046-4B09-B118-589ABD5DD86B"}
[debug] &amp#27;[38;5;32m[XCUITestDriver@c19b]&amp#27;[0m Responding to client with driver.findElement() result: {"element-6066-11e4-a52e-4f735466cecf":"BB000000-0000-0000-C27E-000000000000","ELEMENT":"BB000000-0000-0000-C27E-000000000000"}
&amp#27;[38;5;0m[HTTP]&amp#27;[0m <-- POST /session/cd4a3e3d-09ca-4d4a-a856-a78ca81d9676/element 200 218 ms - 137 
&amp#27;[38;5;0m[HTTP]&amp#27;[0m &amp#27;[37m-->&amp#27;[39m &amp#27;[37mPOST&amp#27;[39m &amp#27;[37m/session/cd4a3e3d-09ca-4d4a-a856-a78ca81d9676/element/BB000000-0000-0000-C27E-000000000000/click&amp#27;[39m {"id":"BB000000-0000-0000-C27E-000000000000"}
&amp#27;[38;5;32m[XCUITestDriver@c19b]&amp#27;[0m Driver proxy active, passing request on via HTTP proxy
[debug] &amp#27;[38;5;32m[XCUITestDriver@c19b]&amp#27;[0m Executing command 'proxyReqRes'
[debug] &amp#27;[38;5;32m[XCUITestDriver@c19b]&amp#27;[0m Matched '/session/cd4a3e3d-09ca-4d4a-a856-a78ca81d9676/element/BB000000-0000-0000-C27E-000000000000/click' to command name 'click'
[debug] &amp#27;[38;5;32m[XCUITestDriver@c19b]&amp#27;[0m Proxying [POST /session/cd4a3e3d-09ca-4d4a-a856-a78ca81d9676/element/BB000000-0000-0000-C27E-000000000000/click] to [POST http://127.0.0.1:8100/session/0CB8DFF6-8046-4B09-B118-589ABD5DD86B/element/BB000000-0000-0000-C27E-000000000000/click] with body: {"id":"BB000000-0000-0000-C27E-000000000000"}
[debug] &amp#27;[38;5;32m[XCUITestDriver@c19b]&amp#27;[0m Got response with status 200: {"value":null,"sessionId":"0CB8DFF6-8046-4B09-B118-589ABD5DD86B"}
&amp#27;[38;5;32m[XCUITestDriver@c19b]&amp#27;[0m Replacing sessionId 0CB8DFF6-8046-4B09-B118-589ABD5DD86B with cd4a3e3d-09ca-4d4a-a856-a78ca81d9676
&amp#27;[38;5;0m[HTTP]&amp#27;[0m <-- POST /session/cd4a3e3d-09ca-4d4a-a856-a78ca81d9676/element/BB000000-0000-0000-C27E-000000000000/click 200 813 ms - 65 
&amp#27;[38;5;0m[HTTP]&amp#27;[0m &amp#27;[37m-->&amp#27;[39m &amp#27;[37mGET&amp#27;[39m &amp#27;[37m/session/cd4a3e3d-09ca-4d4a-a856-a78ca81d9676/context&amp#27;[39m {}
[debug] &amp#27;[38;5;32m[XCUITestDriver@c19b]&amp#27;[0m Calling AppiumDriver.getCurrentContext() with args: ["cd4a3e3d-09ca-4d4a-a856-a78ca81d9676"]
[debug] &amp#27;[38;5;32m[XCUITestDriver@c19b]&amp#27;[0m Executing command 'getCurrentContext'
[debug] &amp#27;[38;5;32m[XCUITestDriver@c19b]&amp#27;[0m Responding to client with driver.getCurrentContext() result: "NATIVE_APP"
&amp#27;[38;5;0m[HTTP]&amp#27;[0m <-- GET /session/cd4a3e3d-09ca-4d4a-a856-a78ca81d9676/context 200 4 ms - 22 
&amp#27;[38;5;0m[HTTP]&amp#27;[0m &amp#27;[37m-->&amp#27;[39m &amp#27;[37mPOST&amp#27;[39m &amp#27;[37m/session/cd4a3e3d-09ca-4d4a-a856-a78ca81d9676/element&amp#27;[39m {"using":"-ios class chain","value":"**/XCUIElementTypeStaticText[`label == 'Text Entry'`]"}
[debug] &amp#27;[38;5;32m[XCUITestDriver@c19b]&amp#27;[0m Calling AppiumDriver.findElement() with args: ["-ios class chain","**/XCUIElementTypeStaticText[`label == 'Text Entry'`]","cd4a3e3d-09ca-4d4a-a856-a78ca81d9676"]
[debug] &amp#27;[38;5;32m[XCUITestDriver@c19b]&amp#27;[0m Executing command 'findElement'
[debug] &amp#27;[38;5;32m[XCUITestDriver@c19b]&amp#27;[0m Valid locator strategies for this request: xpath, id, name, class name, -ios predicate string, -ios class chain, accessibility id, css selector
[debug] &amp#27;[38;5;32m[XCUITestDriver@c19b]&amp#27;[0m Waiting up to 10000 ms for condition
[debug] &amp#27;[38;5;32m[XCUITestDriver@c19b]&amp#27;[0m Matched '/element' to command name 'findElement'
[debug] &amp#27;[38;5;32m[XCUITestDriver@c19b]&amp#27;[0m Proxying [POST /element] to [POST http://127.0.0.1:8100/session/0CB8DFF6-8046-4B09-B118-589ABD5DD86B/element] with body: {"using":"class chain","value":"**/XCUIElementTypeStaticText[`label == 'Text Entry'`]"}
[debug] &amp#27;[38;5;32m[XCUITestDriver@c19b]&amp#27;[0m Got response with status 200: {"value":{"ELEMENT":"BB000000-0000-0000-C27E-000000000000","element-6066-11e4-a52e-4f735466cecf":"BB000000-0000-0000-C27E-000000000000"},"sessionId":"0CB8DFF6-8046-4B09-B118-589ABD5DD86B"}
[debug] &amp#27;[38;5;32m[XCUITestDriver@c19b]&amp#27;[0m Responding to client with driver.findElement() result: {"element-6066-11e4-a52e-4f735466cecf":"BB000000-0000-0000-C27E-000000000000","ELEMENT":"BB000000-0000-0000-C27E-000000000000"}
&amp#27;[38;5;0m[HTTP]&amp#27;[0m <-- POST /session/cd4a3e3d-09ca-4d4a-a856-a78ca81d9676/element 200 1076 ms - 137 
&amp#27;[38;5;0m[HTTP]&amp#27;[0m &amp#27;[37m-->&amp#27;[39m &amp#27;[37mPOST&amp#27;[39m &amp#27;[37m/session/cd4a3e3d-09ca-4d4a-a856-a78ca81d9676/element/BB000000-0000-0000-C27E-000000000000/value&amp#27;[39m {"id":"BB000000-0000-0000-C27E-000000000000","value":["H","e","l","l","o"," ","G","u","y","s",","," ","H","a","p","p","y"," ","C","o","d","i","n","g","!","!","!"],"text":"Hello Guys, Happy Coding!!!"}
[debug] &amp#27;[38;5;32m[XCUITestDriver@c19b]&amp#27;[0m Calling AppiumDriver.setValue() with args: [["H","e","l","l","o"," ","G","u","y","s",","," ","H","a","p","p","y"," ","C","o","d","i","n","g","!","!","!"],"BB000000-0000-0000-C27E-000000000000","cd4a3e3d-09ca-4d4a-a856-a78ca81d9676"]
[debug] &amp#27;[38;5;32m[XCUITestDriver@c19b]&amp#27;[0m Executing command 'setValue'
[debug] &amp#27;[38;5;32m[XCUITestDriver@c19b]&amp#27;[0m Matched '/element/BB000000-0000-0000-C27E-000000000000/value' to command name 'setValue'
[debug] &amp#27;[38;5;32m[XCUITestDriver@c19b]&amp#27;[0m Added 'text' property "Hello Guys, Happy Coding!!!" to 'setValue' request body
[debug] &amp#27;[38;5;32m[XCUITestDriver@c19b]&amp#27;[0m Proxying [POST /element/BB000000-0000-0000-C27E-000000000000/value] to [POST http://127.0.0.1:8100/session/0CB8DFF6-8046-4B09-B118-589ABD5DD86B/element/BB000000-0000-0000-C27E-000000000000/value] with body: {"value":["H","e","l","l","o"," ","G","u","y","s",","," ","H","a","p","p","y"," ","C","o","d","i","n","g","!","!","!"],"text":"Hello Guys, Happy Coding!!!"}
[debug] &amp#27;[38;5;32m[XCUITestDriver@c19b]&amp#27;[0m Got response with status 200: {"value":null,"sessionId":"0CB8DFF6-8046-4B09-B118-589ABD5DD86B"}
[debug] &amp#27;[38;5;32m[XCUITestDriver@c19b]&amp#27;[0m Responding to client with driver.setValue() result: null
&amp#27;[38;5;0m[HTTP]&amp#27;[0m <-- POST /session/cd4a3e3d-09ca-4d4a-a856-a78ca81d9676/element/BB000000-0000-0000-C27E-000000000000/value 200 1999 ms - 14 
&amp#27;[38;5;0m[HTTP]&amp#27;[0m &amp#27;[37m-->&amp#27;[39m &amp#27;[37mGET&amp#27;[39m &amp#27;[37m/session/cd4a3e3d-09ca-4d4a-a856-a78ca81d9676/context&amp#27;[39m {}
[debug] &amp#27;[38;5;32m[XCUITestDriver@c19b]&amp#27;[0m Calling AppiumDriver.getCurrentContext() with args: ["cd4a3e3d-09ca-4d4a-a856-a78ca81d9676"]
[debug] &amp#27;[38;5;32m[XCUITestDriver@c19b]&amp#27;[0m Executing command 'getCurrentContext'
[debug] &amp#27;[38;5;32m[XCUITestDriver@c19b]&amp#27;[0m Responding to client with driver.getCurrentContext() result: "NATIVE_APP"
&amp#27;[38;5;0m[HTTP]&amp#27;[0m <-- GET /session/cd4a3e3d-09ca-4d4a-a856-a78ca81d9676/context 200 1 ms - 22 
&amp#27;[38;5;0m[HTTP]&amp#27;[0m &amp#27;[37m-->&amp#27;[39m &amp#27;[37mPOST&amp#27;[39m &amp#27;[37m/session/cd4a3e3d-09ca-4d4a-a856-a78ca81d9676/element&amp#27;[39m {"using":"accessibility id","value":"OK"}
[debug] &amp#27;[38;5;32m[XCUITestDriver@c19b]&amp#27;[0m Calling AppiumDriver.findElement() with args: ["accessibility id","OK","cd4a3e3d-09ca-4d4a-a856-a78ca81d9676"]
[debug] &amp#27;[38;5;32m[XCUITestDriver@c19b]&amp#27;[0m Executing command 'findElement'
[debug] &amp#27;[38;5;32m[XCUITestDriver@c19b]&amp#27;[0m Valid locator strategies for this request: xpath, id, name, class name, -ios predicate string, -ios class chain, accessibility id, css selector
[debug] &amp#27;[38;5;32m[XCUITestDriver@c19b]&amp#27;[0m Waiting up to 10000 ms for condition
[debug] &amp#27;[38;5;32m[XCUITestDriver@c19b]&amp#27;[0m Matched '/element' to command name 'findElement'
[debug] &amp#27;[38;5;32m[XCUITestDriver@c19b]&amp#27;[0m Proxying [POST /element] to [POST http://127.0.0.1:8100/session/0CB8DFF6-8046-4B09-B118-589ABD5DD86B/element] with body: {"using":"accessibility id","value":"OK"}
[debug] &amp#27;[38;5;32m[XCUITestDriver@c19b]&amp#27;[0m Got response with status 200: {"value":{"ELEMENT":"2B010000-0000-0000-C27E-000000000000","element-6066-11e4-a52e-4f735466cecf":"2B010000-0000-0000-C27E-000000000000"},"sessionId":"0CB8DFF6-8046-4B09-B118-589ABD5DD86B"}
[debug] &amp#27;[38;5;32m[XCUITestDriver@c19b]&amp#27;[0m Responding to client with driver.findElement() result: {"element-6066-11e4-a52e-4f735466cecf":"2B010000-0000-0000-C27E-000000000000","ELEMENT":"2B010000-0000-0000-C27E-000000000000"}
&amp#27;[38;5;0m[HTTP]&amp#27;[0m <-- POST /session/cd4a3e3d-09ca-4d4a-a856-a78ca81d9676/element 200 429 ms - 137 
&amp#27;[38;5;0m[HTTP]&amp#27;[0m &amp#27;[37m-->&amp#27;[39m &amp#27;[37mPOST&amp#27;[39m &amp#27;[37m/session/cd4a3e3d-09ca-4d4a-a856-a78ca81d9676/element/2B010000-0000-0000-C27E-000000000000/click&amp#27;[39m {"id":"2B010000-0000-0000-C27E-000000000000"}
&amp#27;[38;5;32m[XCUITestDriver@c19b]&amp#27;[0m Driver proxy active, passing request on via HTTP proxy
[debug] &amp#27;[38;5;32m[XCUITestDriver@c19b]&amp#27;[0m Executing command 'proxyReqRes'
[debug] &amp#27;[38;5;32m[XCUITestDriver@c19b]&amp#27;[0m Matched '/session/cd4a3e3d-09ca-4d4a-a856-a78ca81d9676/element/2B010000-0000-0000-C27E-000000000000/click' to command name 'click'
[debug] &amp#27;[38;5;32m[XCUITestDriver@c19b]&amp#27;[0m Proxying [POST /session/cd4a3e3d-09ca-4d4a-a856-a78ca81d9676/element/2B010000-0000-0000-C27E-000000000000/click] to [POST http://127.0.0.1:8100/session/0CB8DFF6-8046-4B09-B118-589ABD5DD86B/element/2B010000-0000-0000-C27E-000000000000/click] with body: {"id":"2B010000-0000-0000-C27E-000000000000"}
[debug] &amp#27;[38;5;32m[XCUITestDriver@c19b]&amp#27;[0m Got response with status 200: {"value":null,"sessionId":"0CB8DFF6-8046-4B09-B118-589ABD5DD86B"}
&amp#27;[38;5;32m[XCUITestDriver@c19b]&amp#27;[0m Replacing sessionId 0CB8DFF6-8046-4B09-B118-589ABD5DD86B with cd4a3e3d-09ca-4d4a-a856-a78ca81d9676
&amp#27;[38;5;0m[HTTP]&amp#27;[0m <-- POST /session/cd4a3e3d-09ca-4d4a-a856-a78ca81d9676/element/2B010000-0000-0000-C27E-000000000000/click 200 1013 ms - 65 
&amp#27;[38;5;0m[HTTP]&amp#27;[0m &amp#27;[37m-->&amp#27;[39m &amp#27;[37mGET&amp#27;[39m &amp#27;[37m/session/cd4a3e3d-09ca-4d4a-a856-a78ca81d9676/context&amp#27;[39m {}
[debug] &amp#27;[38;5;32m[XCUITestDriver@c19b]&amp#27;[0m Calling AppiumDriver.getCurrentContext() with args: ["cd4a3e3d-09ca-4d4a-a856-a78ca81d9676"]
[debug] &amp#27;[38;5;32m[XCUITestDriver@c19b]&amp#27;[0m Executing command 'getCurrentContext'
[debug] &amp#27;[38;5;32m[XCUITestDriver@c19b]&amp#27;[0m Responding to client with driver.getCurrentContext() result: "NATIVE_APP"
&amp#27;[38;5;0m[HTTP]&amp#27;[0m <-- GET /session/cd4a3e3d-09ca-4d4a-a856-a78ca81d9676/context 200 1 ms - 22 
&amp#27;[38;5;0m[HTTP]&amp#27;[0m &amp#27;[37m-->&amp#27;[39m &amp#27;[37mPOST&amp#27;[39m &amp#27;[37m/session/cd4a3e3d-09ca-4d4a-a856-a78ca81d9676/element&amp#27;[39m {"using":"-ios predicate string","value":"type=='XCUIElementTypeStaticText' AND value=='Confirm / Cancel'"}
[debug] &amp#27;[38;5;32m[XCUITestDriver@c19b]&amp#27;[0m Calling AppiumDriver.findElement() with args: ["-ios predicate string","type=='XCUIElementTypeStaticText' AND value=='Confirm / Cancel'","cd4a3e3d-09ca-4d4a-a856-a78ca81d9676"]
[debug] &amp#27;[38;5;32m[XCUITestDriver@c19b]&amp#27;[0m Executing command 'findElement'
[debug] &amp#27;[38;5;32m[XCUITestDriver@c19b]&amp#27;[0m Valid locator strategies for this request: xpath, id, name, class name, -ios predicate string, -ios class chain, accessibility id, css selector
[debug] &amp#27;[38;5;32m[XCUITestDriver@c19b]&amp#27;[0m Waiting up to 10000 ms for condition
[debug] &amp#27;[38;5;32m[XCUITestDriver@c19b]&amp#27;[0m Matched '/element' to command name 'findElement'
[debug] &amp#27;[38;5;32m[XCUITestDriver@c19b]&amp#27;[0m Proxying [POST /element] to [POST http://127.0.0.1:8100/session/0CB8DFF6-8046-4B09-B118-589ABD5DD86B/element] with body: {"using":"predicate string","value":"type=='XCUIElementTypeStaticText' AND value=='Confirm / Cancel'"}
[debug] &amp#27;[38;5;32m[XCUITestDriver@c19b]&amp#27;[0m Got response with status 200: {"value":{"ELEMENT":"C5000000-0000-0000-C27E-000000000000","element-6066-11e4-a52e-4f735466cecf":"C5000000-0000-0000-C27E-000000000000"},"sessionId":"0CB8DFF6-8046-4B09-B118-589ABD5DD86B"}
[debug] &amp#27;[38;5;32m[XCUITestDriver@c19b]&amp#27;[0m Responding to client with driver.findElement() result: {"element-6066-11e4-a52e-4f735466cecf":"C5000000-0000-0000-C27E-000000000000","ELEMENT":"C5000000-0000-0000-C27E-000000000000"}
&amp#27;[38;5;0m[HTTP]&amp#27;[0m <-- POST /session/cd4a3e3d-09ca-4d4a-a856-a78ca81d9676/element 200 202 ms - 137 
&amp#27;[38;5;0m[HTTP]&amp#27;[0m &amp#27;[37m-->&amp#27;[39m &amp#27;[37mPOST&amp#27;[39m &amp#27;[37m/session/cd4a3e3d-09ca-4d4a-a856-a78ca81d9676/element/C5000000-0000-0000-C27E-000000000000/click&amp#27;[39m {"id":"C5000000-0000-0000-C27E-000000000000"}
&amp#27;[38;5;32m[XCUITestDriver@c19b]&amp#27;[0m Driver proxy active, passing request on via HTTP proxy
[debug] &amp#27;[38;5;32m[XCUITestDriver@c19b]&amp#27;[0m Executing command 'proxyReqRes'
[debug] &amp#27;[38;5;32m[XCUITestDriver@c19b]&amp#27;[0m Matched '/session/cd4a3e3d-09ca-4d4a-a856-a78ca81d9676/element/C5000000-0000-0000-C27E-000000000000/click' to command name 'click'
[debug] &amp#27;[38;5;32m[XCUITestDriver@c19b]&amp#27;[0m Proxying [POST /session/cd4a3e3d-09ca-4d4a-a856-a78ca81d9676/element/C5000000-0000-0000-C27E-000000000000/click] to [POST http://127.0.0.1:8100/session/0CB8DFF6-8046-4B09-B118-589ABD5DD86B/element/C5000000-0000-0000-C27E-000000000000/click] with body: {"id":"C5000000-0000-0000-C27E-000000000000"}
[debug] &amp#27;[38;5;32m[XCUITestDriver@c19b]&amp#27;[0m Got response with status 200: {"value":null,"sessionId":"0CB8DFF6-8046-4B09-B118-589ABD5DD86B"}
&amp#27;[38;5;32m[XCUITestDriver@c19b]&amp#27;[0m Replacing sessionId 0CB8DFF6-8046-4B09-B118-589ABD5DD86B with cd4a3e3d-09ca-4d4a-a856-a78ca81d9676
&amp#27;[38;5;0m[HTTP]&amp#27;[0m <-- POST /session/cd4a3e3d-09ca-4d4a-a856-a78ca81d9676/element/C5000000-0000-0000-C27E-000000000000/click 200 825 ms - 65 
&amp#27;[38;5;0m[HTTP]&amp#27;[0m &amp#27;[37m-->&amp#27;[39m &amp#27;[37mGET&amp#27;[39m &amp#27;[37m/session/cd4a3e3d-09ca-4d4a-a856-a78ca81d9676/context&amp#27;[39m {}
[debug] &amp#27;[38;5;32m[XCUITestDriver@c19b]&amp#27;[0m Calling AppiumDriver.getCurrentContext() with args: ["cd4a3e3d-09ca-4d4a-a856-a78ca81d9676"]
[debug] &amp#27;[38;5;32m[XCUITestDriver@c19b]&amp#27;[0m Executing command 'getCurrentContext'
[debug] &amp#27;[38;5;32m[XCUITestDriver@c19b]&amp#27;[0m Responding to client with driver.getCurrentContext() result: "NATIVE_APP"
&amp#27;[38;5;0m[HTTP]&amp#27;[0m <-- GET /session/cd4a3e3d-09ca-4d4a-a856-a78ca81d9676/context 200 2 ms - 22 
&amp#27;[38;5;0m[HTTP]&amp#27;[0m &amp#27;[37m-->&amp#27;[39m &amp#27;[37mPOST&amp#27;[39m &amp#27;[37m/session/cd4a3e3d-09ca-4d4a-a856-a78ca81d9676/element&amp#27;[39m {"using":"-ios predicate string","value":"value BEGINSWITH[c] 'A message' AND type=='XCUIElementTypeStaticText'"}
[debug] &amp#27;[38;5;32m[XCUITestDriver@c19b]&amp#27;[0m Calling AppiumDriver.findElement() with args: ["-ios predicate string","value BEGINSWITH[c] 'A message' AND type=='XCUIElementTypeStaticText'","cd4a3e3d-09ca-4d4a-a856-a78ca81d9676"]
[debug] &amp#27;[38;5;32m[XCUITestDriver@c19b]&amp#27;[0m Executing command 'findElement'
[debug] &amp#27;[38;5;32m[XCUITestDriver@c19b]&amp#27;[0m Valid locator strategies for this request: xpath, id, name, class name, -ios predicate string, -ios class chain, accessibility id, css selector
[debug] &amp#27;[38;5;32m[XCUITestDriver@c19b]&amp#27;[0m Waiting up to 10000 ms for condition
[debug] &amp#27;[38;5;32m[XCUITestDriver@c19b]&amp#27;[0m Matched '/element' to command name 'findElement'
[debug] &amp#27;[38;5;32m[XCUITestDriver@c19b]&amp#27;[0m Proxying [POST /element] to [POST http://127.0.0.1:8100/session/0CB8DFF6-8046-4B09-B118-589ABD5DD86B/element] with body: {"using":"predicate string","value":"value BEGINSWITH[c] 'A message' AND type=='XCUIElementTypeStaticText'"}
[debug] &amp#27;[38;5;32m[XCUITestDriver@c19b]&amp#27;[0m Got response with status 200: {"value":{"ELEMENT":"5F010000-0000-0000-C27E-000000000000","element-6066-11e4-a52e-4f735466cecf":"5F010000-0000-0000-C27E-000000000000"},"sessionId":"0CB8DFF6-8046-4B09-B118-589ABD5DD86B"}
[debug] &amp#27;[38;5;32m[XCUITestDriver@c19b]&amp#27;[0m Responding to client with driver.findElement() result: {"element-6066-11e4-a52e-4f735466cecf":"5F010000-0000-0000-C27E-000000000000","ELEMENT":"5F010000-0000-0000-C27E-000000000000"}
&amp#27;[38;5;0m[HTTP]&amp#27;[0m <-- POST /session/cd4a3e3d-09ca-4d4a-a856-a78ca81d9676/element 200 485 ms - 137 
&amp#27;[38;5;0m[HTTP]&amp#27;[0m &amp#27;[37m-->&amp#27;[39m &amp#27;[37mGET&amp#27;[39m &amp#27;[37m/session/cd4a3e3d-09ca-4d4a-a856-a78ca81d9676/element/5F010000-0000-0000-C27E-000000000000/text&amp#27;[39m {}
&amp#27;[38;5;32m[XCUITestDriver@c19b]&amp#27;[0m Driver proxy active, passing request on via HTTP proxy
[debug] &amp#27;[38;5;32m[XCUITestDriver@c19b]&amp#27;[0m Executing command 'proxyReqRes'
[debug] &amp#27;[38;5;32m[XCUITestDriver@c19b]&amp#27;[0m Matched '/session/cd4a3e3d-09ca-4d4a-a856-a78ca81d9676/element/5F010000-0000-0000-C27E-000000000000/text' to command name 'getText'
[debug] &amp#27;[38;5;32m[XCUITestDriver@c19b]&amp#27;[0m Proxying [GET /session/cd4a3e3d-09ca-4d4a-a856-a78ca81d9676/element/5F010000-0000-0000-C27E-000000000000/text] to [GET http://127.0.0.1:8100/session/0CB8DFF6-8046-4B09-B118-589ABD5DD86B/element/5F010000-0000-0000-C27E-000000000000/text] with no body
[debug] &amp#27;[38;5;32m[XCUITestDriver@c19b]&amp#27;[0m Got response with status 200: {"value":"A message should be a short, complete sentence.","sessionId":"0CB8DFF6-8046-4B09-B118-589ABD5DD86B"}
&amp#27;[38;5;32m[XCUITestDriver@c19b]&amp#27;[0m Replacing sessionId 0CB8DFF6-8046-4B09-B118-589ABD5DD86B with cd4a3e3d-09ca-4d4a-a856-a78ca81d9676
&amp#27;[38;5;0m[HTTP]&amp#27;[0m <-- GET /session/cd4a3e3d-09ca-4d4a-a856-a78ca81d9676/element/5F010000-0000-0000-C27E-000000000000/text 200 134 ms - 110 
&amp#27;[38;5;0m[HTTP]&amp#27;[0m &amp#27;[37m-->&amp#27;[39m &amp#27;[37mGET&amp#27;[39m &amp#27;[37m/session/cd4a3e3d-09ca-4d4a-a856-a78ca81d9676/context&amp#27;[39m {}
[debug] &amp#27;[38;5;32m[XCUITestDriver@c19b]&amp#27;[0m Calling AppiumDriver.getCurrentContext() with args: ["cd4a3e3d-09ca-4d4a-a856-a78ca81d9676"]
[debug] &amp#27;[38;5;32m[XCUITestDriver@c19b]&amp#27;[0m Executing command 'getCurrentContext'
[debug] &amp#27;[38;5;32m[XCUITestDriver@c19b]&amp#27;[0m Responding to client with driver.getCurrentContext() result: "NATIVE_APP"
&amp#27;[38;5;0m[HTTP]&amp#27;[0m <-- GET /session/cd4a3e3d-09ca-4d4a-a856-a78ca81d9676/context 200 1 ms - 22 
&amp#27;[38;5;0m[HTTP]&amp#27;[0m &amp#27;[37m-->&amp#27;[39m &amp#27;[37mPOST&amp#27;[39m &amp#27;[37m/session/cd4a3e3d-09ca-4d4a-a856-a78ca81d9676/element&amp#27;[39m {"using":"-ios predicate string","value":"label == 'Confirm'"}
[debug] &amp#27;[38;5;32m[XCUITestDriver@c19b]&amp#27;[0m Calling AppiumDriver.findElement() with args: ["-ios predicate string","label == 'Confirm'","cd4a3e3d-09ca-4d4a-a856-a78ca81d9676"]
[debug] &amp#27;[38;5;32m[XCUITestDriver@c19b]&amp#27;[0m Executing command 'findElement'
[debug] &amp#27;[38;5;32m[XCUITestDriver@c19b]&amp#27;[0m Valid locator strategies for this request: xpath, id, name, class name, -ios predicate string, -ios class chain, accessibility id, css selector
[debug] &amp#27;[38;5;32m[XCUITestDriver@c19b]&amp#27;[0m Waiting up to 10000 ms for condition
[debug] &amp#27;[38;5;32m[XCUITestDriver@c19b]&amp#27;[0m Matched '/element' to command name 'findElement'
[debug] &amp#27;[38;5;32m[XCUITestDriver@c19b]&amp#27;[0m Proxying [POST /element] to [POST http://127.0.0.1:8100/session/0CB8DFF6-8046-4B09-B118-589ABD5DD86B/element] with body: {"using":"predicate string","value":"label == 'Confirm'"}
[debug] &amp#27;[38;5;32m[XCUITestDriver@c19b]&amp#27;[0m Got response with status 200: {"value":{"ELEMENT":"60010000-0000-0000-C27E-000000000000","element-6066-11e4-a52e-4f735466cecf":"60010000-0000-0000-C27E-000000000000"},"sessionId":"0CB8DFF6-8046-4B09-B118-589ABD5DD86B"}
[debug] &amp#27;[38;5;32m[XCUITestDriver@c19b]&amp#27;[0m Responding to client with driver.findElement() result: {"element-6066-11e4-a52e-4f735466cecf":"60010000-0000-0000-C27E-000000000000","ELEMENT":"60010000-0000-0000-C27E-000000000000"}
&amp#27;[38;5;0m[HTTP]&amp#27;[0m <-- POST /session/cd4a3e3d-09ca-4d4a-a856-a78ca81d9676/element 200 263 ms - 137 
&amp#27;[38;5;0m[HTTP]&amp#27;[0m &amp#27;[37m-->&amp#27;[39m &amp#27;[37mPOST&amp#27;[39m &amp#27;[37m/session/cd4a3e3d-09ca-4d4a-a856-a78ca81d9676/element/60010000-0000-0000-C27E-000000000000/click&amp#27;[39m {"id":"60010000-0000-0000-C27E-000000000000"}
&amp#27;[38;5;32m[XCUITestDriver@c19b]&amp#27;[0m Driver proxy active, passing request on via HTTP proxy
[debug] &amp#27;[38;5;32m[XCUITestDriver@c19b]&amp#27;[0m Executing command 'proxyReqRes'
[debug] &amp#27;[38;5;32m[XCUITestDriver@c19b]&amp#27;[0m Matched '/session/cd4a3e3d-09ca-4d4a-a856-a78ca81d9676/element/60010000-0000-0000-C27E-000000000000/click' to command name 'click'
[debug] &amp#27;[38;5;32m[XCUITestDriver@c19b]&amp#27;[0m Proxying [POST /session/cd4a3e3d-09ca-4d4a-a856-a78ca81d9676/element/60010000-0000-0000-C27E-000000000000/click] to [POST http://127.0.0.1:8100/session/0CB8DFF6-8046-4B09-B118-589ABD5DD86B/element/60010000-0000-0000-C27E-000000000000/click] with body: {"id":"60010000-0000-0000-C27E-000000000000"}
[debug] &amp#27;[38;5;32m[XCUITestDriver@c19b]&amp#27;[0m Got response with status 200: {"value":null,"sessionId":"0CB8DFF6-8046-4B09-B118-589ABD5DD86B"}
&amp#27;[38;5;32m[XCUITestDriver@c19b]&amp#27;[0m Replacing sessionId 0CB8DFF6-8046-4B09-B118-589ABD5DD86B with cd4a3e3d-09ca-4d4a-a856-a78ca81d9676
&amp#27;[38;5;0m[HTTP]&amp#27;[0m <-- POST /session/cd4a3e3d-09ca-4d4a-a856-a78ca81d9676/element/60010000-0000-0000-C27E-000000000000/click 200 805 ms - 65 
]]></system-out>
  </testcase>
</testsuite>