<?xml version="1.0" encoding="UTF-8"?>
<!-- Generated by org.testng.reporters.JUnitReportReporter -->
<testsuite hostname="users-MacBook-Pro.local" failures="0" tests="1" name="org.dandytech.E_Commerce_tc_4_Hybrid" time="33.374" errors="0" timestamp="2024-07-21T18:13:44 WAT" skipped="0">
  <testcase classname="org.dandytech.E_Commerce_tc_4_Hybrid" name="FillForm" time="33.374"/>
</testsuite> <!-- org.dandytech.E_Commerce_tc_4_Hybrid -->
