<?xml version="1.0" encoding="UTF-8"?>
<!-- Generated by org.testng.reporters.JUnitReportReporter -->
<testsuite hostname="users-MacBook-Pro.local" failures="0" tests="2" name="org.dandytech.E_Commerce_tc_1" time="30.768" errors="0" timestamp="2024-07-22T11:11:59 WAT" skipped="0">
  <testcase classname="org.dandytech.E_Commerce_tc_1" name="FillForm_ErrorValidation" time="15.886"/>
  <testcase classname="org.dandytech.E_Commerce_tc_1" name="FillForm_PositiveFlow" time="14.882"/>
</testsuite> <!-- org.dandytech.E_Commerce_tc_1 -->
