<?xml version="1.0" encoding="UTF-8"?>
<!-- Generated by org.testng.reporters.JUnitReportReporter -->
<testsuite hostname="users-MacBook-Pro.local" failures="0" tests="2" name="org.dandytech.E_Commerce_tc_1" time="29.678" errors="0" timestamp="2024-07-21T17:41:21 WAT" skipped="0">
  <testcase classname="org.dandytech.E_Commerce_tc_1" name="FillForm_ErrorValidation" time="14.742"/>
  <testcase classname="org.dandytech.E_Commerce_tc_1" name="FillForm_PositiveFlow" time="14.936"/>
</testsuite> <!-- org.dandytech.E_Commerce_tc_1 -->
