<?xml version="1.0" encoding="UTF-8"?>
<!-- Generated by org.testng.reporters.JUnitReportReporter -->
<testsuite hostname="users-MacBook-Pro.local" failures="0" tests="1" name="org.dandytech.IOSBasics" time="8.709" errors="0" timestamp="2024-07-21T17:41:21 WAT" skipped="0">
  <testcase classname="org.dandytech.IOSBasics" name="IOSBasicsTest" time="8.709"/>
</testsuite> <!-- org.dandytech.IOSBasics -->
