<?xml version="1.0" encoding="UTF-8"?>
<!-- Generated by org.testng.reporters.JUnitReportReporter -->
<testsuite hostname="users-MacBook-Pro.local" failures="0" tests="1" name="org.dandytech.IOSBasics" time="10.176" errors="0" timestamp="2024-07-22T09:37:32 WAT" skipped="0">
  <testcase classname="org.dandytech.IOSBasics" name="IOSBasicsTest" time="10.176"/>
</testsuite> <!-- org.dandytech.IOSBasics -->
